<?xml version="1.0" encoding="UTF-8" ?>
<testsuite errors="0" failures="0" name="com.touchclarity.datalogger.controller.Server2Test" tests="10" time="82.141">
  <properties>
    <property name="unit.test.module.results.html.dir" value="../build/output/junit-html/datalogger"></property>
    <property name="file.encoding.pkg" value="sun.io"></property>
    <property name="env.PROMPT" value="$P$G"></property>
    <property name="default.platform" value="32bit"></property>
    <property name="ant.file.third.party.dependencies.listed.for.all.modules" value="C:\tcs_build\trunk\build\thirdparty.xml"></property>
    <property name="unit.test.master.results.xml.dir" value="../build/output/junit-xml"></property>
    <property name="java.home" value="C:\Program Files\Java\jdk1.6.0_02\jre"></property>
    <property name="unit.test.module.results.xml.dir" value="../build/output/junit-xml/datalogger"></property>
    <property name="build.pages" value="C:\tcs_build\trunk\datalogger/docroot"></property>
    <property name="wrapper.conf.java.exe.console" value="java"></property>
    <property name="fit.tests" value=".*\.txt"></property>
    <property name="ant.file.common-unit-test" value="C:\tcs_build\trunk\build\common-unit-test.xml"></property>
    <property name="java.endorsed.dirs" value="C:\Program Files\Java\jdk1.6.0_02\jre\lib\endorsed"></property>
    <property name="fit.root.dir" value="cat-tests"></property>
    <property name="build.hour" value="10:23"></property>
    <property name="wrapper.conf.java.exe.cms" value="java"></property>
    <property name="env.USERNAME" value="test"></property>
    <property name="junit.fork.mode" value="perTest"></property>
    <property name="ant.file.common-release" value="C:\tcs_build\trunk\build\common-release.xml"></property>
    <property name="ant.file.init" value="C:\tcs_build\trunk\build\init.xml"></property>
    <property name="deploy.to" value="localhost"></property>
    <property name="build.base" value="C:\tcs_build\trunk\datalogger"></property>
    <property name="stop.on.functional.test.failures" value="false"></property>
    <property name="sun.os.patch.level" value="Service Pack 2"></property>
    <property name="java.vendor.url" value="http://java.sun.com/"></property>
    <property name="env.COMPUTERNAME" value="DEV1"></property>
    <property name="db.login" value="test"></property>
    <property name="func.test.master.results.html.dir" value="../build/output/functional-html"></property>
    <property name="run.unit.tests" value="true"></property>
    <property name="java.version" value="1.6.0_02"></property>
    <property name="db.metadata" value="dev1_metadata"></property>
    <property name="build.summary.file" value="../build/output/build.summary"></property>
    <property name="java.vendor.url.bug" value="http://java.sun.com/cgi-bin/bugreport.cgi"></property>
    <property name="env.USERPROFILE" value="C:\Documents and Settings\test"></property>
    <property name="wrapper.conf.java.exe.scorer" value="javascorer"></property>
    <property name="ant.file.common.build.functionality" value="C:\tcs_build\trunk\build\common.xml"></property>
    <property name="javadoc.dir" value="../build/output/api"></property>
    <property name="func.test.module.results.html.dir" value="../build/output/functional-html/datalogger"></property>
    <property name="env.SystemRoot" value="C:\WINDOWS"></property>
    <property name="junit.results.prefix" value="junit.results"></property>
    <property name="user.name" value="test"></property>
    <property name="svn.server" value="fp/svn/randd"></property>
    <property name="sun.io.unicode.encoding" value="UnicodeLittle"></property>
    <property name="sun.jnu.encoding" value="Cp1252"></property>
    <property name="build.doc" value="C:\tcs_build\trunk\datalogger/doc"></property>
    <property name="java.runtime.name" value="Java(TM) SE Runtime Environment"></property>
    <property name="build.password" value="Build3r"></property>
    <property name="svn.password" value="Build3r"></property>
    <property name="ant.file.common-functional-test" value="C:\tcs_build\trunk\build\common-functional-test.xml"></property>
    <property name="java.specification.name" value="Java Platform API Specification"></property>
    <property name="user.timezone" value=""></property>
    <property name="wrapper.conf.java.exe.lookup" value="java"></property>
    <property name="path.separator" value=";"></property>
    <property name="env.PROCESSOR_IDENTIFIER" value="x86 Family 15 Model 2 Stepping 5, GenuineIntel"></property>
    <property name="env._JAVACMD" value="C:\Program Files\Java\jdk1.6.0_02\bin\java.exe"></property>
    <property name="deploy.conf" value="../build/output/dist/datalogger/localhost/conf"></property>
    <property name="file.encoding" value="Cp1252"></property>
    <property name="env.NUMBER_OF_PROCESSORS" value="4"></property>
    <property name="env.APPDATA" value="C:\Documents and Settings\test\Application Data"></property>
    <property name="ant.file" value="C:\tcs_build\trunk\datalogger\build.xml"></property>
    <property name="build.src" value="C:\tcs_build\trunk\datalogger/src"></property>
    <property name="java.io.tmpdir" value="C:\DOCUME~1\test\LOCALS~1\Temp\1\"></property>
    <property name="TODAY" value="November 1 2007"></property>
    <property name="user.language" value="en"></property>
    <property name="xdoclet.temp" value="../build/output/xdoclettemp"></property>
    <property name="wrapper.conf.java.exe.sync" value="java"></property>
    <property name="env.USERNAME.lowercase" value="test"></property>
    <property name="env.SystemDrive" value="C:"></property>
    <property name="javax.net.ssl.trustStorePassword" value="123456"></property>
    <property name="line.separator" value="
"></property>
    <property name="deploy.log" value="../build/output/dist/datalogger/localhost/log"></property>
    <property name="env.ANT_OPTS" value="-Xmx800M"></property>
    <property name="ant.file.Master build script" value="C:\tcs_build\trunk\build\build.xml"></property>
    <property name="test.report.nothanks" value="true"></property>
    <property name="db.server" value="DEV2"></property>
    <property name="java.vm.info" value="mixed mode"></property>
    <property name="sun.desktop" value="windows"></property>
    <property name="java.vm.specification.name" value="Java Virtual Machine Specification"></property>
    <property name="deploy.root" value="../build/output/dist/datalogger/localhost"></property>
    <property name="env.PATHEXT" value=".COM;.EXE;.BAT;.CMD;.VBS;.VBE;.JS;.JSE;.WSF;.WSH"></property>
    <property name="host" value="DEV1"></property>
    <property name="master.build.output" value="../build/output"></property>
    <property name="build.time" value="1 November 2007 10:23"></property>
    <property name="build.temp" value="C:\tcs_build\trunk\datalogger/temp"></property>
    <property name="build.dist" value="../build/output/dist/datalogger"></property>
    <property name="init.xml.available" value="true"></property>
    <property name="env.LOGONSERVER" value="\\FP"></property>
    <property name="suppress.maxmind.databases" value="true"></property>
    <property name="java.awt.printerjob" value="sun.awt.windows.WPrinterJob"></property>
    <property name="build.date" value="1-Nov-2007"></property>
    <property name="release.number" value="7.0"></property>
    <property name="build.test-support" value="../build/output/build/datalogger/test/support"></property>
    <property name="ant.version" value="Apache Ant version 1.6.5 compiled on June 2 2005"></property>
    <property name="env.USERDOMAIN" value="TOUCHCLARITY0"></property>
    <property name="third.party.libraries" value="../resources/libraries"></property>
    <property name="javax.net.ssl.trustStore" value="trust.keystore"></property>
    <property name="env.PROCESSOR_LEVEL" value="15"></property>
    <property name="svn.username" value="Test"></property>
    <property name="env.windir" value="C:\WINDOWS"></property>
    <property name="wrapper.conf.java.exe.httplookup" value="java"></property>
    <property name="env.CLASSPATH" value=";..\resources\libraries\ant-plugins\ant-contrib-1.0b1.jar;..\resources\libraries\ant-plugins\tc-ant-tasks.jar;..\resources\libraries\ant-plugins\catalina-ant.jar;..\resources\libraries\ant-plugins\ccl.jar;..\resources\libraries\ant-plugins\clover.jar;..\resources\libraries\ant-plugins\cobertura.jar;..\resources\libraries\commons-lang-2.1.jar;..\resources\libraries\commons-logging-1.0.4.jar;..\resources\libraries\ant-plugins\findbugs-ant.jar;..\resources\libraries\ant-plugins\findbugs.jar;..\resources\libraries\ant-plugins\jakarta-regexp-1.3.jar;..\resources\libraries\ant-plugins\javancss.jar;..\resources\libraries\ant-plugins\js-touch-clarity.jar;..\resources\libraries\test\junit-3.8.1.jar;..\resources\libraries\log4j-1.2.7.jar;..\resources\libraries\mail-1.2.jar;..\resources\libraries\ant-plugins\nekohtml-0.7.4.jar;..\resources\libraries\ant-plugins\pmd-1.8.jar;..\resources\libraries\ant-plugins\quietXmlFormatter-0.1.jar;..\resources\libraries\serializer-2.7.0.jar;..\resources\libraries\ant-plugins\svnant.jar;..\resources\libraries\ant-plugins\svnClientAdapter.jar;..\resources\libraries\ant-plugins\svnjavahl.jar;..\resources\libraries\ant-plugins\Tidy.jar;..\resources\libraries\velocity-1.4.jar;..\resources\libraries\xalan-2.7.0.jar;..\resources\libraries\ant-plugins\xdoclet-1.2.3.jar;..\resources\libraries\ant-plugins\xdoclet-hibernate-module-1.2.3.jar;..\resources\libraries\ant-plugins\xdoclet-jmx-module-1.2.3.jar;..\resources\libraries\ant-plugins\xdoclet-mx4j-module-1.2.3.jar;..\resources\libraries\ant-plugins\xdoclet-xdoclet-module-1.2.3.jar;..\resources\libraries\ant-plugins\xjavadoc-1.5-snapshot050611.jar"></property>
    <property name="os.name" value="Windows 2003"></property>
    <property name="servicewrapper.conffile" value="wrapper.conf"></property>
    <property name="java.specification.vendor" value="Sun Microsystems Inc."></property>
    <property name="func.test.module.results.xml.dir" value="../build/output/functional-xml/datalogger"></property>
    <property name="env.TMP" value="C:\DOCUME~1\test\LOCALS~1\Temp\1"></property>
    <property name="java.vm.name" value="Java HotSpot(TM) Server VM"></property>
    <property name="env.OS" value="Windows_NT"></property>
    <property name="java.library.path" value="C:\Program Files\Java\jdk1.6.0_02\jre\bin;.;C:\WINDOWS\Sun\Java\bin;C:\WINDOWS\system32;C:\WINDOWS;C:\WINDOWS\system32;C:\WINDOWS;C:\WINDOWS\System32\Wbem;C:\ruby-1.8.4\bin;C:\Program Files\Java\jdk1.6.0_02\bin;C:\Program Files\Subversion-1.3.0\bin;c:\ant\bin;C:\Program Files\Microsoft SQL Server\80\Tools\BINN"></property>
    <property name="ant.java.version" value="1.5"></property>
    <property name="findbugs.home" value="C:\tcs_build\trunk\build\tools\findbugs-1.2.1"></property>
    <property name="run.unit.tests.true" value="true"></property>
    <property name="basedir" value="C:\tcs_build\trunk\datalogger"></property>
    <property name="java.class.version" value="50.0"></property>
    <property name="build.username" value="Test"></property>
    <property name="ant.home" value="C:\tcs_build\trunk\build\tools\ant"></property>
    <property name="javadoc.temp" value="javadocTemp"></property>
    <property name="test.failed" value="true"></property>
    <property name="env.Path" value="C:\WINDOWS\system32;C:\WINDOWS;C:\WINDOWS\System32\Wbem;C:\ruby-1.8.4\bin;C:\Program Files\Java\jdk1.6.0_02\bin;C:\Program Files\Subversion-1.3.0\bin;c:\ant\bin;C:\Program Files\Microsoft SQL Server\80\Tools\BINN"></property>
    <property name="junit.timeout" value="120000"></property>
    <property name="fit.browser" value="firefox"></property>
    <property name="build.lib" value="../resources/libraries"></property>
    <property name="log4j.configuration" value="log4j.test.properties"></property>
    <property name="jvmargs" value="-server -Xss1m -Xmx800m -Duser.language=en -Duser.region=EN -Dfindbugs.home=C:\tcs_build\trunk\build\tools\findbugs-1.2.1"></property>
    <property name="wrapper.conf.java.exe.builder" value="javabuilder"></property>
    <property name="env.HOMEDRIVE" value="C:"></property>
    <property name="func.test.master.results.xml.dir" value="../build/output/functional-xml"></property>
    <property name="net.sourceforge.cobertura.datafile" value="C:\tcs_build\trunk\build\output\build\datalogger\test\cobertura.ser"></property>
    <property name="ant.file.datalogger" value="C:\tcs_build\trunk\datalogger\build.xml"></property>
    <property name="sun.boot.library.path" value="C:\Program Files\Java\jdk1.6.0_02\jre\bin"></property>
    <property name="env.PROCESSOR_REVISION" value="0205"></property>
    <property name="sun.management.compiler" value="HotSpot Server Compiler"></property>
    <property name="java.awt.graphicsenv" value="sun.awt.Win32GraphicsEnvironment"></property>
    <property name="user.variant" value=""></property>
    <property name="build.mappings" value="C:\tcs_build\trunk\datalogger/mappings"></property>
    <property name="depends.on" value="shared, dataextractor, cms, loggingdata, digitalenvoy"></property>
    <property name="fit.host" value="DEV1"></property>
    <property name="ant.project.name" value="datalogger"></property>
    <property name="ant.file.shared-build" value="C:\tcs_build\trunk\build\shared.xml"></property>
    <property name="java.vm.specification.version" value="1.0"></property>
    <property name="resources.dir" value="../resources"></property>
    <property name="awt.toolkit" value="sun.awt.windows.WToolkit"></property>
    <property name="sun.cpu.isalist" value=""></property>
    <property name="java.ext.dirs" value="C:\Program Files\Java\jdk1.6.0_02\jre\lib\ext;C:\WINDOWS\Sun\Java\lib\ext"></property>
    <property name="test.timeout.functional" value="2400000"></property>
    <property name="os.version" value="5.2"></property>
    <property name="build.test-compile" value="../build/output/build/datalogger/test/compiled"></property>
    <property name="user.home" value="C:\Documents and Settings\test"></property>
    <property name="run.functional.tests" value="false"></property>
    <property name="java.vm.vendor" value="Sun Microsystems Inc."></property>
    <property name="build.scripts.dir" value="../build"></property>
    <property name="perform.system.exits" value="false"></property>
    <property name="env.USERDNSDOMAIN" value="TOUCHCLARITY.COM"></property>
    <property name="stop.on.unit.test.failures" value="false"></property>
    <property name="env.JAVA_HOME" value="C:\Program Files\Java\jdk1.6.0_02"></property>
    <property name="env.__COMPAT_LAYER" value="DisableNXShowUI "></property>
    <property name="user.dir" value="C:\tcs_build\trunk\build\output\junit-xml\datalogger"></property>
    <property name="env.APR_ICONV_PATH" value="C:\Program Files\Subversion-1.3.0\iconv"></property>
    <property name="wrapper.conf.java.exe.httpconsole" value="java"></property>
    <property name="env.FP_NO_HOST_CHECK" value="NO"></property>
    <property name="master.build.config" value="../build/config"></property>
    <property name="env._USE_CLASSPATH" value="yes"></property>
    <property name="sun.cpu.endian" value="little"></property>
    <property name="servicewrapper.httpconffile" value="httpwrapper.conf"></property>
    <property name="env.ALLUSERSPROFILE" value="C:\Documents and Settings\All Users"></property>
    <property name="wrapper.conf.java.exe.logger" value="javalogger"></property>
    <property name="wrapper.conf.java.exe.filecharger" value="java"></property>
    <property name="branch" value="trunk"></property>
    <property name="build.deploy" value="C:\tcs_build\trunk\datalogger/deploy"></property>
    <property name="env.PROCESSOR_ARCHITECTURE" value="x86"></property>
    <property name="java.vm.version" value="1.6.0_02-b05"></property>
    <property name="env.HOMEPATH" value="\Documents and Settings\test"></property>
    <property name="java.class.path" value="C:\tcs_build\trunk\resources\libraries\reggie-dl.jar;C:\tcs_build\trunk\resources\libraries\test\easymock-2.0.jar;C:\tcs_build\trunk\resources\libraries\test\easymockclassextension.jar;C:\tcs_build\trunk\resources\libraries\test\junit-3.8.1.jar;C:\tcs_build\trunk\resources\libraries\test\junitperf-1.9.1.jar;C:\tcs_build\trunk\resources\libraries\test\spring-mock-2.0.6.jar;C:\tcs_build\trunk\resources\libraries\xmlunit1.0.jar;C:\tcs_build\trunk\build\output\build\datalogger\test\cms-tests.jar;C:\tcs_build\trunk\build\output\build\datalogger\test\dataextractor-tests.jar;C:\tcs_build\trunk\build\output\build\datalogger\test\datalogger-tests.jar;C:\tcs_build\trunk\build\output\build\datalogger\test\digitalenvoy-tests.jar;C:\tcs_build\trunk\build\output\build\datalogger\test\loggingdata-tests.jar;C:\tcs_build\trunk\build\output\build\datalogger\test\shared-tests.jar;C:\tcs_build\trunk\datalogger;C:\tcs_build\trunk\resources\libraries\JSQLConnect.jar;C:\tcs_build\trunk\resources\libraries\colt.jar;C:\tcs_build\trunk\resources\libraries\concurrent.jar;C:\tcs_build\trunk\resources\libraries\jdom-1.0-jaxen-core.jar;C:\tcs_build\trunk\resources\libraries\jdom-1.0-jaxen-jdom.jar;C:\tcs_build\trunk\resources\libraries\jdom-1.0-saxpath.jar;C:\tcs_build\trunk\resources\libraries\jdom-1.0.jar;C:\tcs_build\trunk\resources\libraries\jini-core.jar;C:\tcs_build\trunk\resources\libraries\jini-ext.jar;C:\tcs_build\trunk\resources\libraries\log4j-1.2.7.jar;C:\tcs_build\trunk\resources\libraries\mail-1.2.jar;C:\tcs_build\trunk\resources\libraries\mx4j.jar;C:\tcs_build\trunk\resources\libraries\reggie.jar;C:\tcs_build\trunk\resources\libraries\saxon8-dom.jar;C:\tcs_build\trunk\resources\libraries\saxon8.jar;C:\tcs_build\trunk\resources\libraries\servlet-api.jar;C:\tcs_build\trunk\resources\libraries\snowball-2.0.0.jar;C:\tcs_build\trunk\resources\libraries\spring-2.0.6.jar;C:\tcs_build\trunk\resources\libraries\sun-util.jar;C:\tcs_build\trunk\resources\libraries\wrapper.jar;C:\tcs_build\trunk\resources\libraries\xstream-1.2.2.jar;C:\tcs_build\trunk\resources\libraries\activation.jar;C:\tcs_build\trunk\resources\libraries\acegi-security-1.0.0.jar;C:\tcs_build\trunk\resources\libraries\antlr-2.7.5H3.jar;C:\tcs_build\trunk\resources\libraries\asm-1.5.3.jar;C:\tcs_build\trunk\resources\libraries\bsh-2.0b4.jar;C:\tcs_build\trunk\resources\libraries\cglib-2.1.jar;C:\tcs_build\trunk\resources\libraries\commons-codec-1.3.jar;C:\tcs_build\trunk\resources\libraries\commons-collections-3.1.jar;C:\tcs_build\trunk\resources\libraries\commons-logging-1.0.4.jar;C:\tcs_build\trunk\resources\libraries\commons-pool-1.3.jar;C:\tcs_build\trunk\resources\libraries\dom4j-1.6.1.jar;C:\tcs_build\trunk\resources\libraries\hibernate3.jar;C:\tcs_build\trunk\resources\libraries\jdbc2_0-stdext.jar;C:\tcs_build\trunk\resources\libraries\jgroups.jar;C:\tcs_build\trunk\resources\libraries\jini-tools.jar;C:\tcs_build\trunk\resources\libraries\jta.jar;C:\tcs_build\trunk\resources\libraries\mx4j-impl.jar;C:\tcs_build\trunk\resources\libraries\mx4j-jmx.jar;C:\tcs_build\trunk\resources\libraries\mx4j-remote.jar;C:\tcs_build\trunk\resources\libraries\mx4j-tools.jar;C:\tcs_build\trunk\resources\libraries\serializer-2.7.0.jar;C:\tcs_build\trunk\resources\libraries\servlet.jar;C:\tcs_build\trunk\resources\libraries\velocity-1.4.jar;C:\tcs_build\trunk\resources\libraries\xalan-2.7.0.jar;C:\tcs_build\trunk\resources\libraries\xercesImpl.jar;C:\tcs_build\trunk\resources\libraries\xml-apis.jar;C:\tcs_build\trunk\resources\libraries\commons-lang-2.1.jar;C:\tcs_build\trunk\resources\libraries\maxmindgeoip-1.1.8.jar;C:\tcs_build\trunk\resources\libraries\tools.jar;C:\tcs_build\trunk\datalogger\lib\cms.jar;C:\tcs_build\trunk\datalogger\lib\dataextractor.jar;C:\tcs_build\trunk\datalogger\lib\digitalenvoy.jar;C:\tcs_build\trunk\datalogger\lib\loggingdata.jar;C:\tcs_build\trunk\datalogger\lib\shared.jar;C:\tcs_build\trunk\datalogger\lib\snmpserver.jar;C:\tcs_build\trunk\build\output\dist\datalogger\datalogger.jar;C:\tcs_build\trunk\build\output\build\datalogger\test\compiled;C:\tcs_build\trunk\resources\libraries\ant-plugins\ant-contrib-1.0b1.jar;C:\tcs_build\trunk\resources\libraries\ant-plugins\tc-ant-tasks.jar;C:\tcs_build\trunk\resources\libraries\ant-plugins\catalina-ant.jar;C:\tcs_build\trunk\resources\libraries\ant-plugins\ccl.jar;C:\tcs_build\trunk\resources\libraries\ant-plugins\clover.jar;C:\tcs_build\trunk\resources\libraries\ant-plugins\cobertura.jar;C:\tcs_build\trunk\resources\libraries\ant-plugins\jakarta-regexp-1.3.jar;C:\tcs_build\trunk\resources\libraries\ant-plugins\javancss.jar;C:\tcs_build\trunk\resources\libraries\ant-plugins\js-touch-clarity.jar;C:\tcs_build\trunk\resources\libraries\ant-plugins\nekohtml-0.7.4.jar;C:\tcs_build\trunk\resources\libraries\ant-plugins\pmd-1.8.jar;C:\tcs_build\trunk\resources\libraries\ant-plugins\quietXmlFormatter-0.1.jar;C:\tcs_build\trunk\resources\libraries\ant-plugins\svnant.jar;C:\tcs_build\trunk\resources\libraries\ant-plugins\svnClientAdapter.jar;C:\tcs_build\trunk\resources\libraries\ant-plugins\svnjavahl.jar;C:\tcs_build\trunk\resources\libraries\ant-plugins\Tidy.jar;C:\tcs_build\trunk\resources\libraries\ant-plugins\xdoclet-1.2.3.jar;C:\tcs_build\trunk\resources\libraries\ant-plugins\xdoclet-hibernate-module-1.2.3.jar;C:\tcs_build\trunk\resources\libraries\ant-plugins\xdoclet-jmx-module-1.2.3.jar;C:\tcs_build\trunk\resources\libraries\ant-plugins\xdoclet-mx4j-module-1.2.3.jar;C:\tcs_build\trunk\resources\libraries\ant-plugins\xdoclet-xdoclet-module-1.2.3.jar;C:\tcs_build\trunk\resources\libraries\ant-plugins\xjavadoc-1.5-snapshot050611.jar;C:\tcs_build\trunk\build\tools\ant\lib\ant-launcher.jar;C:\tcs_build\trunk\build\tools\ant\lib\ant.jar;C:\tcs_build\trunk\build\tools\ant\lib\ant-junit.jar"></property>
    <property name="DSTAMP" value="20071101"></property>
    <property name="ant.library.dir" value="C:\tcs_build\trunk\build\tools\ant\lib"></property>
    <property name="modules" value="tools,shared,dataextractor,cms,warehouse,digitalenvoy,web,cat,loggingdata,filecharger,modeller,datalogger,loggerscorer,extranet,console,simulateddata,lookup,mole,acceptancetests,reasonforserve,requestplayer,databases,functionaltests,offlinedataimporter"></property>
    <property name="os.arch" value="x86"></property>
    <property name="env.SESSIONNAME" value="RDP-Tcp#1"></property>
    <property name="sun.java.launcher" value="SUN_STANDARD"></property>
    <property name="env.CommonProgramFiles" value="C:\Program Files\Common Files"></property>
    <property name="built.on" value="DEV1"></property>
    <property name="findbugs.output" value="C:\tcs_build\trunk\datalogger\doc\findbugs"></property>
    <property name="build.functional" value="C:\tcs_build\trunk\datalogger/functional"></property>
    <property name="databases.dir" value="../databases"></property>
    <property name="env.ProgramFiles" value="C:\Program Files"></property>
    <property name="module" value="datalogger"></property>
    <property name="java.vm.specification.vendor" value="Sun Microsystems Inc."></property>
    <property name="TSTAMP" value="1023"></property>
    <property name="build.unittest" value="C:\tcs_build\trunk\datalogger/unittest"></property>
    <property name="deploy.bin" value="../build/output/dist/datalogger/localhost/bin"></property>
    <property name="file.separator" value="\"></property>
    <property name="build.target" value="../build/output/build/datalogger"></property>
    <property name="func.test.master.big.report.dir" value="../build/output/big-functional-test-report"></property>
    <property name="java.runtime.version" value="1.6.0_02-b05"></property>
    <property name="env.ANT_CMD_LINE_ARGS" value="-Dpublish.test.to.wiki true cruise.build"></property>
    <property name="sun.boot.class.path" value="C:\Program Files\Java\jdk1.6.0_02\jre\lib\resources.jar;C:\Program Files\Java\jdk1.6.0_02\jre\lib\rt.jar;C:\Program Files\Java\jdk1.6.0_02\jre\lib\sunrsasign.jar;C:\Program Files\Java\jdk1.6.0_02\jre\lib\jsse.jar;C:\Program Files\Java\jdk1.6.0_02\jre\lib\jce.jar;C:\Program Files\Java\jdk1.6.0_02\jre\lib\charsets.jar;C:\Program Files\Java\jdk1.6.0_02\jre\classes"></property>
    <property name="publish.dir" value="../build/output/summary"></property>
    <property name="env.ComSpec" value="C:\WINDOWS\system32\cmd.exe"></property>
    <property name="third.party.binaries" value="../resources/bin"></property>
    <property name="build.config" value="C:\tcs_build\trunk\datalogger/config"></property>
    <property name="db.prefix" value="dev1"></property>
    <property name="db.password" value="builder"></property>
    <property name="ant.file.common-doc" value="C:\tcs_build\trunk\build\common-doc.xml"></property>
    <property name="java.security.policy" value="C:\tcs_build\trunk\datalogger/config/datalogger.policy"></property>
    <property name="build.test" value="../build/output/build/datalogger/test"></property>
    <property name="publish.test.to.wiki" value="true"></property>
    <property name="env.TEMP" value="C:\DOCUME~1\test\LOCALS~1\Temp\1"></property>
    <property name="user.country" value="GB"></property>
    <property name="env.ANT_HOME" value="C:\tcs_build\trunk\build\tools\ant"></property>
    <property name="env.ClusterLog" value="C:\WINDOWS\Cluster\cluster.log"></property>
    <property name="env.CLIENTNAME" value="CHRISS"></property>
    <property name="build.compile" value="../build/output/build/datalogger/compiled"></property>
    <property name="unit.test.master.results.html.dir" value="../build/output/junit-html"></property>
    <property name="java.vendor" value="Sun Microsystems Inc."></property>
    <property name="servicewrapper.dllfile" value="wrapper.dll"></property>
    <property name="devtest.dir" value="../build/output/devtest"></property>
    <property name="servicewrapper.exefile" value="wrapper.exe"></property>
    <property name="root.dir" value=".."></property>
    <property name="env.CATALINA_HOME" value="c:\tomcat-5.5.12"></property>
    <property name="java.specification.version" value="1.6"></property>
    <property name="sun.arch.data.model" value="32"></property>
  </properties>
  <testcase classname="com.touchclarity.datalogger.controller.Server2Test" name="testInvalidHttpMethod" time="14.326"></testcase>
  <testcase classname="com.touchclarity.datalogger.controller.Server2Test" name="testRequestTooLarge" time="5.155"></testcase>
  <testcase classname="com.touchclarity.datalogger.controller.Server2Test" name="testBadRequest" time="5.265"></testcase>
  <testcase classname="com.touchclarity.datalogger.controller.Server2Test" name="testValidHost" time="7.858"></testcase>
  <testcase classname="com.touchclarity.datalogger.controller.Server2Test" name="testValidHostWithDifferentCase" time="6.327"></testcase>
  <testcase classname="com.touchclarity.datalogger.controller.Server2Test" name="testInvalidHost" time="6.217"></testcase>
  <testcase classname="com.touchclarity.datalogger.controller.Server2Test" name="testNoHost" time="6.358"></testcase>
  <testcase classname="com.touchclarity.datalogger.controller.Server2Test" name="testServersideSocketShutdown" time="4.281"></testcase>
  <testcase classname="com.touchclarity.datalogger.controller.Server2Test" name="testNon200ExceptionsDontCloseSocket" time="16.294"></testcase>
  <testcase classname="com.touchclarity.datalogger.controller.Server2Test" name="testKeepAliveConnectionsTimeout" time="9.732"></testcase>
  <system-out><![CDATA[Average connection time: 630
Shutting down data logger...
Shutdown complete
Configuration change event notifier
-------------------------------------------
java.lang.Object.wait() line:-2
java.lang.Object.wait() line:485
EDU.oswego.cs.dl.util.concurrent.LinkedQueue.take() line:122
com.touchclarity.cms.common.EventsManager$Notifier.run() line:221

multicast discovery announcement listener
-------------------------------------------
java.net.PlainDatagramSocketImpl.receive0() line:-2
java.net.PlainDatagramSocketImpl.receive() line:136
java.net.DatagramSocket.receive() line:712
net.jini.discovery.LookupDiscovery$AnnouncementListener.run() line:310

Finalizer
-------------------------------------------
java.lang.Object.wait() line:-2
java.lang.ref.ReferenceQueue.remove() line:116
java.lang.ref.ReferenceQueue.remove() line:132
java.lang.ref.Finalizer$FinalizerThread.run() line:159

Configuration change event notifier
-------------------------------------------
java.lang.Object.wait() line:-2
java.lang.Object.wait() line:485
EDU.oswego.cs.dl.util.concurrent.LinkedQueue.take() line:122
com.touchclarity.cms.common.EventsManager$Notifier.run() line:221

multicast discovery announcement listener
-------------------------------------------
java.net.PlainDatagramSocketImpl.receive0() line:-2
java.net.PlainDatagramSocketImpl.receive() line:136
java.net.DatagramSocket.receive() line:712
net.jini.discovery.LookupDiscovery$AnnouncementListener.run() line:310

Configuration change event notifier
-------------------------------------------
java.lang.Object.wait() line:-2
java.lang.Object.wait() line:485
EDU.oswego.cs.dl.util.concurrent.LinkedQueue.take() line:122
com.touchclarity.cms.common.EventsManager$Notifier.run() line:221

multicast announcement timer
-------------------------------------------
java.lang.Object.wait() line:-2
net.jini.discovery.LookupDiscovery$AnnouncementTimerThread.run() line:572

Thread-15
-------------------------------------------
java.lang.Object.wait() line:-2
com.sun.jini.thread.WakeupManager$Kicker.run() line:357
java.lang.Thread.run() line:619

Thread-10
-------------------------------------------
java.lang.Object.wait() line:-2
com.sun.jini.thread.WakeupManager$Kicker.run() line:357
java.lang.Thread.run() line:619

multicast discovery response listener
-------------------------------------------
java.net.PlainSocketImpl.socketAccept() line:-2
java.net.PlainSocketImpl.accept() line:384
java.net.ServerSocket.implAccept() line:453
java.net.ServerSocket.accept() line:421
net.jini.discovery.LookupDiscovery$ResponseListener.run() line:419

Thread-19
-------------------------------------------
java.lang.Object.wait() line:-2
com.sun.jini.thread.WakeupManager$Kicker.run() line:357
java.lang.Thread.run() line:619

multicast announcement timer
-------------------------------------------
java.lang.Object.wait() line:-2
net.jini.discovery.LookupDiscovery$AnnouncementTimerThread.run() line:572

Configuration change event notifier
-------------------------------------------
java.lang.Object.wait() line:-2
java.lang.Object.wait() line:485
EDU.oswego.cs.dl.util.concurrent.LinkedQueue.take() line:122
com.touchclarity.cms.common.EventsManager$Notifier.run() line:221

CampaignOptionCache Update Thread (5 mins)
-------------------------------------------
java.lang.Thread.sleep() line:-2
com.touchclarity.util.thread.Cyclist.run() line:31

Configuration change event notifier
-------------------------------------------
java.lang.Object.wait() line:-2
java.lang.Object.wait() line:485
EDU.oswego.cs.dl.util.concurrent.LinkedQueue.take() line:122
com.touchclarity.cms.common.EventsManager$Notifier.run() line:221

Configuration change event notifier
-------------------------------------------
java.lang.Object.wait() line:-2
java.lang.Object.wait() line:485
EDU.oswego.cs.dl.util.concurrent.LinkedQueue.take() line:122
com.touchclarity.cms.common.EventsManager$Notifier.run() line:221

multicast discovery response listener
-------------------------------------------
java.net.PlainSocketImpl.socketAccept() line:-2
java.net.PlainSocketImpl.accept() line:384
java.net.ServerSocket.implAccept() line:453
java.net.ServerSocket.accept() line:421
net.jini.discovery.LookupDiscovery$ResponseListener.run() line:419

RMI TCP Accept-0
-------------------------------------------
java.net.PlainSocketImpl.socketAccept() line:-2
java.net.PlainSocketImpl.accept() line:384
java.net.ServerSocket.implAccept() line:453
java.net.ServerSocket.accept() line:421
sun.rmi.transport.tcp.TCPTransport$AcceptLoop.executeAcceptLoop() line:369
sun.rmi.transport.tcp.TCPTransport$AcceptLoop.run() line:341
java.lang.Thread.run() line:619

MulticastingChannel.Forwarder
-------------------------------------------
sun.misc.Unsafe.park() line:-2
java.util.concurrent.locks.LockSupport.parkNanos() line:198
java.util.concurrent.locks.AbstractQueuedSynchronizer$ConditionObject.awaitNanos() line:1963
java.util.concurrent.LinkedBlockingQueue.poll() line:395
com.touchclarity.channel.MulticastingChannel$Forwarder.run() line:156

Configuration change event notifier
-------------------------------------------
java.lang.Object.wait() line:-2
java.lang.Object.wait() line:485
EDU.oswego.cs.dl.util.concurrent.LinkedQueue.take() line:122
com.touchclarity.cms.common.EventsManager$Notifier.run() line:221

GC Daemon
-------------------------------------------
java.lang.Object.wait() line:-2
sun.misc.GC$Daemon.run() line:100

main
-------------------------------------------
java.lang.Thread.dumpThreads() line:-2
java.lang.Thread.getAllStackTraces() line:1477
com.touchclarity.datalogger.controller.Server2Test.printFinishedThreads() line:64
com.touchclarity.datalogger.controller.Server2Test.tearDown() line:60
junit.framework.TestCase.runBare() line:130
junit.framework.TestResult$1.protect() line:106
junit.framework.TestResult.runProtected() line:124
junit.framework.TestResult.run() line:109
junit.framework.TestCase.run() line:118
junit.framework.TestSuite.runTest() line:208
junit.framework.TestSuite.run() line:203
org.apache.tools.ant.taskdefs.optional.junit.JUnitTestRunner.run() line:297
org.apache.tools.ant.taskdefs.optional.junit.JUnitTestRunner.launch() line:672
org.apache.tools.ant.taskdefs.optional.junit.JUnitTestRunner.main() line:567

multicast discovery response listener
-------------------------------------------
java.net.PlainSocketImpl.socketAccept() line:-2
java.net.PlainSocketImpl.accept() line:384
java.net.ServerSocket.implAccept() line:453
java.net.ServerSocket.accept() line:421
net.jini.discovery.LookupDiscovery$ResponseListener.run() line:419

CampaignOptionCache Update Thread (5 mins)
-------------------------------------------
java.lang.Thread.sleep() line:-2
com.touchclarity.util.thread.Cyclist.run() line:31

Configuration change event notifier
-------------------------------------------
java.lang.Object.wait() line:-2
java.lang.Object.wait() line:485
EDU.oswego.cs.dl.util.concurrent.LinkedQueue.take() line:122
com.touchclarity.cms.common.EventsManager$Notifier.run() line:221

RMI Reaper
-------------------------------------------
java.lang.Object.wait() line:-2
java.lang.ref.ReferenceQueue.remove() line:116
java.lang.ref.ReferenceQueue.remove() line:132
sun.rmi.transport.ObjectTable$Reaper.run() line:333
java.lang.Thread.run() line:619

multicast discovery announcement listener
-------------------------------------------
java.net.PlainDatagramSocketImpl.receive0() line:-2
java.net.PlainDatagramSocketImpl.receive() line:136
java.net.DatagramSocket.receive() line:712
net.jini.discovery.LookupDiscovery$AnnouncementListener.run() line:310

multicast discovery request
-------------------------------------------
java.lang.Thread.sleep() line:-2
net.jini.discovery.LookupDiscovery$Requestor.run() line:520

multicast announcement timer
-------------------------------------------
java.lang.Object.wait() line:-2
net.jini.discovery.LookupDiscovery$AnnouncementTimerThread.run() line:572

Dispatcher-Thread-23
-------------------------------------------
java.lang.Object.wait() line:-2
java.lang.Object.wait() line:485
org.apache.log4j.Dispatcher.run() line:293

Configuration change event notifier
-------------------------------------------
java.lang.Object.wait() line:-2
java.lang.Object.wait() line:485
EDU.oswego.cs.dl.util.concurrent.LinkedQueue.take() line:122
com.touchclarity.cms.common.EventsManager$Notifier.run() line:221

multicast discovery request
-------------------------------------------
java.lang.Thread.sleep() line:-2
net.jini.discovery.LookupDiscovery$Requestor.run() line:520

Attach Listener
-------------------------------------------

CampaignOptionCache Update Thread (300 mins)
-------------------------------------------
java.lang.Thread.sleep() line:-2
com.touchclarity.util.thread.Cyclist.run() line:31

Configuration change event notifier
-------------------------------------------
java.lang.Object.wait() line:-2
java.lang.Object.wait() line:485
EDU.oswego.cs.dl.util.concurrent.LinkedQueue.take() line:122
com.touchclarity.cms.common.EventsManager$Notifier.run() line:221

Thread-16
-------------------------------------------
java.lang.Object.wait() line:-2
com.sun.jini.thread.WakeupManager$Kicker.run() line:357
java.lang.Thread.run() line:619

multicast discovery request
-------------------------------------------
java.lang.Thread.sleep() line:-2
net.jini.discovery.LookupDiscovery$Requestor.run() line:520

MulticastChannelBus.Forwarder-1
-------------------------------------------
sun.misc.Unsafe.park() line:-2
java.util.concurrent.locks.LockSupport.park() line:158
java.util.concurrent.locks.AbstractQueuedSynchronizer$ConditionObject.await() line:1925
java.util.concurrent.LinkedBlockingQueue.take() line:358
com.touchclarity.configuration.cache.MulticastingChannelBus$Forwarder.run() line:331

Reference Handler
-------------------------------------------
java.lang.Object.wait() line:-2
java.lang.Object.wait() line:485
java.lang.ref.Reference$ReferenceHandler.run() line:116

Signal Dispatcher
-------------------------------------------

--- Response --------------------------------------------------------------------------

HTTP/1.1 413 Request Entity Too Large
Cache-control: no-cache, private
Pragma: no-cache
Expires: Thu, 01 Jan 1970 00:00:00 GMT
Content-Length: 97
Last-Modified: Thu, 01 Nov 2007 10:27:03 GMT
Date: Thu, 01 Nov 2007 10:27:03 GMT
Content-Type: text/html; charset=ISO-8859-1

<html><head><title>Request Too Large</title></head><body><h1>Request Too Large</h1></body></html>
--- Response end --------------------------------------------------------------------------

Average connection time: 0
Shutting down data logger...
Shutdown complete
multicast discovery announcement listener
-------------------------------------------
java.net.PlainDatagramSocketImpl.receive0() line:-2
java.net.PlainDatagramSocketImpl.receive() line:136
java.net.DatagramSocket.receive() line:712
net.jini.discovery.LookupDiscovery$AnnouncementListener.run() line:310

Finalizer
-------------------------------------------
java.lang.Object.wait() line:-2
java.lang.ref.ReferenceQueue.remove() line:116
java.lang.ref.ReferenceQueue.remove() line:132
java.lang.ref.Finalizer$FinalizerThread.run() line:159

multicast announcement timer
-------------------------------------------
java.lang.Object.wait() line:-2
net.jini.discovery.LookupDiscovery$AnnouncementTimerThread.run() line:572

Thread-10
-------------------------------------------
java.lang.Object.wait() line:-2
com.sun.jini.thread.WakeupManager$Kicker.run() line:357
java.lang.Thread.run() line:619

multicast discovery response listener
-------------------------------------------
java.net.PlainSocketImpl.socketAccept() line:-2
java.net.PlainSocketImpl.accept() line:384
java.net.ServerSocket.implAccept() line:453
java.net.ServerSocket.accept() line:421
net.jini.discovery.LookupDiscovery$ResponseListener.run() line:419

multicast discovery response listener
-------------------------------------------
java.net.PlainSocketImpl.socketAccept() line:-2
java.net.PlainSocketImpl.accept() line:384
java.net.ServerSocket.implAccept() line:453
java.net.ServerSocket.accept() line:421
net.jini.discovery.LookupDiscovery$ResponseListener.run() line:419

CampaignOptionCache Update Thread (5 mins)
-------------------------------------------
java.lang.Thread.sleep() line:-2
com.touchclarity.util.thread.Cyclist.run() line:31

Configuration change event notifier
-------------------------------------------
java.lang.Object.wait() line:-2
java.lang.Object.wait() line:485
EDU.oswego.cs.dl.util.concurrent.LinkedQueue.take() line:122
com.touchclarity.cms.common.EventsManager$Notifier.run() line:221

RMI TCP Accept-0
-------------------------------------------
java.net.PlainSocketImpl.socketAccept() line:-2
java.net.PlainSocketImpl.accept() line:384
java.net.ServerSocket.implAccept() line:453
java.net.ServerSocket.accept() line:421
sun.rmi.transport.tcp.TCPTransport$AcceptLoop.executeAcceptLoop() line:369
sun.rmi.transport.tcp.TCPTransport$AcceptLoop.run() line:341
java.lang.Thread.run() line:619

multicast discovery response listener
-------------------------------------------
java.net.PlainSocketImpl.socketAccept() line:-2
java.net.PlainSocketImpl.accept() line:384
java.net.ServerSocket.implAccept() line:453
java.net.ServerSocket.accept() line:421
net.jini.discovery.LookupDiscovery$ResponseListener.run() line:419

MulticastingChannel.Forwarder
-------------------------------------------
sun.misc.Unsafe.park() line:-2
java.util.concurrent.locks.LockSupport.parkNanos() line:198
java.util.concurrent.locks.AbstractQueuedSynchronizer$ConditionObject.awaitNanos() line:1963
java.util.concurrent.LinkedBlockingQueue.poll() line:395
com.touchclarity.channel.MulticastingChannel$Forwarder.run() line:156

GC Daemon
-------------------------------------------
java.lang.Object.wait() line:-2
sun.misc.GC$Daemon.run() line:100

Dispatcher-Thread-31
-------------------------------------------
java.lang.Object.wait() line:-2
java.lang.Object.wait() line:485
org.apache.log4j.Dispatcher.run() line:293

multicast announcement timer
-------------------------------------------
java.lang.Object.wait() line:-2
net.jini.discovery.LookupDiscovery$AnnouncementTimerThread.run() line:572

multicast discovery response listener
-------------------------------------------
java.net.PlainSocketImpl.socketAccept() line:-2
java.net.PlainSocketImpl.accept() line:384
java.net.ServerSocket.implAccept() line:453
java.net.ServerSocket.accept() line:421
net.jini.discovery.LookupDiscovery$ResponseListener.run() line:419

Configuration change event notifier
-------------------------------------------
java.lang.Object.wait() line:-2
java.lang.Object.wait() line:485
EDU.oswego.cs.dl.util.concurrent.LinkedQueue.take() line:122
com.touchclarity.cms.common.EventsManager$Notifier.run() line:221

CampaignOptionCache Update Thread (5 mins)
-------------------------------------------
java.lang.Thread.sleep() line:-2
com.touchclarity.util.thread.Cyclist.run() line:31

RMI Reaper
-------------------------------------------
java.lang.Object.wait() line:-2
java.lang.ref.ReferenceQueue.remove() line:116
java.lang.ref.ReferenceQueue.remove() line:132
sun.rmi.transport.ObjectTable$Reaper.run() line:333
java.lang.Thread.run() line:619

multicast discovery announcement listener
-------------------------------------------
java.net.PlainDatagramSocketImpl.receive0() line:-2
java.net.PlainDatagramSocketImpl.receive() line:136
java.net.DatagramSocket.receive() line:712
net.jini.discovery.LookupDiscovery$AnnouncementListener.run() line:310

multicast announcement timer
-------------------------------------------
java.lang.Object.wait() line:-2
net.jini.discovery.LookupDiscovery$AnnouncementTimerThread.run() line:572

Configuration change event notifier
-------------------------------------------
java.lang.Object.wait() line:-2
java.lang.Object.wait() line:485
EDU.oswego.cs.dl.util.concurrent.LinkedQueue.take() line:122
com.touchclarity.cms.common.EventsManager$Notifier.run() line:221

multicast discovery request
-------------------------------------------
java.lang.Thread.sleep() line:-2
net.jini.discovery.LookupDiscovery$Requestor.run() line:520

CampaignOptionCache Update Thread (300 mins)
-------------------------------------------
java.lang.Thread.sleep() line:-2
com.touchclarity.util.thread.Cyclist.run() line:31

Attach Listener
-------------------------------------------

Thread-16
-------------------------------------------
java.lang.Object.wait() line:-2
com.sun.jini.thread.WakeupManager$Kicker.run() line:357
java.lang.Thread.run() line:619

MulticastChannelBus.Forwarder-1
-------------------------------------------
sun.misc.Unsafe.park() line:-2
java.util.concurrent.locks.LockSupport.park() line:158
java.util.concurrent.locks.AbstractQueuedSynchronizer$ConditionObject.await() line:1925
java.util.concurrent.LinkedBlockingQueue.take() line:358
com.touchclarity.configuration.cache.MulticastingChannelBus$Forwarder.run() line:331

Reference Handler
-------------------------------------------
java.lang.Object.wait() line:-2
java.lang.Object.wait() line:485
java.lang.ref.Reference$ReferenceHandler.run() line:116

Configuration change event notifier
-------------------------------------------
java.lang.Object.wait() line:-2
java.lang.Object.wait() line:485
EDU.oswego.cs.dl.util.concurrent.LinkedQueue.take() line:122
com.touchclarity.cms.common.EventsManager$Notifier.run() line:221

multicast discovery request
-------------------------------------------
java.lang.Thread.sleep() line:-2
net.jini.discovery.LookupDiscovery$Requestor.run() line:520

multicast discovery announcement listener
-------------------------------------------
java.net.PlainDatagramSocketImpl.receive0() line:-2
java.net.PlainDatagramSocketImpl.receive() line:136
java.net.DatagramSocket.receive() line:712
net.jini.discovery.LookupDiscovery$AnnouncementListener.run() line:310

Configuration change event notifier
-------------------------------------------
java.lang.Object.wait() line:-2
java.lang.Object.wait() line:485
EDU.oswego.cs.dl.util.concurrent.LinkedQueue.take() line:122
com.touchclarity.cms.common.EventsManager$Notifier.run() line:221

Configuration change event notifier
-------------------------------------------
java.lang.Object.wait() line:-2
java.lang.Object.wait() line:485
EDU.oswego.cs.dl.util.concurrent.LinkedQueue.take() line:122
com.touchclarity.cms.common.EventsManager$Notifier.run() line:221

Thread-15
-------------------------------------------
java.lang.Object.wait() line:-2
com.sun.jini.thread.WakeupManager$Kicker.run() line:357
java.lang.Thread.run() line:619

Thread-24
-------------------------------------------
java.lang.Object.wait() line:-2
com.sun.jini.thread.WakeupManager$Kicker.run() line:357
java.lang.Thread.run() line:619

Thread-19
-------------------------------------------
java.lang.Object.wait() line:-2
com.sun.jini.thread.WakeupManager$Kicker.run() line:357
java.lang.Thread.run() line:619

multicast announcement timer
-------------------------------------------
java.lang.Object.wait() line:-2
net.jini.discovery.LookupDiscovery$AnnouncementTimerThread.run() line:572

Configuration change event notifier
-------------------------------------------
java.lang.Object.wait() line:-2
java.lang.Object.wait() line:485
EDU.oswego.cs.dl.util.concurrent.LinkedQueue.take() line:122
com.touchclarity.cms.common.EventsManager$Notifier.run() line:221

Configuration change event notifier
-------------------------------------------
java.lang.Object.wait() line:-2
java.lang.Object.wait() line:485
EDU.oswego.cs.dl.util.concurrent.LinkedQueue.take() line:122
com.touchclarity.cms.common.EventsManager$Notifier.run() line:221

Configuration change event notifier
-------------------------------------------
java.lang.Object.wait() line:-2
java.lang.Object.wait() line:485
EDU.oswego.cs.dl.util.concurrent.LinkedQueue.take() line:122
com.touchclarity.cms.common.EventsManager$Notifier.run() line:221

CampaignOptionCache Update Thread (5 mins)
-------------------------------------------
java.lang.Thread.sleep() line:-2
com.touchclarity.util.thread.Cyclist.run() line:31

CampaignOptionCache Update Thread (300 mins)
-------------------------------------------
java.lang.Thread.sleep() line:-2
com.touchclarity.util.thread.Cyclist.run() line:31

main
-------------------------------------------
java.lang.Thread.dumpThreads() line:-2
java.lang.Thread.getAllStackTraces() line:1477
com.touchclarity.datalogger.controller.Server2Test.printFinishedThreads() line:64
com.touchclarity.datalogger.controller.Server2Test.tearDown() line:60
junit.framework.TestCase.runBare() line:130
junit.framework.TestResult$1.protect() line:106
junit.framework.TestResult.runProtected() line:124
junit.framework.TestResult.run() line:109
junit.framework.TestCase.run() line:118
junit.framework.TestSuite.runTest() line:208
junit.framework.TestSuite.run() line:203
org.apache.tools.ant.taskdefs.optional.junit.JUnitTestRunner.run() line:297
org.apache.tools.ant.taskdefs.optional.junit.JUnitTestRunner.launch() line:672
org.apache.tools.ant.taskdefs.optional.junit.JUnitTestRunner.main() line:567

multicast discovery announcement listener
-------------------------------------------
java.net.PlainDatagramSocketImpl.receive0() line:-2
java.net.PlainDatagramSocketImpl.receive() line:136
java.net.DatagramSocket.receive() line:712
net.jini.discovery.LookupDiscovery$AnnouncementListener.run() line:310

CampaignOptionCache Update Thread (5 mins)
-------------------------------------------
java.lang.Thread.sleep() line:-2
com.touchclarity.util.thread.Cyclist.run() line:31

multicast discovery request
-------------------------------------------
java.lang.Thread.sleep() line:-2
net.jini.discovery.LookupDiscovery$Requestor.run() line:520

Dispatcher-Thread-23
-------------------------------------------
java.lang.Object.wait() line:-2
java.lang.Object.wait() line:485
org.apache.log4j.Dispatcher.run() line:293

Configuration change event notifier
-------------------------------------------
java.lang.Object.wait() line:-2
java.lang.Object.wait() line:485
EDU.oswego.cs.dl.util.concurrent.LinkedQueue.take() line:122
com.touchclarity.cms.common.EventsManager$Notifier.run() line:221

multicast discovery request
-------------------------------------------
java.lang.Thread.sleep() line:-2
net.jini.discovery.LookupDiscovery$Requestor.run() line:520

Signal Dispatcher
-------------------------------------------

--- Response --------------------------------------------------------------------------

HTTP/1.1 400 Bad Request
Cache-control: no-cache, private
Pragma: no-cache
Expires: Thu, 01 Jan 1970 00:00:00 GMT
Content-Length: 85
Last-Modified: Thu, 01 Nov 2007 10:27:03 GMT
Date: Thu, 01 Nov 2007 10:27:03 GMT
Content-Type: text/html; charset=ISO-8859-1

<html><head><title>Bad Request</title></head><body><h1>Bad Request</h1></body></html>
--- Response end --------------------------------------------------------------------------

Average connection time: 0
Shutting down data logger...
Shutdown complete
Dispatcher-Thread-39
-------------------------------------------
java.lang.Object.wait() line:-2
java.lang.Object.wait() line:485
org.apache.log4j.Dispatcher.run() line:293

multicast discovery announcement listener
-------------------------------------------
java.net.PlainDatagramSocketImpl.receive0() line:-2
java.net.PlainDatagramSocketImpl.receive() line:136
java.net.DatagramSocket.receive() line:712
net.jini.discovery.LookupDiscovery$AnnouncementListener.run() line:310

CampaignOptionCache Update Thread (5 mins)
-------------------------------------------
java.lang.Thread.sleep() line:-2
com.touchclarity.util.thread.Cyclist.run() line:31

Finalizer
-------------------------------------------
java.lang.Object.wait() line:-2
java.lang.ref.ReferenceQueue.remove() line:116
java.lang.ref.ReferenceQueue.remove() line:132
java.lang.ref.Finalizer$FinalizerThread.run() line:159

multicast announcement timer
-------------------------------------------
java.lang.Object.wait() line:-2
net.jini.discovery.LookupDiscovery$AnnouncementTimerThread.run() line:572

Thread-10
-------------------------------------------
java.lang.Object.wait() line:-2
com.sun.jini.thread.WakeupManager$Kicker.run() line:357
java.lang.Thread.run() line:619

multicast discovery response listener
-------------------------------------------
java.net.PlainSocketImpl.socketAccept() line:-2
java.net.PlainSocketImpl.accept() line:384
java.net.ServerSocket.implAccept() line:453
java.net.ServerSocket.accept() line:421
net.jini.discovery.LookupDiscovery$ResponseListener.run() line:419

multicast discovery response listener
-------------------------------------------
java.net.PlainSocketImpl.socketAccept() line:-2
java.net.PlainSocketImpl.accept() line:384
java.net.ServerSocket.implAccept() line:453
java.net.ServerSocket.accept() line:421
net.jini.discovery.LookupDiscovery$ResponseListener.run() line:419

multicast announcement timer
-------------------------------------------
java.lang.Object.wait() line:-2
net.jini.discovery.LookupDiscovery$AnnouncementTimerThread.run() line:572

CampaignOptionCache Update Thread (5 mins)
-------------------------------------------
java.lang.Thread.sleep() line:-2
com.touchclarity.util.thread.Cyclist.run() line:31

Configuration change event notifier
-------------------------------------------
java.lang.Object.wait() line:-2
java.lang.Object.wait() line:485
EDU.oswego.cs.dl.util.concurrent.LinkedQueue.take() line:122
com.touchclarity.cms.common.EventsManager$Notifier.run() line:221

RMI TCP Accept-0
-------------------------------------------
java.net.PlainSocketImpl.socketAccept() line:-2
java.net.PlainSocketImpl.accept() line:384
java.net.ServerSocket.implAccept() line:453
java.net.ServerSocket.accept() line:421
sun.rmi.transport.tcp.TCPTransport$AcceptLoop.executeAcceptLoop() line:369
sun.rmi.transport.tcp.TCPTransport$AcceptLoop.run() line:341
java.lang.Thread.run() line:619

multicast discovery response listener
-------------------------------------------
java.net.PlainSocketImpl.socketAccept() line:-2
java.net.PlainSocketImpl.accept() line:384
java.net.ServerSocket.implAccept() line:453
java.net.ServerSocket.accept() line:421
net.jini.discovery.LookupDiscovery$ResponseListener.run() line:419

multicast discovery request
-------------------------------------------
java.lang.Thread.sleep() line:-2
net.jini.discovery.LookupDiscovery$Requestor.run() line:520

MulticastingChannel.Forwarder
-------------------------------------------
sun.misc.Unsafe.park() line:-2
java.util.concurrent.locks.LockSupport.parkNanos() line:198
java.util.concurrent.locks.AbstractQueuedSynchronizer$ConditionObject.awaitNanos() line:1963
java.util.concurrent.LinkedBlockingQueue.poll() line:395
com.touchclarity.channel.MulticastingChannel$Forwarder.run() line:156

GC Daemon
-------------------------------------------
java.lang.Object.wait() line:-2
sun.misc.GC$Daemon.run() line:100

Dispatcher-Thread-31
-------------------------------------------
java.lang.Object.wait() line:-2
java.lang.Object.wait() line:485
org.apache.log4j.Dispatcher.run() line:293

multicast announcement timer
-------------------------------------------
java.lang.Object.wait() line:-2
net.jini.discovery.LookupDiscovery$AnnouncementTimerThread.run() line:572

multicast discovery response listener
-------------------------------------------
java.net.PlainSocketImpl.socketAccept() line:-2
java.net.PlainSocketImpl.accept() line:384
java.net.ServerSocket.implAccept() line:453
java.net.ServerSocket.accept() line:421
net.jini.discovery.LookupDiscovery$ResponseListener.run() line:419

multicast discovery announcement listener
-------------------------------------------
java.net.PlainDatagramSocketImpl.receive0() line:-2
java.net.PlainDatagramSocketImpl.receive() line:136
java.net.DatagramSocket.receive() line:712
net.jini.discovery.LookupDiscovery$AnnouncementListener.run() line:310

Configuration change event notifier
-------------------------------------------
java.lang.Object.wait() line:-2
java.lang.Object.wait() line:485
EDU.oswego.cs.dl.util.concurrent.LinkedQueue.take() line:122
com.touchclarity.cms.common.EventsManager$Notifier.run() line:221

CampaignOptionCache Update Thread (5 mins)
-------------------------------------------
java.lang.Thread.sleep() line:-2
com.touchclarity.util.thread.Cyclist.run() line:31

RMI Reaper
-------------------------------------------
java.lang.Object.wait() line:-2
java.lang.ref.ReferenceQueue.remove() line:116
java.lang.ref.ReferenceQueue.remove() line:132
sun.rmi.transport.ObjectTable$Reaper.run() line:333
java.lang.Thread.run() line:619

multicast discovery announcement listener
-------------------------------------------
java.net.PlainDatagramSocketImpl.receive0() line:-2
java.net.PlainDatagramSocketImpl.receive() line:136
java.net.DatagramSocket.receive() line:712
net.jini.discovery.LookupDiscovery$AnnouncementListener.run() line:310

multicast announcement timer
-------------------------------------------
java.lang.Object.wait() line:-2
net.jini.discovery.LookupDiscovery$AnnouncementTimerThread.run() line:572

Configuration change event notifier
-------------------------------------------
java.lang.Object.wait() line:-2
java.lang.Object.wait() line:485
EDU.oswego.cs.dl.util.concurrent.LinkedQueue.take() line:122
com.touchclarity.cms.common.EventsManager$Notifier.run() line:221

multicast discovery request
-------------------------------------------
java.lang.Thread.sleep() line:-2
net.jini.discovery.LookupDiscovery$Requestor.run() line:520

Attach Listener
-------------------------------------------

CampaignOptionCache Update Thread (300 mins)
-------------------------------------------
java.lang.Thread.sleep() line:-2
com.touchclarity.util.thread.Cyclist.run() line:31

Thread-16
-------------------------------------------
java.lang.Object.wait() line:-2
com.sun.jini.thread.WakeupManager$Kicker.run() line:357
java.lang.Thread.run() line:619

MulticastChannelBus.Forwarder-1
-------------------------------------------
sun.misc.Unsafe.park() line:-2
java.util.concurrent.locks.LockSupport.park() line:158
java.util.concurrent.locks.AbstractQueuedSynchronizer$ConditionObject.await() line:1925
java.util.concurrent.LinkedBlockingQueue.take() line:358
com.touchclarity.configuration.cache.MulticastingChannelBus$Forwarder.run() line:331

Reference Handler
-------------------------------------------
java.lang.Object.wait() line:-2
java.lang.Object.wait() line:485
java.lang.ref.Reference$ReferenceHandler.run() line:116

Configuration change event notifier
-------------------------------------------
java.lang.Object.wait() line:-2
java.lang.Object.wait() line:485
EDU.oswego.cs.dl.util.concurrent.LinkedQueue.take() line:122
com.touchclarity.cms.common.EventsManager$Notifier.run() line:221

multicast discovery request
-------------------------------------------
java.lang.Thread.sleep() line:-2
net.jini.discovery.LookupDiscovery$Requestor.run() line:520

multicast discovery announcement listener
-------------------------------------------
java.net.PlainDatagramSocketImpl.receive0() line:-2
java.net.PlainDatagramSocketImpl.receive() line:136
java.net.DatagramSocket.receive() line:712
net.jini.discovery.LookupDiscovery$AnnouncementListener.run() line:310

Configuration change event notifier
-------------------------------------------
java.lang.Object.wait() line:-2
java.lang.Object.wait() line:485
EDU.oswego.cs.dl.util.concurrent.LinkedQueue.take() line:122
com.touchclarity.cms.common.EventsManager$Notifier.run() line:221

Configuration change event notifier
-------------------------------------------
java.lang.Object.wait() line:-2
java.lang.Object.wait() line:485
EDU.oswego.cs.dl.util.concurrent.LinkedQueue.take() line:122
com.touchclarity.cms.common.EventsManager$Notifier.run() line:221

Thread-15
-------------------------------------------
java.lang.Object.wait() line:-2
com.sun.jini.thread.WakeupManager$Kicker.run() line:357
java.lang.Thread.run() line:619

Thread-24
-------------------------------------------
java.lang.Object.wait() line:-2
com.sun.jini.thread.WakeupManager$Kicker.run() line:357
java.lang.Thread.run() line:619

Thread-19
-------------------------------------------
java.lang.Object.wait() line:-2
com.sun.jini.thread.WakeupManager$Kicker.run() line:357
java.lang.Thread.run() line:619

multicast announcement timer
-------------------------------------------
java.lang.Object.wait() line:-2
net.jini.discovery.LookupDiscovery$AnnouncementTimerThread.run() line:572

CampaignOptionCache Update Thread (5 mins)
-------------------------------------------
java.lang.Thread.sleep() line:-2
com.touchclarity.util.thread.Cyclist.run() line:31

Configuration change event notifier
-------------------------------------------
java.lang.Object.wait() line:-2
java.lang.Object.wait() line:485
EDU.oswego.cs.dl.util.concurrent.LinkedQueue.take() line:122
com.touchclarity.cms.common.EventsManager$Notifier.run() line:221

Configuration change event notifier
-------------------------------------------
java.lang.Object.wait() line:-2
java.lang.Object.wait() line:485
EDU.oswego.cs.dl.util.concurrent.LinkedQueue.take() line:122
com.touchclarity.cms.common.EventsManager$Notifier.run() line:221

Configuration change event notifier
-------------------------------------------
java.lang.Object.wait() line:-2
java.lang.Object.wait() line:485
EDU.oswego.cs.dl.util.concurrent.LinkedQueue.take() line:122
com.touchclarity.cms.common.EventsManager$Notifier.run() line:221

CampaignOptionCache Update Thread (5 mins)
-------------------------------------------
java.lang.Thread.sleep() line:-2
com.touchclarity.util.thread.Cyclist.run() line:31

multicast discovery response listener
-------------------------------------------
java.net.PlainSocketImpl.socketAccept() line:-2
java.net.PlainSocketImpl.accept() line:384
java.net.ServerSocket.implAccept() line:453
java.net.ServerSocket.accept() line:421
net.jini.discovery.LookupDiscovery$ResponseListener.run() line:419

CampaignOptionCache Update Thread (300 mins)
-------------------------------------------
java.lang.Thread.sleep() line:-2
com.touchclarity.util.thread.Cyclist.run() line:31

main
-------------------------------------------
java.lang.Thread.dumpThreads() line:-2
java.lang.Thread.getAllStackTraces() line:1477
com.touchclarity.datalogger.controller.Server2Test.printFinishedThreads() line:64
com.touchclarity.datalogger.controller.Server2Test.tearDown() line:60
junit.framework.TestCase.runBare() line:130
junit.framework.TestResult$1.protect() line:106
junit.framework.TestResult.runProtected() line:124
junit.framework.TestResult.run() line:109
junit.framework.TestCase.run() line:118
junit.framework.TestSuite.runTest() line:208
junit.framework.TestSuite.run() line:203
org.apache.tools.ant.taskdefs.optional.junit.JUnitTestRunner.run() line:297
org.apache.tools.ant.taskdefs.optional.junit.JUnitTestRunner.launch() line:672
org.apache.tools.ant.taskdefs.optional.junit.JUnitTestRunner.main() line:567

multicast discovery announcement listener
-------------------------------------------
java.net.PlainDatagramSocketImpl.receive0() line:-2
java.net.PlainDatagramSocketImpl.receive() line:136
java.net.DatagramSocket.receive() line:712
net.jini.discovery.LookupDiscovery$AnnouncementListener.run() line:310

Thread-32
-------------------------------------------
java.lang.Object.wait() line:-2
com.sun.jini.thread.WakeupManager$Kicker.run() line:357
java.lang.Thread.run() line:619

CampaignOptionCache Update Thread (5 mins)
-------------------------------------------
java.lang.Thread.sleep() line:-2
com.touchclarity.util.thread.Cyclist.run() line:31

CampaignOptionCache Update Thread (300 mins)
-------------------------------------------
java.lang.Thread.sleep() line:-2
com.touchclarity.util.thread.Cyclist.run() line:31

multicast discovery request
-------------------------------------------
java.lang.Thread.sleep() line:-2
net.jini.discovery.LookupDiscovery$Requestor.run() line:520

Dispatcher-Thread-23
-------------------------------------------
java.lang.Object.wait() line:-2
java.lang.Object.wait() line:485
org.apache.log4j.Dispatcher.run() line:293

Configuration change event notifier
-------------------------------------------
java.lang.Object.wait() line:-2
java.lang.Object.wait() line:485
EDU.oswego.cs.dl.util.concurrent.LinkedQueue.take() line:122
com.touchclarity.cms.common.EventsManager$Notifier.run() line:221

multicast discovery request
-------------------------------------------
java.lang.Thread.sleep() line:-2
net.jini.discovery.LookupDiscovery$Requestor.run() line:520

Signal Dispatcher
-------------------------------------------

Average connection time: 0
Shutting down data logger...
Shutdown complete
multicast discovery response listener
-------------------------------------------
java.net.PlainSocketImpl.socketAccept() line:-2
java.net.PlainSocketImpl.accept() line:384
java.net.ServerSocket.implAccept() line:453
java.net.ServerSocket.accept() line:421
net.jini.discovery.LookupDiscovery$ResponseListener.run() line:419

multicast discovery announcement listener
-------------------------------------------
java.net.PlainDatagramSocketImpl.receive0() line:-2
java.net.PlainDatagramSocketImpl.receive() line:136
java.net.DatagramSocket.receive() line:712
net.jini.discovery.LookupDiscovery$AnnouncementListener.run() line:310

Dispatcher-Thread-39
-------------------------------------------
java.lang.Object.wait() line:-2
java.lang.Object.wait() line:485
org.apache.log4j.Dispatcher.run() line:293

CampaignOptionCache Update Thread (5 mins)
-------------------------------------------
java.lang.Thread.sleep() line:-2
com.touchclarity.util.thread.Cyclist.run() line:31

Finalizer
-------------------------------------------
java.lang.Object.wait() line:-2
java.lang.ref.ReferenceQueue.remove() line:116
java.lang.ref.ReferenceQueue.remove() line:132
java.lang.ref.Finalizer$FinalizerThread.run() line:159

multicast announcement timer
-------------------------------------------
java.lang.Object.wait() line:-2
net.jini.discovery.LookupDiscovery$AnnouncementTimerThread.run() line:572

Thread-10
-------------------------------------------
java.lang.Object.wait() line:-2
com.sun.jini.thread.WakeupManager$Kicker.run() line:357
java.lang.Thread.run() line:619

multicast discovery response listener
-------------------------------------------
java.net.PlainSocketImpl.socketAccept() line:-2
java.net.PlainSocketImpl.accept() line:384
java.net.ServerSocket.implAccept() line:453
java.net.ServerSocket.accept() line:421
net.jini.discovery.LookupDiscovery$ResponseListener.run() line:419

CampaignOptionCache Update Thread (5 mins)
-------------------------------------------
java.lang.Thread.sleep() line:-2
com.touchclarity.util.thread.Cyclist.run() line:31

multicast discovery response listener
-------------------------------------------
java.net.PlainSocketImpl.socketAccept() line:-2
java.net.PlainSocketImpl.accept() line:384
java.net.ServerSocket.implAccept() line:453
java.net.ServerSocket.accept() line:421
net.jini.discovery.LookupDiscovery$ResponseListener.run() line:419

multicast announcement timer
-------------------------------------------
java.lang.Object.wait() line:-2
net.jini.discovery.LookupDiscovery$AnnouncementTimerThread.run() line:572

CampaignOptionCache Update Thread (5 mins)
-------------------------------------------
java.lang.Thread.sleep() line:-2
com.touchclarity.util.thread.Cyclist.run() line:31

Configuration change event notifier
-------------------------------------------
java.lang.Object.wait() line:-2
java.lang.Object.wait() line:485
EDU.oswego.cs.dl.util.concurrent.LinkedQueue.take() line:122
com.touchclarity.cms.common.EventsManager$Notifier.run() line:221

multicast discovery response listener
-------------------------------------------
java.net.PlainSocketImpl.socketAccept() line:-2
java.net.PlainSocketImpl.accept() line:384
java.net.ServerSocket.implAccept() line:453
java.net.ServerSocket.accept() line:421
net.jini.discovery.LookupDiscovery$ResponseListener.run() line:419

RMI TCP Accept-0
-------------------------------------------
java.net.PlainSocketImpl.socketAccept() line:-2
java.net.PlainSocketImpl.accept() line:384
java.net.ServerSocket.implAccept() line:453
java.net.ServerSocket.accept() line:421
sun.rmi.transport.tcp.TCPTransport$AcceptLoop.executeAcceptLoop() line:369
sun.rmi.transport.tcp.TCPTransport$AcceptLoop.run() line:341
java.lang.Thread.run() line:619

MulticastingChannel.Forwarder
-------------------------------------------
sun.misc.Unsafe.park() line:-2
java.util.concurrent.locks.LockSupport.parkNanos() line:198
java.util.concurrent.locks.AbstractQueuedSynchronizer$ConditionObject.awaitNanos() line:1963
java.util.concurrent.LinkedBlockingQueue.poll() line:395
com.touchclarity.channel.MulticastingChannel$Forwarder.run() line:156

multicast discovery request
-------------------------------------------
java.lang.Thread.sleep() line:-2
net.jini.discovery.LookupDiscovery$Requestor.run() line:520

multicast announcement timer
-------------------------------------------
java.lang.Object.wait() line:-2
net.jini.discovery.LookupDiscovery$AnnouncementTimerThread.run() line:572

GC Daemon
-------------------------------------------
java.lang.Object.wait() line:-2
sun.misc.GC$Daemon.run() line:100

Dispatcher-Thread-31
-------------------------------------------
java.lang.Object.wait() line:-2
java.lang.Object.wait() line:485
org.apache.log4j.Dispatcher.run() line:293

multicast announcement timer
-------------------------------------------
java.lang.Object.wait() line:-2
net.jini.discovery.LookupDiscovery$AnnouncementTimerThread.run() line:572

multicast discovery response listener
-------------------------------------------
java.net.PlainSocketImpl.socketAccept() line:-2
java.net.PlainSocketImpl.accept() line:384
java.net.ServerSocket.implAccept() line:453
java.net.ServerSocket.accept() line:421
net.jini.discovery.LookupDiscovery$ResponseListener.run() line:419

multicast discovery announcement listener
-------------------------------------------
java.net.PlainDatagramSocketImpl.receive0() line:-2
java.net.PlainDatagramSocketImpl.receive() line:136
java.net.DatagramSocket.receive() line:712
net.jini.discovery.LookupDiscovery$AnnouncementListener.run() line:310

Configuration change event notifier
-------------------------------------------
java.lang.Object.wait() line:-2
java.lang.Object.wait() line:485
EDU.oswego.cs.dl.util.concurrent.LinkedQueue.take() line:122
com.touchclarity.cms.common.EventsManager$Notifier.run() line:221

CampaignOptionCache Update Thread (5 mins)
-------------------------------------------
java.lang.Thread.sleep() line:-2
com.touchclarity.util.thread.Cyclist.run() line:31

multicast discovery request
-------------------------------------------
java.lang.Thread.sleep() line:-2
net.jini.discovery.LookupDiscovery$Requestor.run() line:520

RMI Reaper
-------------------------------------------
java.lang.Object.wait() line:-2
java.lang.ref.ReferenceQueue.remove() line:116
java.lang.ref.ReferenceQueue.remove() line:132
sun.rmi.transport.ObjectTable$Reaper.run() line:333
java.lang.Thread.run() line:619

multicast discovery announcement listener
-------------------------------------------
java.net.PlainDatagramSocketImpl.receive0() line:-2
java.net.PlainDatagramSocketImpl.receive() line:136
java.net.DatagramSocket.receive() line:712
net.jini.discovery.LookupDiscovery$AnnouncementListener.run() line:310

multicast announcement timer
-------------------------------------------
java.lang.Object.wait() line:-2
net.jini.discovery.LookupDiscovery$AnnouncementTimerThread.run() line:572

Configuration change event notifier
-------------------------------------------
java.lang.Object.wait() line:-2
java.lang.Object.wait() line:485
EDU.oswego.cs.dl.util.concurrent.LinkedQueue.take() line:122
com.touchclarity.cms.common.EventsManager$Notifier.run() line:221

multicast discovery request
-------------------------------------------
java.lang.Thread.sleep() line:-2
net.jini.discovery.LookupDiscovery$Requestor.run() line:520

CampaignOptionCache Update Thread (300 mins)
-------------------------------------------
java.lang.Thread.sleep() line:-2
com.touchclarity.util.thread.Cyclist.run() line:31

Attach Listener
-------------------------------------------

CampaignOptionCache Update Thread (300 mins)
-------------------------------------------
java.lang.Thread.sleep() line:-2
com.touchclarity.util.thread.Cyclist.run() line:31

Thread-16
-------------------------------------------
java.lang.Object.wait() line:-2
com.sun.jini.thread.WakeupManager$Kicker.run() line:357
java.lang.Thread.run() line:619

MulticastChannelBus.Forwarder-1
-------------------------------------------
sun.misc.Unsafe.park() line:-2
java.util.concurrent.locks.LockSupport.park() line:158
java.util.concurrent.locks.AbstractQueuedSynchronizer$ConditionObject.await() line:1925
java.util.concurrent.LinkedBlockingQueue.take() line:358
com.touchclarity.configuration.cache.MulticastingChannelBus$Forwarder.run() line:331

Reference Handler
-------------------------------------------
java.lang.Object.wait() line:-2
java.lang.Object.wait() line:485
java.lang.ref.Reference$ReferenceHandler.run() line:116

multicast discovery announcement listener
-------------------------------------------
java.net.PlainDatagramSocketImpl.receive0() line:-2
java.net.PlainDatagramSocketImpl.receive() line:136
java.net.DatagramSocket.receive() line:712
net.jini.discovery.LookupDiscovery$AnnouncementListener.run() line:310

Configuration change event notifier
-------------------------------------------
java.lang.Object.wait() line:-2
java.lang.Object.wait() line:485
EDU.oswego.cs.dl.util.concurrent.LinkedQueue.take() line:122
com.touchclarity.cms.common.EventsManager$Notifier.run() line:221

multicast discovery request
-------------------------------------------
java.lang.Thread.sleep() line:-2
net.jini.discovery.LookupDiscovery$Requestor.run() line:520

CampaignOptionCache Update Thread (5 mins)
-------------------------------------------
java.lang.Thread.sleep() line:-2
com.touchclarity.util.thread.Cyclist.run() line:31

Dispatcher-Thread-47
-------------------------------------------
java.lang.Object.wait() line:-2
java.lang.Object.wait() line:485
org.apache.log4j.Dispatcher.run() line:293

Configuration change event notifier
-------------------------------------------
java.lang.Object.wait() line:-2
java.lang.Object.wait() line:485
EDU.oswego.cs.dl.util.concurrent.LinkedQueue.take() line:122
com.touchclarity.cms.common.EventsManager$Notifier.run() line:221

multicast discovery announcement listener
-------------------------------------------
java.net.PlainDatagramSocketImpl.receive0() line:-2
java.net.PlainDatagramSocketImpl.receive() line:136
java.net.DatagramSocket.receive() line:712
net.jini.discovery.LookupDiscovery$AnnouncementListener.run() line:310

Configuration change event notifier
-------------------------------------------
java.lang.Object.wait() line:-2
java.lang.Object.wait() line:485
EDU.oswego.cs.dl.util.concurrent.LinkedQueue.take() line:122
com.touchclarity.cms.common.EventsManager$Notifier.run() line:221

Thread-15
-------------------------------------------
java.lang.Object.wait() line:-2
com.sun.jini.thread.WakeupManager$Kicker.run() line:357
java.lang.Thread.run() line:619

Thread-24
-------------------------------------------
java.lang.Object.wait() line:-2
com.sun.jini.thread.WakeupManager$Kicker.run() line:357
java.lang.Thread.run() line:619

Thread-19
-------------------------------------------
java.lang.Object.wait() line:-2
com.sun.jini.thread.WakeupManager$Kicker.run() line:357
java.lang.Thread.run() line:619

multicast announcement timer
-------------------------------------------
java.lang.Object.wait() line:-2
net.jini.discovery.LookupDiscovery$AnnouncementTimerThread.run() line:572

Configuration change event notifier
-------------------------------------------
java.lang.Object.wait() line:-2
java.lang.Object.wait() line:485
EDU.oswego.cs.dl.util.concurrent.LinkedQueue.take() line:122
com.touchclarity.cms.common.EventsManager$Notifier.run() line:221

CampaignOptionCache Update Thread (5 mins)
-------------------------------------------
java.lang.Thread.sleep() line:-2
com.touchclarity.util.thread.Cyclist.run() line:31

Configuration change event notifier
-------------------------------------------
java.lang.Object.wait() line:-2
java.lang.Object.wait() line:485
EDU.oswego.cs.dl.util.concurrent.LinkedQueue.take() line:122
com.touchclarity.cms.common.EventsManager$Notifier.run() line:221

Configuration change event notifier
-------------------------------------------
java.lang.Object.wait() line:-2
java.lang.Object.wait() line:485
EDU.oswego.cs.dl.util.concurrent.LinkedQueue.take() line:122
com.touchclarity.cms.common.EventsManager$Notifier.run() line:221

CampaignOptionCache Update Thread (5 mins)
-------------------------------------------
java.lang.Thread.sleep() line:-2
com.touchclarity.util.thread.Cyclist.run() line:31

CampaignOptionCache Update Thread (300 mins)
-------------------------------------------
java.lang.Thread.sleep() line:-2
com.touchclarity.util.thread.Cyclist.run() line:31

multicast discovery response listener
-------------------------------------------
java.net.PlainSocketImpl.socketAccept() line:-2
java.net.PlainSocketImpl.accept() line:384
java.net.ServerSocket.implAccept() line:453
java.net.ServerSocket.accept() line:421
net.jini.discovery.LookupDiscovery$ResponseListener.run() line:419

main
-------------------------------------------
java.lang.Thread.dumpThreads() line:-2
java.lang.Thread.getAllStackTraces() line:1477
com.touchclarity.datalogger.controller.Server2Test.printFinishedThreads() line:64
com.touchclarity.datalogger.controller.Server2Test.tearDown() line:60
junit.framework.TestCase.runBare() line:130
junit.framework.TestResult$1.protect() line:106
junit.framework.TestResult.runProtected() line:124
junit.framework.TestResult.run() line:109
junit.framework.TestCase.run() line:118
junit.framework.TestSuite.runTest() line:208
junit.framework.TestSuite.run() line:203
org.apache.tools.ant.taskdefs.optional.junit.JUnitTestRunner.run() line:297
org.apache.tools.ant.taskdefs.optional.junit.JUnitTestRunner.launch() line:672
org.apache.tools.ant.taskdefs.optional.junit.JUnitTestRunner.main() line:567

multicast discovery announcement listener
-------------------------------------------
java.net.PlainDatagramSocketImpl.receive0() line:-2
java.net.PlainDatagramSocketImpl.receive() line:136
java.net.DatagramSocket.receive() line:712
net.jini.discovery.LookupDiscovery$AnnouncementListener.run() line:310

Thread-32
-------------------------------------------
java.lang.Object.wait() line:-2
com.sun.jini.thread.WakeupManager$Kicker.run() line:357
java.lang.Thread.run() line:619

CampaignOptionCache Update Thread (5 mins)
-------------------------------------------
java.lang.Thread.sleep() line:-2
com.touchclarity.util.thread.Cyclist.run() line:31

CampaignOptionCache Update Thread (300 mins)
-------------------------------------------
java.lang.Thread.sleep() line:-2
com.touchclarity.util.thread.Cyclist.run() line:31

Thread-40
-------------------------------------------
java.lang.Object.wait() line:-2
com.sun.jini.thread.WakeupManager$Kicker.run() line:357
java.lang.Thread.run() line:619

multicast discovery request
-------------------------------------------
java.lang.Thread.sleep() line:-2
net.jini.discovery.LookupDiscovery$Requestor.run() line:520

Dispatcher-Thread-23
-------------------------------------------
java.lang.Object.wait() line:-2
java.lang.Object.wait() line:485
org.apache.log4j.Dispatcher.run() line:293

Configuration change event notifier
-------------------------------------------
java.lang.Object.wait() line:-2
java.lang.Object.wait() line:485
EDU.oswego.cs.dl.util.concurrent.LinkedQueue.take() line:122
com.touchclarity.cms.common.EventsManager$Notifier.run() line:221

multicast discovery request
-------------------------------------------
java.lang.Thread.sleep() line:-2
net.jini.discovery.LookupDiscovery$Requestor.run() line:520

Signal Dispatcher
-------------------------------------------

Average connection time: 0
Shutting down data logger...
Shutdown complete
multicast discovery response listener
-------------------------------------------
java.net.PlainSocketImpl.socketAccept() line:-2
java.net.PlainSocketImpl.accept() line:384
java.net.ServerSocket.implAccept() line:453
java.net.ServerSocket.accept() line:421
net.jini.discovery.LookupDiscovery$ResponseListener.run() line:419

multicast discovery announcement listener
-------------------------------------------
java.net.PlainDatagramSocketImpl.receive0() line:-2
java.net.PlainDatagramSocketImpl.receive() line:136
java.net.DatagramSocket.receive() line:712
net.jini.discovery.LookupDiscovery$AnnouncementListener.run() line:310

Dispatcher-Thread-39
-------------------------------------------
java.lang.Object.wait() line:-2
java.lang.Object.wait() line:485
org.apache.log4j.Dispatcher.run() line:293

CampaignOptionCache Update Thread (5 mins)
-------------------------------------------
java.lang.Thread.sleep() line:-2
com.touchclarity.util.thread.Cyclist.run() line:31

CampaignOptionCache Update Thread (5 mins)
-------------------------------------------
java.lang.Thread.sleep() line:-2
com.touchclarity.util.thread.Cyclist.run() line:31

Finalizer
-------------------------------------------
java.lang.Object.wait() line:-2
java.lang.ref.ReferenceQueue.remove() line:116
java.lang.ref.ReferenceQueue.remove() line:132
java.lang.ref.Finalizer$FinalizerThread.run() line:159

Thread-48
-------------------------------------------
java.lang.Object.wait() line:-2
com.sun.jini.thread.WakeupManager$Kicker.run() line:357
java.lang.Thread.run() line:619

multicast announcement timer
-------------------------------------------
java.lang.Object.wait() line:-2
net.jini.discovery.LookupDiscovery$AnnouncementTimerThread.run() line:572

CampaignOptionCache Update Thread (300 mins)
-------------------------------------------
java.lang.Thread.sleep() line:-2
com.touchclarity.util.thread.Cyclist.run() line:31

Thread-10
-------------------------------------------
java.lang.Object.wait() line:-2
com.sun.jini.thread.WakeupManager$Kicker.run() line:357
java.lang.Thread.run() line:619

multicast discovery response listener
-------------------------------------------
java.net.PlainSocketImpl.socketAccept() line:-2
java.net.PlainSocketImpl.accept() line:384
java.net.ServerSocket.implAccept() line:453
java.net.ServerSocket.accept() line:421
net.jini.discovery.LookupDiscovery$ResponseListener.run() line:419

CampaignOptionCache Update Thread (5 mins)
-------------------------------------------
java.lang.Thread.sleep() line:-2
com.touchclarity.util.thread.Cyclist.run() line:31

multicast discovery response listener
-------------------------------------------
java.net.PlainSocketImpl.socketAccept() line:-2
java.net.PlainSocketImpl.accept() line:384
java.net.ServerSocket.implAccept() line:453
java.net.ServerSocket.accept() line:421
net.jini.discovery.LookupDiscovery$ResponseListener.run() line:419

multicast announcement timer
-------------------------------------------
java.lang.Object.wait() line:-2
net.jini.discovery.LookupDiscovery$AnnouncementTimerThread.run() line:572

CampaignOptionCache Update Thread (5 mins)
-------------------------------------------
java.lang.Thread.sleep() line:-2
com.touchclarity.util.thread.Cyclist.run() line:31

Configuration change event notifier
-------------------------------------------
java.lang.Object.wait() line:-2
java.lang.Object.wait() line:485
EDU.oswego.cs.dl.util.concurrent.LinkedQueue.take() line:122
com.touchclarity.cms.common.EventsManager$Notifier.run() line:221

multicast discovery response listener
-------------------------------------------
java.net.PlainSocketImpl.socketAccept() line:-2
java.net.PlainSocketImpl.accept() line:384
java.net.ServerSocket.implAccept() line:453
java.net.ServerSocket.accept() line:421
net.jini.discovery.LookupDiscovery$ResponseListener.run() line:419

RMI TCP Accept-0
-------------------------------------------
java.net.PlainSocketImpl.socketAccept() line:-2
java.net.PlainSocketImpl.accept() line:384
java.net.ServerSocket.implAccept() line:453
java.net.ServerSocket.accept() line:421
sun.rmi.transport.tcp.TCPTransport$AcceptLoop.executeAcceptLoop() line:369
sun.rmi.transport.tcp.TCPTransport$AcceptLoop.run() line:341
java.lang.Thread.run() line:619

MulticastingChannel.Forwarder
-------------------------------------------
sun.misc.Unsafe.park() line:-2
java.util.concurrent.locks.LockSupport.parkNanos() line:198
java.util.concurrent.locks.AbstractQueuedSynchronizer$ConditionObject.awaitNanos() line:1963
java.util.concurrent.LinkedBlockingQueue.poll() line:395
com.touchclarity.channel.MulticastingChannel$Forwarder.run() line:156

multicast discovery request
-------------------------------------------
java.lang.Thread.sleep() line:-2
net.jini.discovery.LookupDiscovery$Requestor.run() line:520

multicast announcement timer
-------------------------------------------
java.lang.Object.wait() line:-2
net.jini.discovery.LookupDiscovery$AnnouncementTimerThread.run() line:572

GC Daemon
-------------------------------------------
java.lang.Object.wait() line:-2
sun.misc.GC$Daemon.run() line:100

Dispatcher-Thread-31
-------------------------------------------
java.lang.Object.wait() line:-2
java.lang.Object.wait() line:485
org.apache.log4j.Dispatcher.run() line:293

multicast announcement timer
-------------------------------------------
java.lang.Object.wait() line:-2
net.jini.discovery.LookupDiscovery$AnnouncementTimerThread.run() line:572

multicast discovery response listener
-------------------------------------------
java.net.PlainSocketImpl.socketAccept() line:-2
java.net.PlainSocketImpl.accept() line:384
java.net.ServerSocket.implAccept() line:453
java.net.ServerSocket.accept() line:421
net.jini.discovery.LookupDiscovery$ResponseListener.run() line:419

multicast discovery announcement listener
-------------------------------------------
java.net.PlainDatagramSocketImpl.receive0() line:-2
java.net.PlainDatagramSocketImpl.receive() line:136
java.net.DatagramSocket.receive() line:712
net.jini.discovery.LookupDiscovery$AnnouncementListener.run() line:310

Configuration change event notifier
-------------------------------------------
java.lang.Object.wait() line:-2
java.lang.Object.wait() line:485
EDU.oswego.cs.dl.util.concurrent.LinkedQueue.take() line:122
com.touchclarity.cms.common.EventsManager$Notifier.run() line:221

CampaignOptionCache Update Thread (5 mins)
-------------------------------------------
java.lang.Thread.sleep() line:-2
com.touchclarity.util.thread.Cyclist.run() line:31

multicast discovery request
-------------------------------------------
java.lang.Thread.sleep() line:-2
net.jini.discovery.LookupDiscovery$Requestor.run() line:520

RMI Reaper
-------------------------------------------
java.lang.Object.wait() line:-2
java.lang.ref.ReferenceQueue.remove() line:116
java.lang.ref.ReferenceQueue.remove() line:132
sun.rmi.transport.ObjectTable$Reaper.run() line:333
java.lang.Thread.run() line:619

multicast discovery request
-------------------------------------------
java.lang.Thread.sleep() line:-2
net.jini.discovery.LookupDiscovery$Requestor.run() line:520

multicast discovery announcement listener
-------------------------------------------
java.net.PlainDatagramSocketImpl.receive0() line:-2
java.net.PlainDatagramSocketImpl.receive() line:136
java.net.DatagramSocket.receive() line:712
net.jini.discovery.LookupDiscovery$AnnouncementListener.run() line:310

multicast announcement timer
-------------------------------------------
java.lang.Object.wait() line:-2
net.jini.discovery.LookupDiscovery$AnnouncementTimerThread.run() line:572

Configuration change event notifier
-------------------------------------------
java.lang.Object.wait() line:-2
java.lang.Object.wait() line:485
EDU.oswego.cs.dl.util.concurrent.LinkedQueue.take() line:122
com.touchclarity.cms.common.EventsManager$Notifier.run() line:221

multicast discovery request
-------------------------------------------
java.lang.Thread.sleep() line:-2
net.jini.discovery.LookupDiscovery$Requestor.run() line:520

CampaignOptionCache Update Thread (300 mins)
-------------------------------------------
java.lang.Thread.sleep() line:-2
com.touchclarity.util.thread.Cyclist.run() line:31

Attach Listener
-------------------------------------------

CampaignOptionCache Update Thread (300 mins)
-------------------------------------------
java.lang.Thread.sleep() line:-2
com.touchclarity.util.thread.Cyclist.run() line:31

Thread-16
-------------------------------------------
java.lang.Object.wait() line:-2
com.sun.jini.thread.WakeupManager$Kicker.run() line:357
java.lang.Thread.run() line:619

MulticastChannelBus.Forwarder-1
-------------------------------------------
sun.misc.Unsafe.park() line:-2
java.util.concurrent.locks.LockSupport.park() line:158
java.util.concurrent.locks.AbstractQueuedSynchronizer$ConditionObject.await() line:1925
java.util.concurrent.LinkedBlockingQueue.take() line:358
com.touchclarity.configuration.cache.MulticastingChannelBus$Forwarder.run() line:331

Reference Handler
-------------------------------------------
java.lang.Object.wait() line:-2
java.lang.Object.wait() line:485
java.lang.ref.Reference$ReferenceHandler.run() line:116

multicast discovery announcement listener
-------------------------------------------
java.net.PlainDatagramSocketImpl.receive0() line:-2
java.net.PlainDatagramSocketImpl.receive() line:136
java.net.DatagramSocket.receive() line:712
net.jini.discovery.LookupDiscovery$AnnouncementListener.run() line:310

Configuration change event notifier
-------------------------------------------
java.lang.Object.wait() line:-2
java.lang.Object.wait() line:485
EDU.oswego.cs.dl.util.concurrent.LinkedQueue.take() line:122
com.touchclarity.cms.common.EventsManager$Notifier.run() line:221

multicast discovery request
-------------------------------------------
java.lang.Thread.sleep() line:-2
net.jini.discovery.LookupDiscovery$Requestor.run() line:520

CampaignOptionCache Update Thread (5 mins)
-------------------------------------------
java.lang.Thread.sleep() line:-2
com.touchclarity.util.thread.Cyclist.run() line:31

Dispatcher-Thread-47
-------------------------------------------
java.lang.Object.wait() line:-2
java.lang.Object.wait() line:485
org.apache.log4j.Dispatcher.run() line:293

Dispatcher-Thread-55
-------------------------------------------
java.lang.Object.wait() line:-2
java.lang.Object.wait() line:485
org.apache.log4j.Dispatcher.run() line:293

Configuration change event notifier
-------------------------------------------
java.lang.Object.wait() line:-2
java.lang.Object.wait() line:485
EDU.oswego.cs.dl.util.concurrent.LinkedQueue.take() line:122
com.touchclarity.cms.common.EventsManager$Notifier.run() line:221

multicast discovery announcement listener
-------------------------------------------
java.net.PlainDatagramSocketImpl.receive0() line:-2
java.net.PlainDatagramSocketImpl.receive() line:136
java.net.DatagramSocket.receive() line:712
net.jini.discovery.LookupDiscovery$AnnouncementListener.run() line:310

Configuration change event notifier
-------------------------------------------
java.lang.Object.wait() line:-2
java.lang.Object.wait() line:485
EDU.oswego.cs.dl.util.concurrent.LinkedQueue.take() line:122
com.touchclarity.cms.common.EventsManager$Notifier.run() line:221

Thread-15
-------------------------------------------
java.lang.Object.wait() line:-2
com.sun.jini.thread.WakeupManager$Kicker.run() line:357
java.lang.Thread.run() line:619

Thread-24
-------------------------------------------
java.lang.Object.wait() line:-2
com.sun.jini.thread.WakeupManager$Kicker.run() line:357
java.lang.Thread.run() line:619

Thread-19
-------------------------------------------
java.lang.Object.wait() line:-2
com.sun.jini.thread.WakeupManager$Kicker.run() line:357
java.lang.Thread.run() line:619

multicast discovery announcement listener
-------------------------------------------
java.net.PlainDatagramSocketImpl.receive0() line:-2
java.net.PlainDatagramSocketImpl.receive() line:136
java.net.DatagramSocket.receive() line:712
net.jini.discovery.LookupDiscovery$AnnouncementListener.run() line:310

multicast announcement timer
-------------------------------------------
java.lang.Object.wait() line:-2
net.jini.discovery.LookupDiscovery$AnnouncementTimerThread.run() line:572

Configuration change event notifier
-------------------------------------------
java.lang.Object.wait() line:-2
java.lang.Object.wait() line:485
EDU.oswego.cs.dl.util.concurrent.LinkedQueue.take() line:122
com.touchclarity.cms.common.EventsManager$Notifier.run() line:221

CampaignOptionCache Update Thread (5 mins)
-------------------------------------------
java.lang.Thread.sleep() line:-2
com.touchclarity.util.thread.Cyclist.run() line:31

CampaignOptionCache Update Thread (5 mins)
-------------------------------------------
java.lang.Thread.sleep() line:-2
com.touchclarity.util.thread.Cyclist.run() line:31

Configuration change event notifier
-------------------------------------------
java.lang.Object.wait() line:-2
java.lang.Object.wait() line:485
EDU.oswego.cs.dl.util.concurrent.LinkedQueue.take() line:122
com.touchclarity.cms.common.EventsManager$Notifier.run() line:221

multicast announcement timer
-------------------------------------------
java.lang.Object.wait() line:-2
net.jini.discovery.LookupDiscovery$AnnouncementTimerThread.run() line:572

Configuration change event notifier
-------------------------------------------
java.lang.Object.wait() line:-2
java.lang.Object.wait() line:485
EDU.oswego.cs.dl.util.concurrent.LinkedQueue.take() line:122
com.touchclarity.cms.common.EventsManager$Notifier.run() line:221

CampaignOptionCache Update Thread (5 mins)
-------------------------------------------
java.lang.Thread.sleep() line:-2
com.touchclarity.util.thread.Cyclist.run() line:31

CampaignOptionCache Update Thread (300 mins)
-------------------------------------------
java.lang.Thread.sleep() line:-2
com.touchclarity.util.thread.Cyclist.run() line:31

multicast discovery response listener
-------------------------------------------
java.net.PlainSocketImpl.socketAccept() line:-2
java.net.PlainSocketImpl.accept() line:384
java.net.ServerSocket.implAccept() line:453
java.net.ServerSocket.accept() line:421
net.jini.discovery.LookupDiscovery$ResponseListener.run() line:419

main
-------------------------------------------
java.lang.Thread.dumpThreads() line:-2
java.lang.Thread.getAllStackTraces() line:1477
com.touchclarity.datalogger.controller.Server2Test.printFinishedThreads() line:64
com.touchclarity.datalogger.controller.Server2Test.tearDown() line:60
junit.framework.TestCase.runBare() line:130
junit.framework.TestResult$1.protect() line:106
junit.framework.TestResult.runProtected() line:124
junit.framework.TestResult.run() line:109
junit.framework.TestCase.run() line:118
junit.framework.TestSuite.runTest() line:208
junit.framework.TestSuite.run() line:203
org.apache.tools.ant.taskdefs.optional.junit.JUnitTestRunner.run() line:297
org.apache.tools.ant.taskdefs.optional.junit.JUnitTestRunner.launch() line:672
org.apache.tools.ant.taskdefs.optional.junit.JUnitTestRunner.main() line:567

multicast discovery announcement listener
-------------------------------------------
java.net.PlainDatagramSocketImpl.receive0() line:-2
java.net.PlainDatagramSocketImpl.receive() line:136
java.net.DatagramSocket.receive() line:712
net.jini.discovery.LookupDiscovery$AnnouncementListener.run() line:310

Thread-32
-------------------------------------------
java.lang.Object.wait() line:-2
com.sun.jini.thread.WakeupManager$Kicker.run() line:357
java.lang.Thread.run() line:619

CampaignOptionCache Update Thread (5 mins)
-------------------------------------------
java.lang.Thread.sleep() line:-2
com.touchclarity.util.thread.Cyclist.run() line:31

multicast discovery response listener
-------------------------------------------
java.net.PlainSocketImpl.socketAccept() line:-2
java.net.PlainSocketImpl.accept() line:384
java.net.ServerSocket.implAccept() line:453
java.net.ServerSocket.accept() line:421
net.jini.discovery.LookupDiscovery$ResponseListener.run() line:419

CampaignOptionCache Update Thread (300 mins)
-------------------------------------------
java.lang.Thread.sleep() line:-2
com.touchclarity.util.thread.Cyclist.run() line:31

Thread-40
-------------------------------------------
java.lang.Object.wait() line:-2
com.sun.jini.thread.WakeupManager$Kicker.run() line:357
java.lang.Thread.run() line:619

multicast discovery request
-------------------------------------------
java.lang.Thread.sleep() line:-2
net.jini.discovery.LookupDiscovery$Requestor.run() line:520

Dispatcher-Thread-23
-------------------------------------------
java.lang.Object.wait() line:-2
java.lang.Object.wait() line:485
org.apache.log4j.Dispatcher.run() line:293

Configuration change event notifier
-------------------------------------------
java.lang.Object.wait() line:-2
java.lang.Object.wait() line:485
EDU.oswego.cs.dl.util.concurrent.LinkedQueue.take() line:122
com.touchclarity.cms.common.EventsManager$Notifier.run() line:221

multicast discovery request
-------------------------------------------
java.lang.Thread.sleep() line:-2
net.jini.discovery.LookupDiscovery$Requestor.run() line:520

Signal Dispatcher
-------------------------------------------

Average connection time: 0
Shutting down data logger...
Shutdown complete
multicast discovery response listener
-------------------------------------------
java.net.PlainSocketImpl.socketAccept() line:-2
java.net.PlainSocketImpl.accept() line:384
java.net.ServerSocket.implAccept() line:453
java.net.ServerSocket.accept() line:421
net.jini.discovery.LookupDiscovery$ResponseListener.run() line:419

multicast discovery announcement listener
-------------------------------------------
java.net.PlainDatagramSocketImpl.receive0() line:-2
java.net.PlainDatagramSocketImpl.receive() line:136
java.net.DatagramSocket.receive() line:712
net.jini.discovery.LookupDiscovery$AnnouncementListener.run() line:310

Dispatcher-Thread-39
-------------------------------------------
java.lang.Object.wait() line:-2
java.lang.Object.wait() line:485
org.apache.log4j.Dispatcher.run() line:293

CampaignOptionCache Update Thread (5 mins)
-------------------------------------------
java.lang.Thread.sleep() line:-2
com.touchclarity.util.thread.Cyclist.run() line:31

CampaignOptionCache Update Thread (5 mins)
-------------------------------------------
java.lang.Thread.sleep() line:-2
com.touchclarity.util.thread.Cyclist.run() line:31

Finalizer
-------------------------------------------
java.lang.Object.wait() line:-2
java.lang.ref.ReferenceQueue.remove() line:116
java.lang.ref.ReferenceQueue.remove() line:132
java.lang.ref.Finalizer$FinalizerThread.run() line:159

Thread-48
-------------------------------------------
java.lang.Object.wait() line:-2
com.sun.jini.thread.WakeupManager$Kicker.run() line:357
java.lang.Thread.run() line:619

multicast announcement timer
-------------------------------------------
java.lang.Object.wait() line:-2
net.jini.discovery.LookupDiscovery$AnnouncementTimerThread.run() line:572

multicast discovery response listener
-------------------------------------------
java.net.PlainSocketImpl.socketAccept() line:-2
java.net.PlainSocketImpl.accept() line:384
java.net.ServerSocket.implAccept() line:453
java.net.ServerSocket.accept() line:421
net.jini.discovery.LookupDiscovery$ResponseListener.run() line:419

CampaignOptionCache Update Thread (300 mins)
-------------------------------------------
java.lang.Thread.sleep() line:-2
com.touchclarity.util.thread.Cyclist.run() line:31

Thread-10
-------------------------------------------
java.lang.Object.wait() line:-2
com.sun.jini.thread.WakeupManager$Kicker.run() line:357
java.lang.Thread.run() line:619

multicast discovery response listener
-------------------------------------------
java.net.PlainSocketImpl.socketAccept() line:-2
java.net.PlainSocketImpl.accept() line:384
java.net.ServerSocket.implAccept() line:453
java.net.ServerSocket.accept() line:421
net.jini.discovery.LookupDiscovery$ResponseListener.run() line:419

CampaignOptionCache Update Thread (5 mins)
-------------------------------------------
java.lang.Thread.sleep() line:-2
com.touchclarity.util.thread.Cyclist.run() line:31

multicast discovery response listener
-------------------------------------------
java.net.PlainSocketImpl.socketAccept() line:-2
java.net.PlainSocketImpl.accept() line:384
java.net.ServerSocket.implAccept() line:453
java.net.ServerSocket.accept() line:421
net.jini.discovery.LookupDiscovery$ResponseListener.run() line:419

multicast announcement timer
-------------------------------------------
java.lang.Object.wait() line:-2
net.jini.discovery.LookupDiscovery$AnnouncementTimerThread.run() line:572

CampaignOptionCache Update Thread (5 mins)
-------------------------------------------
java.lang.Thread.sleep() line:-2
com.touchclarity.util.thread.Cyclist.run() line:31

Configuration change event notifier
-------------------------------------------
java.lang.Object.wait() line:-2
java.lang.Object.wait() line:485
EDU.oswego.cs.dl.util.concurrent.LinkedQueue.take() line:122
com.touchclarity.cms.common.EventsManager$Notifier.run() line:221

multicast discovery response listener
-------------------------------------------
java.net.PlainSocketImpl.socketAccept() line:-2
java.net.PlainSocketImpl.accept() line:384
java.net.ServerSocket.implAccept() line:453
java.net.ServerSocket.accept() line:421
net.jini.discovery.LookupDiscovery$ResponseListener.run() line:419

RMI TCP Accept-0
-------------------------------------------
java.net.PlainSocketImpl.socketAccept() line:-2
java.net.PlainSocketImpl.accept() line:384
java.net.ServerSocket.implAccept() line:453
java.net.ServerSocket.accept() line:421
sun.rmi.transport.tcp.TCPTransport$AcceptLoop.executeAcceptLoop() line:369
sun.rmi.transport.tcp.TCPTransport$AcceptLoop.run() line:341
java.lang.Thread.run() line:619

MulticastingChannel.Forwarder
-------------------------------------------
sun.misc.Unsafe.park() line:-2
java.util.concurrent.locks.LockSupport.parkNanos() line:198
java.util.concurrent.locks.AbstractQueuedSynchronizer$ConditionObject.awaitNanos() line:1963
java.util.concurrent.LinkedBlockingQueue.poll() line:395
com.touchclarity.channel.MulticastingChannel$Forwarder.run() line:156

multicast discovery request
-------------------------------------------
java.lang.Thread.sleep() line:-2
net.jini.discovery.LookupDiscovery$Requestor.run() line:520

multicast announcement timer
-------------------------------------------
java.lang.Object.wait() line:-2
net.jini.discovery.LookupDiscovery$AnnouncementTimerThread.run() line:572

GC Daemon
-------------------------------------------
java.lang.Object.wait() line:-2
sun.misc.GC$Daemon.run() line:100

Dispatcher-Thread-31
-------------------------------------------
java.lang.Object.wait() line:-2
java.lang.Object.wait() line:485
org.apache.log4j.Dispatcher.run() line:293

multicast announcement timer
-------------------------------------------
java.lang.Object.wait() line:-2
net.jini.discovery.LookupDiscovery$AnnouncementTimerThread.run() line:572

multicast discovery response listener
-------------------------------------------
java.net.PlainSocketImpl.socketAccept() line:-2
java.net.PlainSocketImpl.accept() line:384
java.net.ServerSocket.implAccept() line:453
java.net.ServerSocket.accept() line:421
net.jini.discovery.LookupDiscovery$ResponseListener.run() line:419

multicast discovery announcement listener
-------------------------------------------
java.net.PlainDatagramSocketImpl.receive0() line:-2
java.net.PlainDatagramSocketImpl.receive() line:136
java.net.DatagramSocket.receive() line:712
net.jini.discovery.LookupDiscovery$AnnouncementListener.run() line:310

Configuration change event notifier
-------------------------------------------
java.lang.Object.wait() line:-2
java.lang.Object.wait() line:485
EDU.oswego.cs.dl.util.concurrent.LinkedQueue.take() line:122
com.touchclarity.cms.common.EventsManager$Notifier.run() line:221

multicast discovery request
-------------------------------------------
java.lang.Thread.sleep() line:-2
net.jini.discovery.LookupDiscovery$Requestor.run() line:520

CampaignOptionCache Update Thread (5 mins)
-------------------------------------------
java.lang.Thread.sleep() line:-2
com.touchclarity.util.thread.Cyclist.run() line:31

multicast discovery request
-------------------------------------------
java.lang.Thread.sleep() line:-2
net.jini.discovery.LookupDiscovery$Requestor.run() line:520

RMI Reaper
-------------------------------------------
java.lang.Object.wait() line:-2
java.lang.ref.ReferenceQueue.remove() line:116
java.lang.ref.ReferenceQueue.remove() line:132
sun.rmi.transport.ObjectTable$Reaper.run() line:333
java.lang.Thread.run() line:619

multicast discovery request
-------------------------------------------
java.lang.Thread.sleep() line:-2
net.jini.discovery.LookupDiscovery$Requestor.run() line:520

multicast discovery announcement listener
-------------------------------------------
java.net.PlainDatagramSocketImpl.receive0() line:-2
java.net.PlainDatagramSocketImpl.receive() line:136
java.net.DatagramSocket.receive() line:712
net.jini.discovery.LookupDiscovery$AnnouncementListener.run() line:310

multicast announcement timer
-------------------------------------------
java.lang.Object.wait() line:-2
net.jini.discovery.LookupDiscovery$AnnouncementTimerThread.run() line:572

Configuration change event notifier
-------------------------------------------
java.lang.Object.wait() line:-2
java.lang.Object.wait() line:485
EDU.oswego.cs.dl.util.concurrent.LinkedQueue.take() line:122
com.touchclarity.cms.common.EventsManager$Notifier.run() line:221

multicast announcement timer
-------------------------------------------
java.lang.Object.wait() line:-2
net.jini.discovery.LookupDiscovery$AnnouncementTimerThread.run() line:572

multicast discovery request
-------------------------------------------
java.lang.Thread.sleep() line:-2
net.jini.discovery.LookupDiscovery$Requestor.run() line:520

CampaignOptionCache Update Thread (300 mins)
-------------------------------------------
java.lang.Thread.sleep() line:-2
com.touchclarity.util.thread.Cyclist.run() line:31

Attach Listener
-------------------------------------------

CampaignOptionCache Update Thread (300 mins)
-------------------------------------------
java.lang.Thread.sleep() line:-2
com.touchclarity.util.thread.Cyclist.run() line:31

Thread-16
-------------------------------------------
java.lang.Object.wait() line:-2
com.sun.jini.thread.WakeupManager$Kicker.run() line:357
java.lang.Thread.run() line:619

MulticastChannelBus.Forwarder-1
-------------------------------------------
sun.misc.Unsafe.park() line:-2
java.util.concurrent.locks.LockSupport.park() line:158
java.util.concurrent.locks.AbstractQueuedSynchronizer$ConditionObject.await() line:1925
java.util.concurrent.LinkedBlockingQueue.take() line:358
com.touchclarity.configuration.cache.MulticastingChannelBus$Forwarder.run() line:331

Reference Handler
-------------------------------------------
java.lang.Object.wait() line:-2
java.lang.Object.wait() line:485
java.lang.ref.Reference$ReferenceHandler.run() line:116

multicast discovery announcement listener
-------------------------------------------
java.net.PlainDatagramSocketImpl.receive0() line:-2
java.net.PlainDatagramSocketImpl.receive() line:136
java.net.DatagramSocket.receive() line:712
net.jini.discovery.LookupDiscovery$AnnouncementListener.run() line:310

multicast discovery announcement listener
-------------------------------------------
java.net.PlainDatagramSocketImpl.receive0() line:-2
java.net.PlainDatagramSocketImpl.receive() line:136
java.net.DatagramSocket.receive() line:712
net.jini.discovery.LookupDiscovery$AnnouncementListener.run() line:310

Configuration change event notifier
-------------------------------------------
java.lang.Object.wait() line:-2
java.lang.Object.wait() line:485
EDU.oswego.cs.dl.util.concurrent.LinkedQueue.take() line:122
com.touchclarity.cms.common.EventsManager$Notifier.run() line:221

multicast discovery request
-------------------------------------------
java.lang.Thread.sleep() line:-2
net.jini.discovery.LookupDiscovery$Requestor.run() line:520

CampaignOptionCache Update Thread (5 mins)
-------------------------------------------
java.lang.Thread.sleep() line:-2
com.touchclarity.util.thread.Cyclist.run() line:31

Dispatcher-Thread-47
-------------------------------------------
java.lang.Object.wait() line:-2
java.lang.Object.wait() line:485
org.apache.log4j.Dispatcher.run() line:293

Dispatcher-Thread-55
-------------------------------------------
java.lang.Object.wait() line:-2
java.lang.Object.wait() line:485
org.apache.log4j.Dispatcher.run() line:293

Configuration change event notifier
-------------------------------------------
java.lang.Object.wait() line:-2
java.lang.Object.wait() line:485
EDU.oswego.cs.dl.util.concurrent.LinkedQueue.take() line:122
com.touchclarity.cms.common.EventsManager$Notifier.run() line:221

multicast discovery announcement listener
-------------------------------------------
java.net.PlainDatagramSocketImpl.receive0() line:-2
java.net.PlainDatagramSocketImpl.receive() line:136
java.net.DatagramSocket.receive() line:712
net.jini.discovery.LookupDiscovery$AnnouncementListener.run() line:310

Configuration change event notifier
-------------------------------------------
java.lang.Object.wait() line:-2
java.lang.Object.wait() line:485
EDU.oswego.cs.dl.util.concurrent.LinkedQueue.take() line:122
com.touchclarity.cms.common.EventsManager$Notifier.run() line:221

Thread-15
-------------------------------------------
java.lang.Object.wait() line:-2
com.sun.jini.thread.WakeupManager$Kicker.run() line:357
java.lang.Thread.run() line:619

Thread-24
-------------------------------------------
java.lang.Object.wait() line:-2
com.sun.jini.thread.WakeupManager$Kicker.run() line:357
java.lang.Thread.run() line:619

Thread-19
-------------------------------------------
java.lang.Object.wait() line:-2
com.sun.jini.thread.WakeupManager$Kicker.run() line:357
java.lang.Thread.run() line:619

multicast discovery announcement listener
-------------------------------------------
java.net.PlainDatagramSocketImpl.receive0() line:-2
java.net.PlainDatagramSocketImpl.receive() line:136
java.net.DatagramSocket.receive() line:712
net.jini.discovery.LookupDiscovery$AnnouncementListener.run() line:310

multicast announcement timer
-------------------------------------------
java.lang.Object.wait() line:-2
net.jini.discovery.LookupDiscovery$AnnouncementTimerThread.run() line:572

Configuration change event notifier
-------------------------------------------
java.lang.Object.wait() line:-2
java.lang.Object.wait() line:485
EDU.oswego.cs.dl.util.concurrent.LinkedQueue.take() line:122
com.touchclarity.cms.common.EventsManager$Notifier.run() line:221

CampaignOptionCache Update Thread (5 mins)
-------------------------------------------
java.lang.Thread.sleep() line:-2
com.touchclarity.util.thread.Cyclist.run() line:31

CampaignOptionCache Update Thread (5 mins)
-------------------------------------------
java.lang.Thread.sleep() line:-2
com.touchclarity.util.thread.Cyclist.run() line:31

Configuration change event notifier
-------------------------------------------
java.lang.Object.wait() line:-2
java.lang.Object.wait() line:485
EDU.oswego.cs.dl.util.concurrent.LinkedQueue.take() line:122
com.touchclarity.cms.common.EventsManager$Notifier.run() line:221

multicast announcement timer
-------------------------------------------
java.lang.Object.wait() line:-2
net.jini.discovery.LookupDiscovery$AnnouncementTimerThread.run() line:572

Configuration change event notifier
-------------------------------------------
java.lang.Object.wait() line:-2
java.lang.Object.wait() line:485
EDU.oswego.cs.dl.util.concurrent.LinkedQueue.take() line:122
com.touchclarity.cms.common.EventsManager$Notifier.run() line:221

CampaignOptionCache Update Thread (5 mins)
-------------------------------------------
java.lang.Thread.sleep() line:-2
com.touchclarity.util.thread.Cyclist.run() line:31

CampaignOptionCache Update Thread (300 mins)
-------------------------------------------
java.lang.Thread.sleep() line:-2
com.touchclarity.util.thread.Cyclist.run() line:31

CampaignOptionCache Update Thread (300 mins)
-------------------------------------------
java.lang.Thread.sleep() line:-2
com.touchclarity.util.thread.Cyclist.run() line:31

multicast discovery response listener
-------------------------------------------
java.net.PlainSocketImpl.socketAccept() line:-2
java.net.PlainSocketImpl.accept() line:384
java.net.ServerSocket.implAccept() line:453
java.net.ServerSocket.accept() line:421
net.jini.discovery.LookupDiscovery$ResponseListener.run() line:419

Thread-56
-------------------------------------------
java.lang.Object.wait() line:-2
com.sun.jini.thread.WakeupManager$Kicker.run() line:357
java.lang.Thread.run() line:619

main
-------------------------------------------
java.lang.Thread.dumpThreads() line:-2
java.lang.Thread.getAllStackTraces() line:1477
com.touchclarity.datalogger.controller.Server2Test.printFinishedThreads() line:64
com.touchclarity.datalogger.controller.Server2Test.tearDown() line:60
junit.framework.TestCase.runBare() line:130
junit.framework.TestResult$1.protect() line:106
junit.framework.TestResult.runProtected() line:124
junit.framework.TestResult.run() line:109
junit.framework.TestCase.run() line:118
junit.framework.TestSuite.runTest() line:208
junit.framework.TestSuite.run() line:203
org.apache.tools.ant.taskdefs.optional.junit.JUnitTestRunner.run() line:297
org.apache.tools.ant.taskdefs.optional.junit.JUnitTestRunner.launch() line:672
org.apache.tools.ant.taskdefs.optional.junit.JUnitTestRunner.main() line:567

multicast discovery announcement listener
-------------------------------------------
java.net.PlainDatagramSocketImpl.receive0() line:-2
java.net.PlainDatagramSocketImpl.receive() line:136
java.net.DatagramSocket.receive() line:712
net.jini.discovery.LookupDiscovery$AnnouncementListener.run() line:310

Thread-32
-------------------------------------------
java.lang.Object.wait() line:-2
com.sun.jini.thread.WakeupManager$Kicker.run() line:357
java.lang.Thread.run() line:619

CampaignOptionCache Update Thread (5 mins)
-------------------------------------------
java.lang.Thread.sleep() line:-2
com.touchclarity.util.thread.Cyclist.run() line:31

multicast discovery response listener
-------------------------------------------
java.net.PlainSocketImpl.socketAccept() line:-2
java.net.PlainSocketImpl.accept() line:384
java.net.ServerSocket.implAccept() line:453
java.net.ServerSocket.accept() line:421
net.jini.discovery.LookupDiscovery$ResponseListener.run() line:419

CampaignOptionCache Update Thread (300 mins)
-------------------------------------------
java.lang.Thread.sleep() line:-2
com.touchclarity.util.thread.Cyclist.run() line:31

Thread-40
-------------------------------------------
java.lang.Object.wait() line:-2
com.sun.jini.thread.WakeupManager$Kicker.run() line:357
java.lang.Thread.run() line:619

Dispatcher-Thread-63
-------------------------------------------
java.lang.Object.wait() line:-2
java.lang.Object.wait() line:485
org.apache.log4j.Dispatcher.run() line:293

multicast discovery request
-------------------------------------------
java.lang.Thread.sleep() line:-2
net.jini.discovery.LookupDiscovery$Requestor.run() line:520

Dispatcher-Thread-23
-------------------------------------------
java.lang.Object.wait() line:-2
java.lang.Object.wait() line:485
org.apache.log4j.Dispatcher.run() line:293

CampaignOptionCache Update Thread (5 mins)
-------------------------------------------
java.lang.Thread.sleep() line:-2
com.touchclarity.util.thread.Cyclist.run() line:31

Configuration change event notifier
-------------------------------------------
java.lang.Object.wait() line:-2
java.lang.Object.wait() line:485
EDU.oswego.cs.dl.util.concurrent.LinkedQueue.take() line:122
com.touchclarity.cms.common.EventsManager$Notifier.run() line:221

multicast discovery request
-------------------------------------------
java.lang.Thread.sleep() line:-2
net.jini.discovery.LookupDiscovery$Requestor.run() line:520

CampaignOptionCache Update Thread (5 mins)
-------------------------------------------
java.lang.Thread.sleep() line:-2
com.touchclarity.util.thread.Cyclist.run() line:31

Signal Dispatcher
-------------------------------------------

HTTP/1.1 200 OK
Cache-control: no-cache, private
Pragma: no-cache
Expires: Thu, 01 Jan 1970 00:00:00 GMT
Connection: Close
Content-Length: 2
Set-Cookie: TCID=00079f7d-1245-2218-a9da-a3c3e1b3669a;path=/;expires=Sun, 01-Nov-2009 10:27:50 GMT;
Last-Modified: Thu, 01 Nov 2007 10:27:50 GMT
Date: Thu, 01 Nov 2007 10:27:50 GMT
Content-Type: text/javascript; charset=ISO-8859-1
P3P: privacy policy

;

Average connection time: 0
Shutting down data logger...
Shutdown complete
multicast discovery response listener
-------------------------------------------
java.net.PlainSocketImpl.socketAccept() line:-2
java.net.PlainSocketImpl.accept() line:384
java.net.ServerSocket.implAccept() line:453
java.net.ServerSocket.accept() line:421
net.jini.discovery.LookupDiscovery$ResponseListener.run() line:419

multicast discovery announcement listener
-------------------------------------------
java.net.PlainDatagramSocketImpl.receive0() line:-2
java.net.PlainDatagramSocketImpl.receive() line:136
java.net.DatagramSocket.receive() line:712
net.jini.discovery.LookupDiscovery$AnnouncementListener.run() line:310

Dispatcher-Thread-39
-------------------------------------------
java.lang.Object.wait() line:-2
java.lang.Object.wait() line:485
org.apache.log4j.Dispatcher.run() line:293

CampaignOptionCache Update Thread (5 mins)
-------------------------------------------
java.lang.Thread.sleep() line:-2
com.touchclarity.util.thread.Cyclist.run() line:31

CampaignOptionCache Update Thread (5 mins)
-------------------------------------------
java.lang.Thread.sleep() line:-2
com.touchclarity.util.thread.Cyclist.run() line:31

CampaignOptionCache Update Thread (5 mins)
-------------------------------------------
java.lang.Thread.sleep() line:-2
com.touchclarity.util.thread.Cyclist.run() line:31

Finalizer
-------------------------------------------
java.lang.Object.wait() line:-2
java.lang.ref.ReferenceQueue.remove() line:116
java.lang.ref.ReferenceQueue.remove() line:132
java.lang.ref.Finalizer$FinalizerThread.run() line:159

Thread-48
-------------------------------------------
java.lang.Object.wait() line:-2
com.sun.jini.thread.WakeupManager$Kicker.run() line:357
java.lang.Thread.run() line:619

multicast announcement timer
-------------------------------------------
java.lang.Object.wait() line:-2
net.jini.discovery.LookupDiscovery$AnnouncementTimerThread.run() line:572

multicast discovery response listener
-------------------------------------------
java.net.PlainSocketImpl.socketAccept() line:-2
java.net.PlainSocketImpl.accept() line:384
java.net.ServerSocket.implAccept() line:453
java.net.ServerSocket.accept() line:421
net.jini.discovery.LookupDiscovery$ResponseListener.run() line:419

CampaignOptionCache Update Thread (300 mins)
-------------------------------------------
java.lang.Thread.sleep() line:-2
com.touchclarity.util.thread.Cyclist.run() line:31

Thread-10
-------------------------------------------
java.lang.Object.wait() line:-2
com.sun.jini.thread.WakeupManager$Kicker.run() line:357
java.lang.Thread.run() line:619

multicast discovery response listener
-------------------------------------------
java.net.PlainSocketImpl.socketAccept() line:-2
java.net.PlainSocketImpl.accept() line:384
java.net.ServerSocket.implAccept() line:453
java.net.ServerSocket.accept() line:421
net.jini.discovery.LookupDiscovery$ResponseListener.run() line:419

CampaignOptionCache Update Thread (5 mins)
-------------------------------------------
java.lang.Thread.sleep() line:-2
com.touchclarity.util.thread.Cyclist.run() line:31

multicast discovery response listener
-------------------------------------------
java.net.PlainSocketImpl.socketAccept() line:-2
java.net.PlainSocketImpl.accept() line:384
java.net.ServerSocket.implAccept() line:453
java.net.ServerSocket.accept() line:421
net.jini.discovery.LookupDiscovery$ResponseListener.run() line:419

multicast announcement timer
-------------------------------------------
java.lang.Object.wait() line:-2
net.jini.discovery.LookupDiscovery$AnnouncementTimerThread.run() line:572

CampaignOptionCache Update Thread (5 mins)
-------------------------------------------
java.lang.Thread.sleep() line:-2
com.touchclarity.util.thread.Cyclist.run() line:31

Configuration change event notifier
-------------------------------------------
java.lang.Object.wait() line:-2
java.lang.Object.wait() line:485
EDU.oswego.cs.dl.util.concurrent.LinkedQueue.take() line:122
com.touchclarity.cms.common.EventsManager$Notifier.run() line:221

multicast discovery response listener
-------------------------------------------
java.net.PlainSocketImpl.socketAccept() line:-2
java.net.PlainSocketImpl.accept() line:384
java.net.ServerSocket.implAccept() line:453
java.net.ServerSocket.accept() line:421
net.jini.discovery.LookupDiscovery$ResponseListener.run() line:419

RMI TCP Accept-0
-------------------------------------------
java.net.PlainSocketImpl.socketAccept() line:-2
java.net.PlainSocketImpl.accept() line:384
java.net.ServerSocket.implAccept() line:453
java.net.ServerSocket.accept() line:421
sun.rmi.transport.tcp.TCPTransport$AcceptLoop.executeAcceptLoop() line:369
sun.rmi.transport.tcp.TCPTransport$AcceptLoop.run() line:341
java.lang.Thread.run() line:619

MulticastingChannel.Forwarder
-------------------------------------------
sun.misc.Unsafe.park() line:-2
java.util.concurrent.locks.LockSupport.parkNanos() line:198
java.util.concurrent.locks.AbstractQueuedSynchronizer$ConditionObject.awaitNanos() line:1963
java.util.concurrent.LinkedBlockingQueue.poll() line:395
com.touchclarity.channel.MulticastingChannel$Forwarder.run() line:156

multicast discovery request
-------------------------------------------
java.lang.Thread.sleep() line:-2
net.jini.discovery.LookupDiscovery$Requestor.run() line:520

multicast announcement timer
-------------------------------------------
java.lang.Object.wait() line:-2
net.jini.discovery.LookupDiscovery$AnnouncementTimerThread.run() line:572

GC Daemon
-------------------------------------------
java.lang.Object.wait() line:-2
sun.misc.GC$Daemon.run() line:100

Dispatcher-Thread-31
-------------------------------------------
java.lang.Object.wait() line:-2
java.lang.Object.wait() line:485
org.apache.log4j.Dispatcher.run() line:293

multicast discovery response listener
-------------------------------------------
java.net.PlainSocketImpl.socketAccept() line:-2
java.net.PlainSocketImpl.accept() line:384
java.net.ServerSocket.implAccept() line:453
java.net.ServerSocket.accept() line:421
net.jini.discovery.LookupDiscovery$ResponseListener.run() line:419

multicast announcement timer
-------------------------------------------
java.lang.Object.wait() line:-2
net.jini.discovery.LookupDiscovery$AnnouncementTimerThread.run() line:572

multicast discovery response listener
-------------------------------------------
java.net.PlainSocketImpl.socketAccept() line:-2
java.net.PlainSocketImpl.accept() line:384
java.net.ServerSocket.implAccept() line:453
java.net.ServerSocket.accept() line:421
net.jini.discovery.LookupDiscovery$ResponseListener.run() line:419

multicast discovery announcement listener
-------------------------------------------
java.net.PlainDatagramSocketImpl.receive0() line:-2
java.net.PlainDatagramSocketImpl.receive() line:136
java.net.DatagramSocket.receive() line:712
net.jini.discovery.LookupDiscovery$AnnouncementListener.run() line:310

Configuration change event notifier
-------------------------------------------
java.lang.Object.wait() line:-2
java.lang.Object.wait() line:485
EDU.oswego.cs.dl.util.concurrent.LinkedQueue.take() line:122
com.touchclarity.cms.common.EventsManager$Notifier.run() line:221

multicast announcement timer
-------------------------------------------
java.lang.Object.wait() line:-2
net.jini.discovery.LookupDiscovery$AnnouncementTimerThread.run() line:572

multicast discovery request
-------------------------------------------
java.lang.Thread.sleep() line:-2
net.jini.discovery.LookupDiscovery$Requestor.run() line:520

CampaignOptionCache Update Thread (5 mins)
-------------------------------------------
java.lang.Thread.sleep() line:-2
com.touchclarity.util.thread.Cyclist.run() line:31

multicast discovery request
-------------------------------------------
java.lang.Thread.sleep() line:-2
net.jini.discovery.LookupDiscovery$Requestor.run() line:520

RMI Reaper
-------------------------------------------
java.lang.Object.wait() line:-2
java.lang.ref.ReferenceQueue.remove() line:116
java.lang.ref.ReferenceQueue.remove() line:132
sun.rmi.transport.ObjectTable$Reaper.run() line:333
java.lang.Thread.run() line:619

multicast discovery request
-------------------------------------------
java.lang.Thread.sleep() line:-2
net.jini.discovery.LookupDiscovery$Requestor.run() line:520

multicast discovery announcement listener
-------------------------------------------
java.net.PlainDatagramSocketImpl.receive0() line:-2
java.net.PlainDatagramSocketImpl.receive() line:136
java.net.DatagramSocket.receive() line:712
net.jini.discovery.LookupDiscovery$AnnouncementListener.run() line:310

multicast announcement timer
-------------------------------------------
java.lang.Object.wait() line:-2
net.jini.discovery.LookupDiscovery$AnnouncementTimerThread.run() line:572

Configuration change event notifier
-------------------------------------------
java.lang.Object.wait() line:-2
java.lang.Object.wait() line:485
EDU.oswego.cs.dl.util.concurrent.LinkedQueue.take() line:122
com.touchclarity.cms.common.EventsManager$Notifier.run() line:221

multicast announcement timer
-------------------------------------------
java.lang.Object.wait() line:-2
net.jini.discovery.LookupDiscovery$AnnouncementTimerThread.run() line:572

multicast discovery request
-------------------------------------------
java.lang.Thread.sleep() line:-2
net.jini.discovery.LookupDiscovery$Requestor.run() line:520

CampaignOptionCache Update Thread (300 mins)
-------------------------------------------
java.lang.Thread.sleep() line:-2
com.touchclarity.util.thread.Cyclist.run() line:31

Attach Listener
-------------------------------------------

CampaignOptionCache Update Thread (300 mins)
-------------------------------------------
java.lang.Thread.sleep() line:-2
com.touchclarity.util.thread.Cyclist.run() line:31

Thread-16
-------------------------------------------
java.lang.Object.wait() line:-2
com.sun.jini.thread.WakeupManager$Kicker.run() line:357
java.lang.Thread.run() line:619

MulticastChannelBus.Forwarder-1
-------------------------------------------
sun.misc.Unsafe.park() line:-2
java.util.concurrent.locks.LockSupport.park() line:158
java.util.concurrent.locks.AbstractQueuedSynchronizer$ConditionObject.await() line:1925
java.util.concurrent.LinkedBlockingQueue.take() line:358
com.touchclarity.configuration.cache.MulticastingChannelBus$Forwarder.run() line:331

Reference Handler
-------------------------------------------
java.lang.Object.wait() line:-2
java.lang.Object.wait() line:485
java.lang.ref.Reference$ReferenceHandler.run() line:116

multicast discovery announcement listener
-------------------------------------------
java.net.PlainDatagramSocketImpl.receive0() line:-2
java.net.PlainDatagramSocketImpl.receive() line:136
java.net.DatagramSocket.receive() line:712
net.jini.discovery.LookupDiscovery$AnnouncementListener.run() line:310

multicast discovery announcement listener
-------------------------------------------
java.net.PlainDatagramSocketImpl.receive0() line:-2
java.net.PlainDatagramSocketImpl.receive() line:136
java.net.DatagramSocket.receive() line:712
net.jini.discovery.LookupDiscovery$AnnouncementListener.run() line:310

Configuration change event notifier
-------------------------------------------
java.lang.Object.wait() line:-2
java.lang.Object.wait() line:485
EDU.oswego.cs.dl.util.concurrent.LinkedQueue.take() line:122
com.touchclarity.cms.common.EventsManager$Notifier.run() line:221

multicast discovery request
-------------------------------------------
java.lang.Thread.sleep() line:-2
net.jini.discovery.LookupDiscovery$Requestor.run() line:520

multicast discovery request
-------------------------------------------
java.lang.Thread.sleep() line:-2
net.jini.discovery.LookupDiscovery$Requestor.run() line:520

CampaignOptionCache Update Thread (5 mins)
-------------------------------------------
java.lang.Thread.sleep() line:-2
com.touchclarity.util.thread.Cyclist.run() line:31

Dispatcher-Thread-47
-------------------------------------------
java.lang.Object.wait() line:-2
java.lang.Object.wait() line:485
org.apache.log4j.Dispatcher.run() line:293

Dispatcher-Thread-55
-------------------------------------------
java.lang.Object.wait() line:-2
java.lang.Object.wait() line:485
org.apache.log4j.Dispatcher.run() line:293

Configuration change event notifier
-------------------------------------------
java.lang.Object.wait() line:-2
java.lang.Object.wait() line:485
EDU.oswego.cs.dl.util.concurrent.LinkedQueue.take() line:122
com.touchclarity.cms.common.EventsManager$Notifier.run() line:221

multicast discovery announcement listener
-------------------------------------------
java.net.PlainDatagramSocketImpl.receive0() line:-2
java.net.PlainDatagramSocketImpl.receive() line:136
java.net.DatagramSocket.receive() line:712
net.jini.discovery.LookupDiscovery$AnnouncementListener.run() line:310

Configuration change event notifier
-------------------------------------------
java.lang.Object.wait() line:-2
java.lang.Object.wait() line:485
EDU.oswego.cs.dl.util.concurrent.LinkedQueue.take() line:122
com.touchclarity.cms.common.EventsManager$Notifier.run() line:221

Thread-15
-------------------------------------------
java.lang.Object.wait() line:-2
com.sun.jini.thread.WakeupManager$Kicker.run() line:357
java.lang.Thread.run() line:619

Thread-24
-------------------------------------------
java.lang.Object.wait() line:-2
com.sun.jini.thread.WakeupManager$Kicker.run() line:357
java.lang.Thread.run() line:619

Dispatcher-Thread-71
-------------------------------------------
java.lang.Object.wait() line:-2
java.lang.Object.wait() line:485
org.apache.log4j.Dispatcher.run() line:293

Thread-19
-------------------------------------------
java.lang.Object.wait() line:-2
com.sun.jini.thread.WakeupManager$Kicker.run() line:357
java.lang.Thread.run() line:619

multicast discovery announcement listener
-------------------------------------------
java.net.PlainDatagramSocketImpl.receive0() line:-2
java.net.PlainDatagramSocketImpl.receive() line:136
java.net.DatagramSocket.receive() line:712
net.jini.discovery.LookupDiscovery$AnnouncementListener.run() line:310

CampaignOptionCache Update Thread (5 mins)
-------------------------------------------
java.lang.Thread.sleep() line:-2
com.touchclarity.util.thread.Cyclist.run() line:31

multicast discovery announcement listener
-------------------------------------------
java.net.PlainDatagramSocketImpl.receive0() line:-2
java.net.PlainDatagramSocketImpl.receive() line:136
java.net.DatagramSocket.receive() line:712
net.jini.discovery.LookupDiscovery$AnnouncementListener.run() line:310

multicast announcement timer
-------------------------------------------
java.lang.Object.wait() line:-2
net.jini.discovery.LookupDiscovery$AnnouncementTimerThread.run() line:572

Configuration change event notifier
-------------------------------------------
java.lang.Object.wait() line:-2
java.lang.Object.wait() line:485
EDU.oswego.cs.dl.util.concurrent.LinkedQueue.take() line:122
com.touchclarity.cms.common.EventsManager$Notifier.run() line:221

CampaignOptionCache Update Thread (5 mins)
-------------------------------------------
java.lang.Thread.sleep() line:-2
com.touchclarity.util.thread.Cyclist.run() line:31

CampaignOptionCache Update Thread (5 mins)
-------------------------------------------
java.lang.Thread.sleep() line:-2
com.touchclarity.util.thread.Cyclist.run() line:31

Configuration change event notifier
-------------------------------------------
java.lang.Object.wait() line:-2
java.lang.Object.wait() line:485
EDU.oswego.cs.dl.util.concurrent.LinkedQueue.take() line:122
com.touchclarity.cms.common.EventsManager$Notifier.run() line:221

multicast announcement timer
-------------------------------------------
java.lang.Object.wait() line:-2
net.jini.discovery.LookupDiscovery$AnnouncementTimerThread.run() line:572

Configuration change event notifier
-------------------------------------------
java.lang.Object.wait() line:-2
java.lang.Object.wait() line:485
EDU.oswego.cs.dl.util.concurrent.LinkedQueue.take() line:122
com.touchclarity.cms.common.EventsManager$Notifier.run() line:221

CampaignOptionCache Update Thread (5 mins)
-------------------------------------------
java.lang.Thread.sleep() line:-2
com.touchclarity.util.thread.Cyclist.run() line:31

CampaignOptionCache Update Thread (300 mins)
-------------------------------------------
java.lang.Thread.sleep() line:-2
com.touchclarity.util.thread.Cyclist.run() line:31

CampaignOptionCache Update Thread (300 mins)
-------------------------------------------
java.lang.Thread.sleep() line:-2
com.touchclarity.util.thread.Cyclist.run() line:31

multicast discovery response listener
-------------------------------------------
java.net.PlainSocketImpl.socketAccept() line:-2
java.net.PlainSocketImpl.accept() line:384
java.net.ServerSocket.implAccept() line:453
java.net.ServerSocket.accept() line:421
net.jini.discovery.LookupDiscovery$ResponseListener.run() line:419

Thread-56
-------------------------------------------
java.lang.Object.wait() line:-2
com.sun.jini.thread.WakeupManager$Kicker.run() line:357
java.lang.Thread.run() line:619

Thread-64
-------------------------------------------
java.lang.Object.wait() line:-2
com.sun.jini.thread.WakeupManager$Kicker.run() line:357
java.lang.Thread.run() line:619

main
-------------------------------------------
java.lang.Thread.dumpThreads() line:-2
java.lang.Thread.getAllStackTraces() line:1477
com.touchclarity.datalogger.controller.Server2Test.printFinishedThreads() line:64
com.touchclarity.datalogger.controller.Server2Test.tearDown() line:60
junit.framework.TestCase.runBare() line:130
junit.framework.TestResult$1.protect() line:106
junit.framework.TestResult.runProtected() line:124
junit.framework.TestResult.run() line:109
junit.framework.TestCase.run() line:118
junit.framework.TestSuite.runTest() line:208
junit.framework.TestSuite.run() line:203
org.apache.tools.ant.taskdefs.optional.junit.JUnitTestRunner.run() line:297
org.apache.tools.ant.taskdefs.optional.junit.JUnitTestRunner.launch() line:672
org.apache.tools.ant.taskdefs.optional.junit.JUnitTestRunner.main() line:567

multicast discovery announcement listener
-------------------------------------------
java.net.PlainDatagramSocketImpl.receive0() line:-2
java.net.PlainDatagramSocketImpl.receive() line:136
java.net.DatagramSocket.receive() line:712
net.jini.discovery.LookupDiscovery$AnnouncementListener.run() line:310

Thread-32
-------------------------------------------
java.lang.Object.wait() line:-2
com.sun.jini.thread.WakeupManager$Kicker.run() line:357
java.lang.Thread.run() line:619

CampaignOptionCache Update Thread (5 mins)
-------------------------------------------
java.lang.Thread.sleep() line:-2
com.touchclarity.util.thread.Cyclist.run() line:31

CampaignOptionCache Update Thread (300 mins)
-------------------------------------------
java.lang.Thread.sleep() line:-2
com.touchclarity.util.thread.Cyclist.run() line:31

multicast discovery response listener
-------------------------------------------
java.net.PlainSocketImpl.socketAccept() line:-2
java.net.PlainSocketImpl.accept() line:384
java.net.ServerSocket.implAccept() line:453
java.net.ServerSocket.accept() line:421
net.jini.discovery.LookupDiscovery$ResponseListener.run() line:419

CampaignOptionCache Update Thread (300 mins)
-------------------------------------------
java.lang.Thread.sleep() line:-2
com.touchclarity.util.thread.Cyclist.run() line:31

Thread-40
-------------------------------------------
java.lang.Object.wait() line:-2
com.sun.jini.thread.WakeupManager$Kicker.run() line:357
java.lang.Thread.run() line:619

Dispatcher-Thread-63
-------------------------------------------
java.lang.Object.wait() line:-2
java.lang.Object.wait() line:485
org.apache.log4j.Dispatcher.run() line:293

multicast discovery request
-------------------------------------------
java.lang.Thread.sleep() line:-2
net.jini.discovery.LookupDiscovery$Requestor.run() line:520

Dispatcher-Thread-23
-------------------------------------------
java.lang.Object.wait() line:-2
java.lang.Object.wait() line:485
org.apache.log4j.Dispatcher.run() line:293

CampaignOptionCache Update Thread (5 mins)
-------------------------------------------
java.lang.Thread.sleep() line:-2
com.touchclarity.util.thread.Cyclist.run() line:31

Configuration change event notifier
-------------------------------------------
java.lang.Object.wait() line:-2
java.lang.Object.wait() line:485
EDU.oswego.cs.dl.util.concurrent.LinkedQueue.take() line:122
com.touchclarity.cms.common.EventsManager$Notifier.run() line:221

multicast discovery request
-------------------------------------------
java.lang.Thread.sleep() line:-2
net.jini.discovery.LookupDiscovery$Requestor.run() line:520

CampaignOptionCache Update Thread (5 mins)
-------------------------------------------
java.lang.Thread.sleep() line:-2
com.touchclarity.util.thread.Cyclist.run() line:31

Signal Dispatcher
-------------------------------------------

Connected to port 1861
Connected to port 1862
Average connection time: 0
Shutting down data logger...
Shutdown complete
multicast discovery announcement listener
-------------------------------------------
java.net.PlainDatagramSocketImpl.receive0() line:-2
java.net.PlainDatagramSocketImpl.receive() line:136
java.net.DatagramSocket.receive() line:712
net.jini.discovery.LookupDiscovery$AnnouncementListener.run() line:310

CampaignOptionCache Update Thread (5 mins)
-------------------------------------------
java.lang.Thread.sleep() line:-2
com.touchclarity.util.thread.Cyclist.run() line:31

CampaignOptionCache Update Thread (5 mins)
-------------------------------------------
java.lang.Thread.sleep() line:-2
com.touchclarity.util.thread.Cyclist.run() line:31

multicast discovery request
-------------------------------------------
java.lang.Thread.sleep() line:-2
net.jini.discovery.LookupDiscovery$Requestor.run() line:520

Finalizer
-------------------------------------------
java.lang.Object.wait() line:-2
java.lang.ref.ReferenceQueue.remove() line:116
java.lang.ref.ReferenceQueue.remove() line:132
java.lang.ref.Finalizer$FinalizerThread.run() line:159

multicast announcement timer
-------------------------------------------
java.lang.Object.wait() line:-2
net.jini.discovery.LookupDiscovery$AnnouncementTimerThread.run() line:572

Thread-10
-------------------------------------------
java.lang.Object.wait() line:-2
com.sun.jini.thread.WakeupManager$Kicker.run() line:357
java.lang.Thread.run() line:619

multicast discovery response listener
-------------------------------------------
java.net.PlainSocketImpl.socketAccept() line:-2
java.net.PlainSocketImpl.accept() line:384
java.net.ServerSocket.implAccept() line:453
java.net.ServerSocket.accept() line:421
net.jini.discovery.LookupDiscovery$ResponseListener.run() line:419

multicast discovery response listener
-------------------------------------------
java.net.PlainSocketImpl.socketAccept() line:-2
java.net.PlainSocketImpl.accept() line:384
java.net.ServerSocket.implAccept() line:453
java.net.ServerSocket.accept() line:421
net.jini.discovery.LookupDiscovery$ResponseListener.run() line:419

multicast announcement timer
-------------------------------------------
java.lang.Object.wait() line:-2
net.jini.discovery.LookupDiscovery$AnnouncementTimerThread.run() line:572

CampaignOptionCache Update Thread (5 mins)
-------------------------------------------
java.lang.Thread.sleep() line:-2
com.touchclarity.util.thread.Cyclist.run() line:31

Configuration change event notifier
-------------------------------------------
java.lang.Object.wait() line:-2
java.lang.Object.wait() line:485
EDU.oswego.cs.dl.util.concurrent.LinkedQueue.take() line:122
com.touchclarity.cms.common.EventsManager$Notifier.run() line:221

RMI TCP Accept-0
-------------------------------------------
java.net.PlainSocketImpl.socketAccept() line:-2
java.net.PlainSocketImpl.accept() line:384
java.net.ServerSocket.implAccept() line:453
java.net.ServerSocket.accept() line:421
sun.rmi.transport.tcp.TCPTransport$AcceptLoop.executeAcceptLoop() line:369
sun.rmi.transport.tcp.TCPTransport$AcceptLoop.run() line:341
java.lang.Thread.run() line:619

multicast discovery response listener
-------------------------------------------
java.net.PlainSocketImpl.socketAccept() line:-2
java.net.PlainSocketImpl.accept() line:384
java.net.ServerSocket.implAccept() line:453
java.net.ServerSocket.accept() line:421
net.jini.discovery.LookupDiscovery$ResponseListener.run() line:419

multicast discovery request
-------------------------------------------
java.lang.Thread.sleep() line:-2
net.jini.discovery.LookupDiscovery$Requestor.run() line:520

MulticastingChannel.Forwarder
-------------------------------------------
sun.misc.Unsafe.park() line:-2
java.util.concurrent.locks.LockSupport.parkNanos() line:198
java.util.concurrent.locks.AbstractQueuedSynchronizer$ConditionObject.awaitNanos() line:1963
java.util.concurrent.LinkedBlockingQueue.poll() line:395
com.touchclarity.channel.MulticastingChannel$Forwarder.run() line:156

GC Daemon
-------------------------------------------
java.lang.Object.wait() line:-2
sun.misc.GC$Daemon.run() line:100

Dispatcher-Thread-31
-------------------------------------------
java.lang.Object.wait() line:-2
java.lang.Object.wait() line:485
org.apache.log4j.Dispatcher.run() line:293

multicast announcement timer
-------------------------------------------
java.lang.Object.wait() line:-2
net.jini.discovery.LookupDiscovery$AnnouncementTimerThread.run() line:572

multicast discovery announcement listener
-------------------------------------------
java.net.PlainDatagramSocketImpl.receive0() line:-2
java.net.PlainDatagramSocketImpl.receive() line:136
java.net.DatagramSocket.receive() line:712
net.jini.discovery.LookupDiscovery$AnnouncementListener.run() line:310

multicast announcement timer
-------------------------------------------
java.lang.Object.wait() line:-2
net.jini.discovery.LookupDiscovery$AnnouncementTimerThread.run() line:572

Configuration change event notifier
-------------------------------------------
java.lang.Object.wait() line:-2
java.lang.Object.wait() line:485
EDU.oswego.cs.dl.util.concurrent.LinkedQueue.take() line:122
com.touchclarity.cms.common.EventsManager$Notifier.run() line:221

multicast discovery request
-------------------------------------------
java.lang.Thread.sleep() line:-2
net.jini.discovery.LookupDiscovery$Requestor.run() line:520

RMI Reaper
-------------------------------------------
java.lang.Object.wait() line:-2
java.lang.ref.ReferenceQueue.remove() line:116
java.lang.ref.ReferenceQueue.remove() line:132
sun.rmi.transport.ObjectTable$Reaper.run() line:333
java.lang.Thread.run() line:619

multicast discovery announcement listener
-------------------------------------------
java.net.PlainDatagramSocketImpl.receive0() line:-2
java.net.PlainDatagramSocketImpl.receive() line:136
java.net.DatagramSocket.receive() line:712
net.jini.discovery.LookupDiscovery$AnnouncementListener.run() line:310

multicast announcement timer
-------------------------------------------
java.lang.Object.wait() line:-2
net.jini.discovery.LookupDiscovery$AnnouncementTimerThread.run() line:572

CampaignOptionCache Update Thread (300 mins)
-------------------------------------------
java.lang.Thread.sleep() line:-2
com.touchclarity.util.thread.Cyclist.run() line:31

multicast announcement timer
-------------------------------------------
java.lang.Object.wait() line:-2
net.jini.discovery.LookupDiscovery$AnnouncementTimerThread.run() line:572

CampaignOptionCache Update Thread (300 mins)
-------------------------------------------
java.lang.Thread.sleep() line:-2
com.touchclarity.util.thread.Cyclist.run() line:31

CampaignOptionCache Update Thread (300 mins)
-------------------------------------------
java.lang.Thread.sleep() line:-2
com.touchclarity.util.thread.Cyclist.run() line:31

Thread-16
-------------------------------------------
java.lang.Object.wait() line:-2
com.sun.jini.thread.WakeupManager$Kicker.run() line:357
java.lang.Thread.run() line:619

MulticastChannelBus.Forwarder-1
-------------------------------------------
sun.misc.Unsafe.park() line:-2
java.util.concurrent.locks.LockSupport.park() line:158
java.util.concurrent.locks.AbstractQueuedSynchronizer$ConditionObject.await() line:1925
java.util.concurrent.LinkedBlockingQueue.take() line:358
com.touchclarity.configuration.cache.MulticastingChannelBus$Forwarder.run() line:331

Reference Handler
-------------------------------------------
java.lang.Object.wait() line:-2
java.lang.Object.wait() line:485
java.lang.ref.Reference$ReferenceHandler.run() line:116

multicast discovery announcement listener
-------------------------------------------
java.net.PlainDatagramSocketImpl.receive0() line:-2
java.net.PlainDatagramSocketImpl.receive() line:136
java.net.DatagramSocket.receive() line:712
net.jini.discovery.LookupDiscovery$AnnouncementListener.run() line:310

Configuration change event notifier
-------------------------------------------
java.lang.Object.wait() line:-2
java.lang.Object.wait() line:485
EDU.oswego.cs.dl.util.concurrent.LinkedQueue.take() line:122
com.touchclarity.cms.common.EventsManager$Notifier.run() line:221

Dispatcher-Thread-79
-------------------------------------------
java.lang.Object.wait() line:-2
java.lang.Object.wait() line:485
org.apache.log4j.Dispatcher.run() line:293

multicast discovery request
-------------------------------------------
java.lang.Thread.sleep() line:-2
net.jini.discovery.LookupDiscovery$Requestor.run() line:520

multicast discovery request
-------------------------------------------
java.lang.Thread.sleep() line:-2
net.jini.discovery.LookupDiscovery$Requestor.run() line:520

Dispatcher-Thread-47
-------------------------------------------
java.lang.Object.wait() line:-2
java.lang.Object.wait() line:485
org.apache.log4j.Dispatcher.run() line:293

CampaignOptionCache Update Thread (5 mins)
-------------------------------------------
java.lang.Thread.sleep() line:-2
com.touchclarity.util.thread.Cyclist.run() line:31

multicast discovery announcement listener
-------------------------------------------
java.net.PlainDatagramSocketImpl.receive0() line:-2
java.net.PlainDatagramSocketImpl.receive() line:136
java.net.DatagramSocket.receive() line:712
net.jini.discovery.LookupDiscovery$AnnouncementListener.run() line:310

Configuration change event notifier
-------------------------------------------
java.lang.Object.wait() line:-2
java.lang.Object.wait() line:485
EDU.oswego.cs.dl.util.concurrent.LinkedQueue.take() line:122
com.touchclarity.cms.common.EventsManager$Notifier.run() line:221

Configuration change event notifier
-------------------------------------------
java.lang.Object.wait() line:-2
java.lang.Object.wait() line:485
EDU.oswego.cs.dl.util.concurrent.LinkedQueue.take() line:122
com.touchclarity.cms.common.EventsManager$Notifier.run() line:221

Thread-15
-------------------------------------------
java.lang.Object.wait() line:-2
com.sun.jini.thread.WakeupManager$Kicker.run() line:357
java.lang.Thread.run() line:619

Thread-19
-------------------------------------------
java.lang.Object.wait() line:-2
com.sun.jini.thread.WakeupManager$Kicker.run() line:357
java.lang.Thread.run() line:619

CampaignOptionCache Update Thread (5 mins)
-------------------------------------------
java.lang.Thread.sleep() line:-2
com.touchclarity.util.thread.Cyclist.run() line:31

multicast discovery announcement listener
-------------------------------------------
java.net.PlainDatagramSocketImpl.receive0() line:-2
java.net.PlainDatagramSocketImpl.receive() line:136
java.net.DatagramSocket.receive() line:712
net.jini.discovery.LookupDiscovery$AnnouncementListener.run() line:310

Configuration change event notifier
-------------------------------------------
java.lang.Object.wait() line:-2
java.lang.Object.wait() line:485
EDU.oswego.cs.dl.util.concurrent.LinkedQueue.take() line:122
com.touchclarity.cms.common.EventsManager$Notifier.run() line:221

multicast announcement timer
-------------------------------------------
java.lang.Object.wait() line:-2
net.jini.discovery.LookupDiscovery$AnnouncementTimerThread.run() line:572

Configuration change event notifier
-------------------------------------------
java.lang.Object.wait() line:-2
java.lang.Object.wait() line:485
EDU.oswego.cs.dl.util.concurrent.LinkedQueue.take() line:122
com.touchclarity.cms.common.EventsManager$Notifier.run() line:221

CampaignOptionCache Update Thread (300 mins)
-------------------------------------------
java.lang.Thread.sleep() line:-2
com.touchclarity.util.thread.Cyclist.run() line:31

CampaignOptionCache Update Thread (5 mins)
-------------------------------------------
java.lang.Thread.sleep() line:-2
com.touchclarity.util.thread.Cyclist.run() line:31

multicast discovery response listener
-------------------------------------------
java.net.PlainSocketImpl.socketAccept() line:-2
java.net.PlainSocketImpl.accept() line:384
java.net.ServerSocket.implAccept() line:453
java.net.ServerSocket.accept() line:421
net.jini.discovery.LookupDiscovery$ResponseListener.run() line:419

multicast discovery announcement listener
-------------------------------------------
java.net.PlainDatagramSocketImpl.receive0() line:-2
java.net.PlainDatagramSocketImpl.receive() line:136
java.net.DatagramSocket.receive() line:712
net.jini.discovery.LookupDiscovery$AnnouncementListener.run() line:310

CampaignOptionCache Update Thread (5 mins)
-------------------------------------------
java.lang.Thread.sleep() line:-2
com.touchclarity.util.thread.Cyclist.run() line:31

CampaignOptionCache Update Thread (300 mins)
-------------------------------------------
java.lang.Thread.sleep() line:-2
com.touchclarity.util.thread.Cyclist.run() line:31

Dispatcher-Thread-63
-------------------------------------------
java.lang.Object.wait() line:-2
java.lang.Object.wait() line:485
org.apache.log4j.Dispatcher.run() line:293

CampaignOptionCache Update Thread (5 mins)
-------------------------------------------
java.lang.Thread.sleep() line:-2
com.touchclarity.util.thread.Cyclist.run() line:31

Configuration change event notifier
-------------------------------------------
java.lang.Object.wait() line:-2
java.lang.Object.wait() line:485
EDU.oswego.cs.dl.util.concurrent.LinkedQueue.take() line:122
com.touchclarity.cms.common.EventsManager$Notifier.run() line:221

CampaignOptionCache Update Thread (5 mins)
-------------------------------------------
java.lang.Thread.sleep() line:-2
com.touchclarity.util.thread.Cyclist.run() line:31

multicast discovery response listener
-------------------------------------------
java.net.PlainSocketImpl.socketAccept() line:-2
java.net.PlainSocketImpl.accept() line:384
java.net.ServerSocket.implAccept() line:453
java.net.ServerSocket.accept() line:421
net.jini.discovery.LookupDiscovery$ResponseListener.run() line:419

CampaignOptionCache Update Thread (5 mins)
-------------------------------------------
java.lang.Thread.sleep() line:-2
com.touchclarity.util.thread.Cyclist.run() line:31

Dispatcher-Thread-39
-------------------------------------------
java.lang.Object.wait() line:-2
java.lang.Object.wait() line:485
org.apache.log4j.Dispatcher.run() line:293

multicast announcement timer
-------------------------------------------
java.lang.Object.wait() line:-2
net.jini.discovery.LookupDiscovery$AnnouncementTimerThread.run() line:572

Thread-48
-------------------------------------------
java.lang.Object.wait() line:-2
com.sun.jini.thread.WakeupManager$Kicker.run() line:357
java.lang.Thread.run() line:619

multicast discovery response listener
-------------------------------------------
java.net.PlainSocketImpl.socketAccept() line:-2
java.net.PlainSocketImpl.accept() line:384
java.net.ServerSocket.implAccept() line:453
java.net.ServerSocket.accept() line:421
net.jini.discovery.LookupDiscovery$ResponseListener.run() line:419

CampaignOptionCache Update Thread (300 mins)
-------------------------------------------
java.lang.Thread.sleep() line:-2
com.touchclarity.util.thread.Cyclist.run() line:31

CampaignOptionCache Update Thread (5 mins)
-------------------------------------------
java.lang.Thread.sleep() line:-2
com.touchclarity.util.thread.Cyclist.run() line:31

CampaignOptionCache Update Thread (5 mins)
-------------------------------------------
java.lang.Thread.sleep() line:-2
com.touchclarity.util.thread.Cyclist.run() line:31

multicast announcement timer
-------------------------------------------
java.lang.Object.wait() line:-2
net.jini.discovery.LookupDiscovery$AnnouncementTimerThread.run() line:572

multicast discovery response listener
-------------------------------------------
java.net.PlainSocketImpl.socketAccept() line:-2
java.net.PlainSocketImpl.accept() line:384
java.net.ServerSocket.implAccept() line:453
java.net.ServerSocket.accept() line:421
net.jini.discovery.LookupDiscovery$ResponseListener.run() line:419

multicast discovery response listener
-------------------------------------------
java.net.PlainSocketImpl.socketAccept() line:-2
java.net.PlainSocketImpl.accept() line:384
java.net.ServerSocket.implAccept() line:453
java.net.ServerSocket.accept() line:421
net.jini.discovery.LookupDiscovery$ResponseListener.run() line:419

multicast discovery request
-------------------------------------------
java.lang.Thread.sleep() line:-2
net.jini.discovery.LookupDiscovery$Requestor.run() line:520

CampaignOptionCache Update Thread (5 mins)
-------------------------------------------
java.lang.Thread.sleep() line:-2
com.touchclarity.util.thread.Cyclist.run() line:31

multicast discovery request
-------------------------------------------
java.lang.Thread.sleep() line:-2
net.jini.discovery.LookupDiscovery$Requestor.run() line:520

Configuration change event notifier
-------------------------------------------
java.lang.Object.wait() line:-2
java.lang.Object.wait() line:485
EDU.oswego.cs.dl.util.concurrent.LinkedQueue.take() line:122
com.touchclarity.cms.common.EventsManager$Notifier.run() line:221

multicast discovery request
-------------------------------------------
java.lang.Thread.sleep() line:-2
net.jini.discovery.LookupDiscovery$Requestor.run() line:520

Attach Listener
-------------------------------------------

multicast discovery announcement listener
-------------------------------------------
java.net.PlainDatagramSocketImpl.receive0() line:-2
java.net.PlainDatagramSocketImpl.receive() line:136
java.net.DatagramSocket.receive() line:712
net.jini.discovery.LookupDiscovery$AnnouncementListener.run() line:310

CampaignOptionCache Update Thread (5 mins)
-------------------------------------------
java.lang.Thread.sleep() line:-2
com.touchclarity.util.thread.Cyclist.run() line:31

Dispatcher-Thread-55
-------------------------------------------
java.lang.Object.wait() line:-2
java.lang.Object.wait() line:485
org.apache.log4j.Dispatcher.run() line:293

Thread-24
-------------------------------------------
java.lang.Object.wait() line:-2
com.sun.jini.thread.WakeupManager$Kicker.run() line:357
java.lang.Thread.run() line:619

Dispatcher-Thread-71
-------------------------------------------
java.lang.Object.wait() line:-2
java.lang.Object.wait() line:485
org.apache.log4j.Dispatcher.run() line:293

multicast discovery announcement listener
-------------------------------------------
java.net.PlainDatagramSocketImpl.receive0() line:-2
java.net.PlainDatagramSocketImpl.receive() line:136
java.net.DatagramSocket.receive() line:712
net.jini.discovery.LookupDiscovery$AnnouncementListener.run() line:310

multicast announcement timer
-------------------------------------------
java.lang.Object.wait() line:-2
net.jini.discovery.LookupDiscovery$AnnouncementTimerThread.run() line:572

CampaignOptionCache Update Thread (5 mins)
-------------------------------------------
java.lang.Thread.sleep() line:-2
com.touchclarity.util.thread.Cyclist.run() line:31

CampaignOptionCache Update Thread (5 mins)
-------------------------------------------
java.lang.Thread.sleep() line:-2
com.touchclarity.util.thread.Cyclist.run() line:31

multicast discovery response listener
-------------------------------------------
java.net.PlainSocketImpl.socketAccept() line:-2
java.net.PlainSocketImpl.accept() line:384
java.net.ServerSocket.implAccept() line:453
java.net.ServerSocket.accept() line:421
net.jini.discovery.LookupDiscovery$ResponseListener.run() line:419

Configuration change event notifier
-------------------------------------------
java.lang.Object.wait() line:-2
java.lang.Object.wait() line:485
EDU.oswego.cs.dl.util.concurrent.LinkedQueue.take() line:122
com.touchclarity.cms.common.EventsManager$Notifier.run() line:221

CampaignOptionCache Update Thread (300 mins)
-------------------------------------------
java.lang.Thread.sleep() line:-2
com.touchclarity.util.thread.Cyclist.run() line:31

Thread-64
-------------------------------------------
java.lang.Object.wait() line:-2
com.sun.jini.thread.WakeupManager$Kicker.run() line:357
java.lang.Thread.run() line:619

Thread-56
-------------------------------------------
java.lang.Object.wait() line:-2
com.sun.jini.thread.WakeupManager$Kicker.run() line:357
java.lang.Thread.run() line:619

main
-------------------------------------------
java.lang.Thread.dumpThreads() line:-2
java.lang.Thread.getAllStackTraces() line:1477
com.touchclarity.datalogger.controller.Server2Test.printFinishedThreads() line:64
com.touchclarity.datalogger.controller.Server2Test.tearDown() line:60
junit.framework.TestCase.runBare() line:130
junit.framework.TestResult$1.protect() line:106
junit.framework.TestResult.runProtected() line:124
junit.framework.TestResult.run() line:109
junit.framework.TestCase.run() line:118
junit.framework.TestSuite.runTest() line:208
junit.framework.TestSuite.run() line:203
org.apache.tools.ant.taskdefs.optional.junit.JUnitTestRunner.run() line:297
org.apache.tools.ant.taskdefs.optional.junit.JUnitTestRunner.launch() line:672
org.apache.tools.ant.taskdefs.optional.junit.JUnitTestRunner.main() line:567

Thread-32
-------------------------------------------
java.lang.Object.wait() line:-2
com.sun.jini.thread.WakeupManager$Kicker.run() line:357
java.lang.Thread.run() line:619

CampaignOptionCache Update Thread (300 mins)
-------------------------------------------
java.lang.Thread.sleep() line:-2
com.touchclarity.util.thread.Cyclist.run() line:31

multicast discovery response listener
-------------------------------------------
java.net.PlainSocketImpl.socketAccept() line:-2
java.net.PlainSocketImpl.accept() line:384
java.net.ServerSocket.implAccept() line:453
java.net.ServerSocket.accept() line:421
net.jini.discovery.LookupDiscovery$ResponseListener.run() line:419

Thread-40
-------------------------------------------
java.lang.Object.wait() line:-2
com.sun.jini.thread.WakeupManager$Kicker.run() line:357
java.lang.Thread.run() line:619

multicast discovery request
-------------------------------------------
java.lang.Thread.sleep() line:-2
net.jini.discovery.LookupDiscovery$Requestor.run() line:520

multicast discovery announcement listener
-------------------------------------------
java.net.PlainDatagramSocketImpl.receive0() line:-2
java.net.PlainDatagramSocketImpl.receive() line:136
java.net.DatagramSocket.receive() line:712
net.jini.discovery.LookupDiscovery$AnnouncementListener.run() line:310

Dispatcher-Thread-23
-------------------------------------------
java.lang.Object.wait() line:-2
java.lang.Object.wait() line:485
org.apache.log4j.Dispatcher.run() line:293

multicast discovery request
-------------------------------------------
java.lang.Thread.sleep() line:-2
net.jini.discovery.LookupDiscovery$Requestor.run() line:520

Thread-72
-------------------------------------------
java.lang.Object.wait() line:-2
com.sun.jini.thread.WakeupManager$Kicker.run() line:357
java.lang.Thread.run() line:619

Signal Dispatcher
-------------------------------------------

Sending request
Throwing http exception
Closing socket
HTTP/1.1 200 OK
Cache-control: no-cache, private
Pragma: no-cache
Expires: Thu, 01 Jan 1970 00:00:00 GMT
Connection: Keep-Alive
Content-Length: 9
Last-Modified: Thu, 01 Nov 2007 10:27:59 GMT
Date: Thu, 01 Nov 2007 10:27:59 GMT
Content-Type: text/plain; charset=ISO-8859-1

Request 0HTTP/1.1 404 Not Found
Cache-control: no-cache, private
Pragma: no-cache
Expires: Thu, 01 Jan 1970 00:00:00 GMT
Connection: Keep-Alive
Content-Length: 128
Last-Modified: Thu, 01 Nov 2007 10:28:02 GMT
Date: Thu, 01 Nov 2007 10:28:02 GMT
Content-Type: text/html; charset=ISO-8859-1

<HTML>
	<HEAD>
		<TITLE>Touch Clarity System Error</TITLE>
	</HEAD>
	<BODY>
		<H1>Error</H1>
		<P>Not Found</P>
	</BODY>
</HTML>HTTP/1.1 200 OK
Cache-control: no-cache, private
Pragma: no-cache
Expires: Thu, 01 Jan 1970 00:00:00 GMT
Connection: Keep-Alive
Content-Length: 9
Last-Modified: Thu, 01 Nov 2007 10:28:05 GMT
Date: Thu, 01 Nov 2007 10:28:05 GMT
Content-Type: text/plain; charset=ISO-8859-1

Request 2
Average connection time: 0
Shutting down data logger...
Shutdown complete
multicast discovery announcement listener
-------------------------------------------
java.net.PlainDatagramSocketImpl.receive0() line:-2
java.net.PlainDatagramSocketImpl.receive() line:136
java.net.DatagramSocket.receive() line:712
net.jini.discovery.LookupDiscovery$AnnouncementListener.run() line:310

CampaignOptionCache Update Thread (5 mins)
-------------------------------------------
java.lang.Thread.sleep() line:-2
com.touchclarity.util.thread.Cyclist.run() line:31

CampaignOptionCache Update Thread (5 mins)
-------------------------------------------
java.lang.Thread.sleep() line:-2
com.touchclarity.util.thread.Cyclist.run() line:31

multicast discovery request
-------------------------------------------
java.lang.Thread.sleep() line:-2
net.jini.discovery.LookupDiscovery$Requestor.run() line:520

Finalizer
-------------------------------------------
java.lang.Object.wait() line:-2
java.lang.ref.ReferenceQueue.remove() line:116
java.lang.ref.ReferenceQueue.remove() line:132
java.lang.ref.Finalizer$FinalizerThread.run() line:159

multicast announcement timer
-------------------------------------------
java.lang.Object.wait() line:-2
net.jini.discovery.LookupDiscovery$AnnouncementTimerThread.run() line:572

Thread-10
-------------------------------------------
java.lang.Object.wait() line:-2
com.sun.jini.thread.WakeupManager$Kicker.run() line:357
java.lang.Thread.run() line:619

multicast discovery response listener
-------------------------------------------
java.net.PlainSocketImpl.socketAccept() line:-2
java.net.PlainSocketImpl.accept() line:384
java.net.ServerSocket.implAccept() line:453
java.net.ServerSocket.accept() line:421
net.jini.discovery.LookupDiscovery$ResponseListener.run() line:419

multicast discovery response listener
-------------------------------------------
java.net.PlainSocketImpl.socketAccept() line:-2
java.net.PlainSocketImpl.accept() line:384
java.net.ServerSocket.implAccept() line:453
java.net.ServerSocket.accept() line:421
net.jini.discovery.LookupDiscovery$ResponseListener.run() line:419

multicast announcement timer
-------------------------------------------
java.lang.Object.wait() line:-2
net.jini.discovery.LookupDiscovery$AnnouncementTimerThread.run() line:572

CampaignOptionCache Update Thread (5 mins)
-------------------------------------------
java.lang.Thread.sleep() line:-2
com.touchclarity.util.thread.Cyclist.run() line:31

Configuration change event notifier
-------------------------------------------
java.lang.Object.wait() line:-2
java.lang.Object.wait() line:485
EDU.oswego.cs.dl.util.concurrent.LinkedQueue.take() line:122
com.touchclarity.cms.common.EventsManager$Notifier.run() line:221

RMI TCP Accept-0
-------------------------------------------
java.net.PlainSocketImpl.socketAccept() line:-2
java.net.PlainSocketImpl.accept() line:384
java.net.ServerSocket.implAccept() line:453
java.net.ServerSocket.accept() line:421
sun.rmi.transport.tcp.TCPTransport$AcceptLoop.executeAcceptLoop() line:369
sun.rmi.transport.tcp.TCPTransport$AcceptLoop.run() line:341
java.lang.Thread.run() line:619

multicast discovery response listener
-------------------------------------------
java.net.PlainSocketImpl.socketAccept() line:-2
java.net.PlainSocketImpl.accept() line:384
java.net.ServerSocket.implAccept() line:453
java.net.ServerSocket.accept() line:421
net.jini.discovery.LookupDiscovery$ResponseListener.run() line:419

multicast discovery request
-------------------------------------------
java.lang.Thread.sleep() line:-2
net.jini.discovery.LookupDiscovery$Requestor.run() line:520

MulticastingChannel.Forwarder
-------------------------------------------
sun.misc.Unsafe.park() line:-2
java.util.concurrent.locks.LockSupport.parkNanos() line:198
java.util.concurrent.locks.AbstractQueuedSynchronizer$ConditionObject.awaitNanos() line:1963
java.util.concurrent.LinkedBlockingQueue.poll() line:395
com.touchclarity.channel.MulticastingChannel$Forwarder.run() line:156

CampaignOptionCache Update Thread (300 mins)
-------------------------------------------
java.lang.Thread.sleep() line:-2
com.touchclarity.util.thread.Cyclist.run() line:31

GC Daemon
-------------------------------------------
java.lang.Object.wait() line:-2
sun.misc.GC$Daemon.run() line:100

Dispatcher-Thread-31
-------------------------------------------
java.lang.Object.wait() line:-2
java.lang.Object.wait() line:485
org.apache.log4j.Dispatcher.run() line:293

multicast announcement timer
-------------------------------------------
java.lang.Object.wait() line:-2
net.jini.discovery.LookupDiscovery$AnnouncementTimerThread.run() line:572

multicast discovery announcement listener
-------------------------------------------
java.net.PlainDatagramSocketImpl.receive0() line:-2
java.net.PlainDatagramSocketImpl.receive() line:136
java.net.DatagramSocket.receive() line:712
net.jini.discovery.LookupDiscovery$AnnouncementListener.run() line:310

Configuration change event notifier
-------------------------------------------
java.lang.Object.wait() line:-2
java.lang.Object.wait() line:485
EDU.oswego.cs.dl.util.concurrent.LinkedQueue.take() line:122
com.touchclarity.cms.common.EventsManager$Notifier.run() line:221

multicast announcement timer
-------------------------------------------
java.lang.Object.wait() line:-2
net.jini.discovery.LookupDiscovery$AnnouncementTimerThread.run() line:572

multicast discovery request
-------------------------------------------
java.lang.Thread.sleep() line:-2
net.jini.discovery.LookupDiscovery$Requestor.run() line:520

RMI Reaper
-------------------------------------------
java.lang.Object.wait() line:-2
java.lang.ref.ReferenceQueue.remove() line:116
java.lang.ref.ReferenceQueue.remove() line:132
sun.rmi.transport.ObjectTable$Reaper.run() line:333
java.lang.Thread.run() line:619

multicast discovery announcement listener
-------------------------------------------
java.net.PlainDatagramSocketImpl.receive0() line:-2
java.net.PlainDatagramSocketImpl.receive() line:136
java.net.DatagramSocket.receive() line:712
net.jini.discovery.LookupDiscovery$AnnouncementListener.run() line:310

multicast announcement timer
-------------------------------------------
java.lang.Object.wait() line:-2
net.jini.discovery.LookupDiscovery$AnnouncementTimerThread.run() line:572

CampaignOptionCache Update Thread (300 mins)
-------------------------------------------
java.lang.Thread.sleep() line:-2
com.touchclarity.util.thread.Cyclist.run() line:31

multicast announcement timer
-------------------------------------------
java.lang.Object.wait() line:-2
net.jini.discovery.LookupDiscovery$AnnouncementTimerThread.run() line:572

CampaignOptionCache Update Thread (300 mins)
-------------------------------------------
java.lang.Thread.sleep() line:-2
com.touchclarity.util.thread.Cyclist.run() line:31

multicast discovery response listener
-------------------------------------------
java.net.PlainSocketImpl.socketAccept() line:-2
java.net.PlainSocketImpl.accept() line:384
java.net.ServerSocket.implAccept() line:453
java.net.ServerSocket.accept() line:421
net.jini.discovery.LookupDiscovery$ResponseListener.run() line:419

CampaignOptionCache Update Thread (300 mins)
-------------------------------------------
java.lang.Thread.sleep() line:-2
com.touchclarity.util.thread.Cyclist.run() line:31

Thread-16
-------------------------------------------
java.lang.Object.wait() line:-2
com.sun.jini.thread.WakeupManager$Kicker.run() line:357
java.lang.Thread.run() line:619

MulticastChannelBus.Forwarder-1
-------------------------------------------
sun.misc.Unsafe.park() line:-2
java.util.concurrent.locks.LockSupport.park() line:158
java.util.concurrent.locks.AbstractQueuedSynchronizer$ConditionObject.await() line:1925
java.util.concurrent.LinkedBlockingQueue.take() line:358
com.touchclarity.configuration.cache.MulticastingChannelBus$Forwarder.run() line:331

Reference Handler
-------------------------------------------
java.lang.Object.wait() line:-2
java.lang.Object.wait() line:485
java.lang.ref.Reference$ReferenceHandler.run() line:116

multicast discovery announcement listener
-------------------------------------------
java.net.PlainDatagramSocketImpl.receive0() line:-2
java.net.PlainDatagramSocketImpl.receive() line:136
java.net.DatagramSocket.receive() line:712
net.jini.discovery.LookupDiscovery$AnnouncementListener.run() line:310

Configuration change event notifier
-------------------------------------------
java.lang.Object.wait() line:-2
java.lang.Object.wait() line:485
EDU.oswego.cs.dl.util.concurrent.LinkedQueue.take() line:122
com.touchclarity.cms.common.EventsManager$Notifier.run() line:221

Dispatcher-Thread-79
-------------------------------------------
java.lang.Object.wait() line:-2
java.lang.Object.wait() line:485
org.apache.log4j.Dispatcher.run() line:293

multicast discovery request
-------------------------------------------
java.lang.Thread.sleep() line:-2
net.jini.discovery.LookupDiscovery$Requestor.run() line:520

multicast discovery request
-------------------------------------------
java.lang.Thread.sleep() line:-2
net.jini.discovery.LookupDiscovery$Requestor.run() line:520

Dispatcher-Thread-47
-------------------------------------------
java.lang.Object.wait() line:-2
java.lang.Object.wait() line:485
org.apache.log4j.Dispatcher.run() line:293

CampaignOptionCache Update Thread (5 mins)
-------------------------------------------
java.lang.Thread.sleep() line:-2
com.touchclarity.util.thread.Cyclist.run() line:31

Configuration change event notifier
-------------------------------------------
java.lang.Object.wait() line:-2
java.lang.Object.wait() line:485
EDU.oswego.cs.dl.util.concurrent.LinkedQueue.take() line:122
com.touchclarity.cms.common.EventsManager$Notifier.run() line:221

multicast discovery announcement listener
-------------------------------------------
java.net.PlainDatagramSocketImpl.receive0() line:-2
java.net.PlainDatagramSocketImpl.receive() line:136
java.net.DatagramSocket.receive() line:712
net.jini.discovery.LookupDiscovery$AnnouncementListener.run() line:310

Configuration change event notifier
-------------------------------------------
java.lang.Object.wait() line:-2
java.lang.Object.wait() line:485
EDU.oswego.cs.dl.util.concurrent.LinkedQueue.take() line:122
com.touchclarity.cms.common.EventsManager$Notifier.run() line:221

Thread-15
-------------------------------------------
java.lang.Object.wait() line:-2
com.sun.jini.thread.WakeupManager$Kicker.run() line:357
java.lang.Thread.run() line:619

Thread-19
-------------------------------------------
java.lang.Object.wait() line:-2
com.sun.jini.thread.WakeupManager$Kicker.run() line:357
java.lang.Thread.run() line:619

CampaignOptionCache Update Thread (5 mins)
-------------------------------------------
java.lang.Thread.sleep() line:-2
com.touchclarity.util.thread.Cyclist.run() line:31

multicast discovery announcement listener
-------------------------------------------
java.net.PlainDatagramSocketImpl.receive0() line:-2
java.net.PlainDatagramSocketImpl.receive() line:136
java.net.DatagramSocket.receive() line:712
net.jini.discovery.LookupDiscovery$AnnouncementListener.run() line:310

Configuration change event notifier
-------------------------------------------
java.lang.Object.wait() line:-2
java.lang.Object.wait() line:485
EDU.oswego.cs.dl.util.concurrent.LinkedQueue.take() line:122
com.touchclarity.cms.common.EventsManager$Notifier.run() line:221

multicast announcement timer
-------------------------------------------
java.lang.Object.wait() line:-2
net.jini.discovery.LookupDiscovery$AnnouncementTimerThread.run() line:572

Configuration change event notifier
-------------------------------------------
java.lang.Object.wait() line:-2
java.lang.Object.wait() line:485
EDU.oswego.cs.dl.util.concurrent.LinkedQueue.take() line:122
com.touchclarity.cms.common.EventsManager$Notifier.run() line:221

CampaignOptionCache Update Thread (300 mins)
-------------------------------------------
java.lang.Thread.sleep() line:-2
com.touchclarity.util.thread.Cyclist.run() line:31

CampaignOptionCache Update Thread (5 mins)
-------------------------------------------
java.lang.Thread.sleep() line:-2
com.touchclarity.util.thread.Cyclist.run() line:31

multicast discovery response listener
-------------------------------------------
java.net.PlainSocketImpl.socketAccept() line:-2
java.net.PlainSocketImpl.accept() line:384
java.net.ServerSocket.implAccept() line:453
java.net.ServerSocket.accept() line:421
net.jini.discovery.LookupDiscovery$ResponseListener.run() line:419

multicast discovery announcement listener
-------------------------------------------
java.net.PlainDatagramSocketImpl.receive0() line:-2
java.net.PlainDatagramSocketImpl.receive() line:136
java.net.DatagramSocket.receive() line:712
net.jini.discovery.LookupDiscovery$AnnouncementListener.run() line:310

CampaignOptionCache Update Thread (5 mins)
-------------------------------------------
java.lang.Thread.sleep() line:-2
com.touchclarity.util.thread.Cyclist.run() line:31

CampaignOptionCache Update Thread (300 mins)
-------------------------------------------
java.lang.Thread.sleep() line:-2
com.touchclarity.util.thread.Cyclist.run() line:31

Dispatcher-Thread-63
-------------------------------------------
java.lang.Object.wait() line:-2
java.lang.Object.wait() line:485
org.apache.log4j.Dispatcher.run() line:293

CampaignOptionCache Update Thread (5 mins)
-------------------------------------------
java.lang.Thread.sleep() line:-2
com.touchclarity.util.thread.Cyclist.run() line:31

Configuration change event notifier
-------------------------------------------
java.lang.Object.wait() line:-2
java.lang.Object.wait() line:485
EDU.oswego.cs.dl.util.concurrent.LinkedQueue.take() line:122
com.touchclarity.cms.common.EventsManager$Notifier.run() line:221

CampaignOptionCache Update Thread (5 mins)
-------------------------------------------
java.lang.Thread.sleep() line:-2
com.touchclarity.util.thread.Cyclist.run() line:31

multicast discovery response listener
-------------------------------------------
java.net.PlainSocketImpl.socketAccept() line:-2
java.net.PlainSocketImpl.accept() line:384
java.net.ServerSocket.implAccept() line:453
java.net.ServerSocket.accept() line:421
net.jini.discovery.LookupDiscovery$ResponseListener.run() line:419

CampaignOptionCache Update Thread (5 mins)
-------------------------------------------
java.lang.Thread.sleep() line:-2
com.touchclarity.util.thread.Cyclist.run() line:31

Dispatcher-Thread-39
-------------------------------------------
java.lang.Object.wait() line:-2
java.lang.Object.wait() line:485
org.apache.log4j.Dispatcher.run() line:293

multicast announcement timer
-------------------------------------------
java.lang.Object.wait() line:-2
net.jini.discovery.LookupDiscovery$AnnouncementTimerThread.run() line:572

Thread-48
-------------------------------------------
java.lang.Object.wait() line:-2
com.sun.jini.thread.WakeupManager$Kicker.run() line:357
java.lang.Thread.run() line:619

multicast discovery response listener
-------------------------------------------
java.net.PlainSocketImpl.socketAccept() line:-2
java.net.PlainSocketImpl.accept() line:384
java.net.ServerSocket.implAccept() line:453
java.net.ServerSocket.accept() line:421
net.jini.discovery.LookupDiscovery$ResponseListener.run() line:419

CampaignOptionCache Update Thread (300 mins)
-------------------------------------------
java.lang.Thread.sleep() line:-2
com.touchclarity.util.thread.Cyclist.run() line:31

CampaignOptionCache Update Thread (5 mins)
-------------------------------------------
java.lang.Thread.sleep() line:-2
com.touchclarity.util.thread.Cyclist.run() line:31

CampaignOptionCache Update Thread (5 mins)
-------------------------------------------
java.lang.Thread.sleep() line:-2
com.touchclarity.util.thread.Cyclist.run() line:31

Thread-80
-------------------------------------------
java.lang.Object.wait() line:-2
com.sun.jini.thread.WakeupManager$Kicker.run() line:357
java.lang.Thread.run() line:619

multicast announcement timer
-------------------------------------------
java.lang.Object.wait() line:-2
net.jini.discovery.LookupDiscovery$AnnouncementTimerThread.run() line:572

multicast discovery response listener
-------------------------------------------
java.net.PlainSocketImpl.socketAccept() line:-2
java.net.PlainSocketImpl.accept() line:384
java.net.ServerSocket.implAccept() line:453
java.net.ServerSocket.accept() line:421
net.jini.discovery.LookupDiscovery$ResponseListener.run() line:419

multicast discovery response listener
-------------------------------------------
java.net.PlainSocketImpl.socketAccept() line:-2
java.net.PlainSocketImpl.accept() line:384
java.net.ServerSocket.implAccept() line:453
java.net.ServerSocket.accept() line:421
net.jini.discovery.LookupDiscovery$ResponseListener.run() line:419

multicast discovery request
-------------------------------------------
java.lang.Thread.sleep() line:-2
net.jini.discovery.LookupDiscovery$Requestor.run() line:520

CampaignOptionCache Update Thread (5 mins)
-------------------------------------------
java.lang.Thread.sleep() line:-2
com.touchclarity.util.thread.Cyclist.run() line:31

multicast discovery request
-------------------------------------------
java.lang.Thread.sleep() line:-2
net.jini.discovery.LookupDiscovery$Requestor.run() line:520

Configuration change event notifier
-------------------------------------------
java.lang.Object.wait() line:-2
java.lang.Object.wait() line:485
EDU.oswego.cs.dl.util.concurrent.LinkedQueue.take() line:122
com.touchclarity.cms.common.EventsManager$Notifier.run() line:221

Dispatcher-Thread-87
-------------------------------------------
java.lang.Object.wait() line:-2
java.lang.Object.wait() line:485
org.apache.log4j.Dispatcher.run() line:293

CampaignOptionCache Update Thread (5 mins)
-------------------------------------------
java.lang.Thread.sleep() line:-2
com.touchclarity.util.thread.Cyclist.run() line:31

multicast discovery request
-------------------------------------------
java.lang.Thread.sleep() line:-2
net.jini.discovery.LookupDiscovery$Requestor.run() line:520

Attach Listener
-------------------------------------------

multicast discovery announcement listener
-------------------------------------------
java.net.PlainDatagramSocketImpl.receive0() line:-2
java.net.PlainDatagramSocketImpl.receive() line:136
java.net.DatagramSocket.receive() line:712
net.jini.discovery.LookupDiscovery$AnnouncementListener.run() line:310

CampaignOptionCache Update Thread (5 mins)
-------------------------------------------
java.lang.Thread.sleep() line:-2
com.touchclarity.util.thread.Cyclist.run() line:31

CampaignOptionCache Update Thread (5 mins)
-------------------------------------------
java.lang.Thread.sleep() line:-2
com.touchclarity.util.thread.Cyclist.run() line:31

Dispatcher-Thread-55
-------------------------------------------
java.lang.Object.wait() line:-2
java.lang.Object.wait() line:485
org.apache.log4j.Dispatcher.run() line:293

Thread-24
-------------------------------------------
java.lang.Object.wait() line:-2
com.sun.jini.thread.WakeupManager$Kicker.run() line:357
java.lang.Thread.run() line:619

Dispatcher-Thread-71
-------------------------------------------
java.lang.Object.wait() line:-2
java.lang.Object.wait() line:485
org.apache.log4j.Dispatcher.run() line:293

multicast discovery announcement listener
-------------------------------------------
java.net.PlainDatagramSocketImpl.receive0() line:-2
java.net.PlainDatagramSocketImpl.receive() line:136
java.net.DatagramSocket.receive() line:712
net.jini.discovery.LookupDiscovery$AnnouncementListener.run() line:310

multicast announcement timer
-------------------------------------------
java.lang.Object.wait() line:-2
net.jini.discovery.LookupDiscovery$AnnouncementTimerThread.run() line:572

CampaignOptionCache Update Thread (5 mins)
-------------------------------------------
java.lang.Thread.sleep() line:-2
com.touchclarity.util.thread.Cyclist.run() line:31

CampaignOptionCache Update Thread (5 mins)
-------------------------------------------
java.lang.Thread.sleep() line:-2
com.touchclarity.util.thread.Cyclist.run() line:31

Configuration change event notifier
-------------------------------------------
java.lang.Object.wait() line:-2
java.lang.Object.wait() line:485
EDU.oswego.cs.dl.util.concurrent.LinkedQueue.take() line:122
com.touchclarity.cms.common.EventsManager$Notifier.run() line:221

multicast discovery response listener
-------------------------------------------
java.net.PlainSocketImpl.socketAccept() line:-2
java.net.PlainSocketImpl.accept() line:384
java.net.ServerSocket.implAccept() line:453
java.net.ServerSocket.accept() line:421
net.jini.discovery.LookupDiscovery$ResponseListener.run() line:419

CampaignOptionCache Update Thread (300 mins)
-------------------------------------------
java.lang.Thread.sleep() line:-2
com.touchclarity.util.thread.Cyclist.run() line:31

Thread-64
-------------------------------------------
java.lang.Object.wait() line:-2
com.sun.jini.thread.WakeupManager$Kicker.run() line:357
java.lang.Thread.run() line:619

Thread-56
-------------------------------------------
java.lang.Object.wait() line:-2
com.sun.jini.thread.WakeupManager$Kicker.run() line:357
java.lang.Thread.run() line:619

main
-------------------------------------------
java.lang.Thread.dumpThreads() line:-2
java.lang.Thread.getAllStackTraces() line:1477
com.touchclarity.datalogger.controller.Server2Test.printFinishedThreads() line:64
com.touchclarity.datalogger.controller.Server2Test.tearDown() line:60
junit.framework.TestCase.runBare() line:130
junit.framework.TestResult$1.protect() line:106
junit.framework.TestResult.runProtected() line:124
junit.framework.TestResult.run() line:109
junit.framework.TestCase.run() line:118
junit.framework.TestSuite.runTest() line:208
junit.framework.TestSuite.run() line:203
org.apache.tools.ant.taskdefs.optional.junit.JUnitTestRunner.run() line:297
org.apache.tools.ant.taskdefs.optional.junit.JUnitTestRunner.launch() line:672
org.apache.tools.ant.taskdefs.optional.junit.JUnitTestRunner.main() line:567

Thread-32
-------------------------------------------
java.lang.Object.wait() line:-2
com.sun.jini.thread.WakeupManager$Kicker.run() line:357
java.lang.Thread.run() line:619

multicast announcement timer
-------------------------------------------
java.lang.Object.wait() line:-2
net.jini.discovery.LookupDiscovery$AnnouncementTimerThread.run() line:572

CampaignOptionCache Update Thread (300 mins)
-------------------------------------------
java.lang.Thread.sleep() line:-2
com.touchclarity.util.thread.Cyclist.run() line:31

multicast discovery response listener
-------------------------------------------
java.net.PlainSocketImpl.socketAccept() line:-2
java.net.PlainSocketImpl.accept() line:384
java.net.ServerSocket.implAccept() line:453
java.net.ServerSocket.accept() line:421
net.jini.discovery.LookupDiscovery$ResponseListener.run() line:419

Thread-40
-------------------------------------------
java.lang.Object.wait() line:-2
com.sun.jini.thread.WakeupManager$Kicker.run() line:357
java.lang.Thread.run() line:619

multicast discovery request
-------------------------------------------
java.lang.Thread.sleep() line:-2
net.jini.discovery.LookupDiscovery$Requestor.run() line:520

multicast discovery request
-------------------------------------------
java.lang.Thread.sleep() line:-2
net.jini.discovery.LookupDiscovery$Requestor.run() line:520

multicast discovery announcement listener
-------------------------------------------
java.net.PlainDatagramSocketImpl.receive0() line:-2
java.net.PlainDatagramSocketImpl.receive() line:136
java.net.DatagramSocket.receive() line:712
net.jini.discovery.LookupDiscovery$AnnouncementListener.run() line:310

Dispatcher-Thread-23
-------------------------------------------
java.lang.Object.wait() line:-2
java.lang.Object.wait() line:485
org.apache.log4j.Dispatcher.run() line:293

multicast discovery request
-------------------------------------------
java.lang.Thread.sleep() line:-2
net.jini.discovery.LookupDiscovery$Requestor.run() line:520

multicast discovery announcement listener
-------------------------------------------
java.net.PlainDatagramSocketImpl.receive0() line:-2
java.net.PlainDatagramSocketImpl.receive() line:136
java.net.DatagramSocket.receive() line:712
net.jini.discovery.LookupDiscovery$AnnouncementListener.run() line:310

Thread-72
-------------------------------------------
java.lang.Object.wait() line:-2
com.sun.jini.thread.WakeupManager$Kicker.run() line:357
java.lang.Thread.run() line:619

Signal Dispatcher
-------------------------------------------

Average connection time: 0
Shutting down data logger...
Shutdown complete
multicast discovery announcement listener
-------------------------------------------
java.net.PlainDatagramSocketImpl.receive0() line:-2
java.net.PlainDatagramSocketImpl.receive() line:136
java.net.DatagramSocket.receive() line:712
net.jini.discovery.LookupDiscovery$AnnouncementListener.run() line:310

CampaignOptionCache Update Thread (5 mins)
-------------------------------------------
java.lang.Thread.sleep() line:-2
com.touchclarity.util.thread.Cyclist.run() line:31

CampaignOptionCache Update Thread (5 mins)
-------------------------------------------
java.lang.Thread.sleep() line:-2
com.touchclarity.util.thread.Cyclist.run() line:31

CampaignOptionCache Update Thread (5 mins)
-------------------------------------------
java.lang.Thread.sleep() line:-2
com.touchclarity.util.thread.Cyclist.run() line:31

multicast discovery request
-------------------------------------------
java.lang.Thread.sleep() line:-2
net.jini.discovery.LookupDiscovery$Requestor.run() line:520

multicast announcement timer
-------------------------------------------
java.lang.Object.wait() line:-2
net.jini.discovery.LookupDiscovery$AnnouncementTimerThread.run() line:572

Finalizer
-------------------------------------------
java.lang.Object.wait() line:-2
java.lang.ref.ReferenceQueue.remove() line:116
java.lang.ref.ReferenceQueue.remove() line:132
java.lang.ref.Finalizer$FinalizerThread.run() line:159

Failsafe-141
-------------------------------------------
sun.misc.Unsafe.park() line:-2
java.util.concurrent.locks.LockSupport.parkNanos() line:198
java.util.concurrent.locks.AbstractQueuedSynchronizer$ConditionObject.awaitNanos() line:1963
java.util.concurrent.ArrayBlockingQueue.poll() line:342
java.util.concurrent.ThreadPoolExecutor.getTask() line:944
java.util.concurrent.ThreadPoolExecutor$Worker.run() line:906
java.lang.Thread.run() line:619

multicast announcement timer
-------------------------------------------
java.lang.Object.wait() line:-2
net.jini.discovery.LookupDiscovery$AnnouncementTimerThread.run() line:572

Thread-10
-------------------------------------------
java.lang.Object.wait() line:-2
com.sun.jini.thread.WakeupManager$Kicker.run() line:357
java.lang.Thread.run() line:619

multicast discovery response listener
-------------------------------------------
java.net.PlainSocketImpl.socketAccept() line:-2
java.net.PlainSocketImpl.accept() line:384
java.net.ServerSocket.implAccept() line:453
java.net.ServerSocket.accept() line:421
net.jini.discovery.LookupDiscovery$ResponseListener.run() line:419

multicast discovery response listener
-------------------------------------------
java.net.PlainSocketImpl.socketAccept() line:-2
java.net.PlainSocketImpl.accept() line:384
java.net.ServerSocket.implAccept() line:453
java.net.ServerSocket.accept() line:421
net.jini.discovery.LookupDiscovery$ResponseListener.run() line:419

multicast announcement timer
-------------------------------------------
java.lang.Object.wait() line:-2
net.jini.discovery.LookupDiscovery$AnnouncementTimerThread.run() line:572

multicast discovery response listener
-------------------------------------------
java.net.PlainSocketImpl.socketAccept() line:-2
java.net.PlainSocketImpl.accept() line:384
java.net.ServerSocket.implAccept() line:453
java.net.ServerSocket.accept() line:421
net.jini.discovery.LookupDiscovery$ResponseListener.run() line:419

Failsafe-133
-------------------------------------------
sun.misc.Unsafe.park() line:-2
java.util.concurrent.locks.LockSupport.parkNanos() line:198
java.util.concurrent.locks.AbstractQueuedSynchronizer$ConditionObject.awaitNanos() line:1963
java.util.concurrent.ArrayBlockingQueue.poll() line:342
java.util.concurrent.ThreadPoolExecutor.getTask() line:944
java.util.concurrent.ThreadPoolExecutor$Worker.run() line:906
java.lang.Thread.run() line:619

CampaignOptionCache Update Thread (5 mins)
-------------------------------------------
java.lang.Thread.sleep() line:-2
com.touchclarity.util.thread.Cyclist.run() line:31

Configuration change event notifier
-------------------------------------------
java.lang.Object.wait() line:-2
java.lang.Object.wait() line:485
EDU.oswego.cs.dl.util.concurrent.LinkedQueue.take() line:122
com.touchclarity.cms.common.EventsManager$Notifier.run() line:221

multicast discovery response listener
-------------------------------------------
java.net.PlainSocketImpl.socketAccept() line:-2
java.net.PlainSocketImpl.accept() line:384
java.net.ServerSocket.implAccept() line:453
java.net.ServerSocket.accept() line:421
net.jini.discovery.LookupDiscovery$ResponseListener.run() line:419

RMI TCP Accept-0
-------------------------------------------
java.net.PlainSocketImpl.socketAccept() line:-2
java.net.PlainSocketImpl.accept() line:384
java.net.ServerSocket.implAccept() line:453
java.net.ServerSocket.accept() line:421
sun.rmi.transport.tcp.TCPTransport$AcceptLoop.executeAcceptLoop() line:369
sun.rmi.transport.tcp.TCPTransport$AcceptLoop.run() line:341
java.lang.Thread.run() line:619

multicast discovery request
-------------------------------------------
java.lang.Thread.sleep() line:-2
net.jini.discovery.LookupDiscovery$Requestor.run() line:520

MulticastingChannel.Forwarder
-------------------------------------------
sun.misc.Unsafe.park() line:-2
java.util.concurrent.locks.LockSupport.parkNanos() line:198
java.util.concurrent.locks.AbstractQueuedSynchronizer$ConditionObject.awaitNanos() line:1963
java.util.concurrent.LinkedBlockingQueue.poll() line:395
com.touchclarity.channel.MulticastingChannel$Forwarder.run() line:156

CampaignOptionCache Update Thread (300 mins)
-------------------------------------------
java.lang.Thread.sleep() line:-2
com.touchclarity.util.thread.Cyclist.run() line:31

GC Daemon
-------------------------------------------
java.lang.Object.wait() line:-2
sun.misc.GC$Daemon.run() line:100

Dispatcher-Thread-31
-------------------------------------------
java.lang.Object.wait() line:-2
java.lang.Object.wait() line:485
org.apache.log4j.Dispatcher.run() line:293

multicast announcement timer
-------------------------------------------
java.lang.Object.wait() line:-2
net.jini.discovery.LookupDiscovery$AnnouncementTimerThread.run() line:572

multicast discovery announcement listener
-------------------------------------------
java.net.PlainDatagramSocketImpl.receive0() line:-2
java.net.PlainDatagramSocketImpl.receive() line:136
java.net.DatagramSocket.receive() line:712
net.jini.discovery.LookupDiscovery$AnnouncementListener.run() line:310

Configuration change event notifier
-------------------------------------------
java.lang.Object.wait() line:-2
java.lang.Object.wait() line:485
EDU.oswego.cs.dl.util.concurrent.LinkedQueue.take() line:122
com.touchclarity.cms.common.EventsManager$Notifier.run() line:221

multicast announcement timer
-------------------------------------------
java.lang.Object.wait() line:-2
net.jini.discovery.LookupDiscovery$AnnouncementTimerThread.run() line:572

multicast discovery request
-------------------------------------------
java.lang.Thread.sleep() line:-2
net.jini.discovery.LookupDiscovery$Requestor.run() line:520

RMI Reaper
-------------------------------------------
java.lang.Object.wait() line:-2
java.lang.ref.ReferenceQueue.remove() line:116
java.lang.ref.ReferenceQueue.remove() line:132
sun.rmi.transport.ObjectTable$Reaper.run() line:333
java.lang.Thread.run() line:619

multicast discovery announcement listener
-------------------------------------------
java.net.PlainDatagramSocketImpl.receive0() line:-2
java.net.PlainDatagramSocketImpl.receive() line:136
java.net.DatagramSocket.receive() line:712
net.jini.discovery.LookupDiscovery$AnnouncementListener.run() line:310

multicast announcement timer
-------------------------------------------
java.lang.Object.wait() line:-2
net.jini.discovery.LookupDiscovery$AnnouncementTimerThread.run() line:572

CampaignOptionCache Update Thread (300 mins)
-------------------------------------------
java.lang.Thread.sleep() line:-2
com.touchclarity.util.thread.Cyclist.run() line:31

multicast announcement timer
-------------------------------------------
java.lang.Object.wait() line:-2
net.jini.discovery.LookupDiscovery$AnnouncementTimerThread.run() line:572

CampaignOptionCache Update Thread (300 mins)
-------------------------------------------
java.lang.Thread.sleep() line:-2
com.touchclarity.util.thread.Cyclist.run() line:31

multicast discovery response listener
-------------------------------------------
java.net.PlainSocketImpl.socketAccept() line:-2
java.net.PlainSocketImpl.accept() line:384
java.net.ServerSocket.implAccept() line:453
java.net.ServerSocket.accept() line:421
net.jini.discovery.LookupDiscovery$ResponseListener.run() line:419

CampaignOptionCache Update Thread (300 mins)
-------------------------------------------
java.lang.Thread.sleep() line:-2
com.touchclarity.util.thread.Cyclist.run() line:31

Failsafe-136
-------------------------------------------
sun.misc.Unsafe.park() line:-2
java.util.concurrent.locks.LockSupport.parkNanos() line:198
java.util.concurrent.locks.AbstractQueuedSynchronizer$ConditionObject.awaitNanos() line:1963
java.util.concurrent.ArrayBlockingQueue.poll() line:342
java.util.concurrent.ThreadPoolExecutor.getTask() line:944
java.util.concurrent.ThreadPoolExecutor$Worker.run() line:906
java.lang.Thread.run() line:619

Thread-16
-------------------------------------------
java.lang.Object.wait() line:-2
com.sun.jini.thread.WakeupManager$Kicker.run() line:357
java.lang.Thread.run() line:619

MulticastChannelBus.Forwarder-1
-------------------------------------------
sun.misc.Unsafe.park() line:-2
java.util.concurrent.locks.LockSupport.park() line:158
java.util.concurrent.locks.AbstractQueuedSynchronizer$ConditionObject.await() line:1925
java.util.concurrent.LinkedBlockingQueue.take() line:358
com.touchclarity.configuration.cache.MulticastingChannelBus$Forwarder.run() line:331

Reference Handler
-------------------------------------------
java.lang.Object.wait() line:-2
java.lang.Object.wait() line:485
java.lang.ref.Reference$ReferenceHandler.run() line:116

multicast discovery announcement listener
-------------------------------------------
java.net.PlainDatagramSocketImpl.receive0() line:-2
java.net.PlainDatagramSocketImpl.receive() line:136
java.net.DatagramSocket.receive() line:712
net.jini.discovery.LookupDiscovery$AnnouncementListener.run() line:310

Configuration change event notifier
-------------------------------------------
java.lang.Object.wait() line:-2
java.lang.Object.wait() line:485
EDU.oswego.cs.dl.util.concurrent.LinkedQueue.take() line:122
com.touchclarity.cms.common.EventsManager$Notifier.run() line:221

Dispatcher-Thread-79
-------------------------------------------
java.lang.Object.wait() line:-2
java.lang.Object.wait() line:485
org.apache.log4j.Dispatcher.run() line:293

multicast discovery request
-------------------------------------------
java.lang.Thread.sleep() line:-2
net.jini.discovery.LookupDiscovery$Requestor.run() line:520

multicast discovery request
-------------------------------------------
java.lang.Thread.sleep() line:-2
net.jini.discovery.LookupDiscovery$Requestor.run() line:520

Dispatcher-Thread-47
-------------------------------------------
java.lang.Object.wait() line:-2
java.lang.Object.wait() line:485
org.apache.log4j.Dispatcher.run() line:293

CampaignOptionCache Update Thread (5 mins)
-------------------------------------------
java.lang.Thread.sleep() line:-2
com.touchclarity.util.thread.Cyclist.run() line:31

Configuration change event notifier
-------------------------------------------
java.lang.Object.wait() line:-2
java.lang.Object.wait() line:485
EDU.oswego.cs.dl.util.concurrent.LinkedQueue.take() line:122
com.touchclarity.cms.common.EventsManager$Notifier.run() line:221

multicast discovery announcement listener
-------------------------------------------
java.net.PlainDatagramSocketImpl.receive0() line:-2
java.net.PlainDatagramSocketImpl.receive() line:136
java.net.DatagramSocket.receive() line:712
net.jini.discovery.LookupDiscovery$AnnouncementListener.run() line:310

Configuration change event notifier
-------------------------------------------
java.lang.Object.wait() line:-2
java.lang.Object.wait() line:485
EDU.oswego.cs.dl.util.concurrent.LinkedQueue.take() line:122
com.touchclarity.cms.common.EventsManager$Notifier.run() line:221

CampaignOptionCache Update Thread (5 mins)
-------------------------------------------
java.lang.Thread.sleep() line:-2
com.touchclarity.util.thread.Cyclist.run() line:31

Thread-15
-------------------------------------------
java.lang.Object.wait() line:-2
com.sun.jini.thread.WakeupManager$Kicker.run() line:357
java.lang.Thread.run() line:619

Thread-19
-------------------------------------------
java.lang.Object.wait() line:-2
com.sun.jini.thread.WakeupManager$Kicker.run() line:357
java.lang.Thread.run() line:619

CampaignOptionCache Update Thread (5 mins)
-------------------------------------------
java.lang.Thread.sleep() line:-2
com.touchclarity.util.thread.Cyclist.run() line:31

multicast discovery announcement listener
-------------------------------------------
java.net.PlainDatagramSocketImpl.receive0() line:-2
java.net.PlainDatagramSocketImpl.receive() line:136
java.net.DatagramSocket.receive() line:712
net.jini.discovery.LookupDiscovery$AnnouncementListener.run() line:310

Configuration change event notifier
-------------------------------------------
java.lang.Object.wait() line:-2
java.lang.Object.wait() line:485
EDU.oswego.cs.dl.util.concurrent.LinkedQueue.take() line:122
com.touchclarity.cms.common.EventsManager$Notifier.run() line:221

multicast announcement timer
-------------------------------------------
java.lang.Object.wait() line:-2
net.jini.discovery.LookupDiscovery$AnnouncementTimerThread.run() line:572

Configuration change event notifier
-------------------------------------------
java.lang.Object.wait() line:-2
java.lang.Object.wait() line:485
EDU.oswego.cs.dl.util.concurrent.LinkedQueue.take() line:122
com.touchclarity.cms.common.EventsManager$Notifier.run() line:221

CampaignOptionCache Update Thread (300 mins)
-------------------------------------------
java.lang.Thread.sleep() line:-2
com.touchclarity.util.thread.Cyclist.run() line:31

CampaignOptionCache Update Thread (5 mins)
-------------------------------------------
java.lang.Thread.sleep() line:-2
com.touchclarity.util.thread.Cyclist.run() line:31

multicast discovery response listener
-------------------------------------------
java.net.PlainSocketImpl.socketAccept() line:-2
java.net.PlainSocketImpl.accept() line:384
java.net.ServerSocket.implAccept() line:453
java.net.ServerSocket.accept() line:421
net.jini.discovery.LookupDiscovery$ResponseListener.run() line:419

multicast discovery announcement listener
-------------------------------------------
java.net.PlainDatagramSocketImpl.receive0() line:-2
java.net.PlainDatagramSocketImpl.receive() line:136
java.net.DatagramSocket.receive() line:712
net.jini.discovery.LookupDiscovery$AnnouncementListener.run() line:310

CampaignOptionCache Update Thread (5 mins)
-------------------------------------------
java.lang.Thread.sleep() line:-2
com.touchclarity.util.thread.Cyclist.run() line:31

CampaignOptionCache Update Thread (300 mins)
-------------------------------------------
java.lang.Thread.sleep() line:-2
com.touchclarity.util.thread.Cyclist.run() line:31

Dispatcher-Thread-63
-------------------------------------------
java.lang.Object.wait() line:-2
java.lang.Object.wait() line:485
org.apache.log4j.Dispatcher.run() line:293

CampaignOptionCache Update Thread (5 mins)
-------------------------------------------
java.lang.Thread.sleep() line:-2
com.touchclarity.util.thread.Cyclist.run() line:31

CampaignOptionCache Update Thread (300 mins)
-------------------------------------------
java.lang.Thread.sleep() line:-2
com.touchclarity.util.thread.Cyclist.run() line:31

Configuration change event notifier
-------------------------------------------
java.lang.Object.wait() line:-2
java.lang.Object.wait() line:485
EDU.oswego.cs.dl.util.concurrent.LinkedQueue.take() line:122
com.touchclarity.cms.common.EventsManager$Notifier.run() line:221

CampaignOptionCache Update Thread (5 mins)
-------------------------------------------
java.lang.Thread.sleep() line:-2
com.touchclarity.util.thread.Cyclist.run() line:31

Dispatcher-Thread-95
-------------------------------------------
java.lang.Object.wait() line:-2
java.lang.Object.wait() line:485
org.apache.log4j.Dispatcher.run() line:293

multicast discovery response listener
-------------------------------------------
java.net.PlainSocketImpl.socketAccept() line:-2
java.net.PlainSocketImpl.accept() line:384
java.net.ServerSocket.implAccept() line:453
java.net.ServerSocket.accept() line:421
net.jini.discovery.LookupDiscovery$ResponseListener.run() line:419

CampaignOptionCache Update Thread (5 mins)
-------------------------------------------
java.lang.Thread.sleep() line:-2
com.touchclarity.util.thread.Cyclist.run() line:31

Dispatcher-Thread-39
-------------------------------------------
java.lang.Object.wait() line:-2
java.lang.Object.wait() line:485
org.apache.log4j.Dispatcher.run() line:293

multicast discovery announcement listener
-------------------------------------------
java.net.PlainDatagramSocketImpl.receive0() line:-2
java.net.PlainDatagramSocketImpl.receive() line:136
java.net.DatagramSocket.receive() line:712
net.jini.discovery.LookupDiscovery$AnnouncementListener.run() line:310

multicast announcement timer
-------------------------------------------
java.lang.Object.wait() line:-2
net.jini.discovery.LookupDiscovery$AnnouncementTimerThread.run() line:572

Thread-48
-------------------------------------------
java.lang.Object.wait() line:-2
com.sun.jini.thread.WakeupManager$Kicker.run() line:357
java.lang.Thread.run() line:619

multicast discovery response listener
-------------------------------------------
java.net.PlainSocketImpl.socketAccept() line:-2
java.net.PlainSocketImpl.accept() line:384
java.net.ServerSocket.implAccept() line:453
java.net.ServerSocket.accept() line:421
net.jini.discovery.LookupDiscovery$ResponseListener.run() line:419

CampaignOptionCache Update Thread (300 mins)
-------------------------------------------
java.lang.Thread.sleep() line:-2
com.touchclarity.util.thread.Cyclist.run() line:31

CampaignOptionCache Update Thread (5 mins)
-------------------------------------------
java.lang.Thread.sleep() line:-2
com.touchclarity.util.thread.Cyclist.run() line:31

CampaignOptionCache Update Thread (5 mins)
-------------------------------------------
java.lang.Thread.sleep() line:-2
com.touchclarity.util.thread.Cyclist.run() line:31

Failsafe-137
-------------------------------------------
sun.misc.Unsafe.park() line:-2
java.util.concurrent.locks.LockSupport.parkNanos() line:198
java.util.concurrent.locks.AbstractQueuedSynchronizer$ConditionObject.awaitNanos() line:1963
java.util.concurrent.ArrayBlockingQueue.poll() line:342
java.util.concurrent.ThreadPoolExecutor.getTask() line:944
java.util.concurrent.ThreadPoolExecutor$Worker.run() line:906
java.lang.Thread.run() line:619

multicast discovery request
-------------------------------------------
java.lang.Thread.sleep() line:-2
net.jini.discovery.LookupDiscovery$Requestor.run() line:520

Thread-80
-------------------------------------------
java.lang.Object.wait() line:-2
com.sun.jini.thread.WakeupManager$Kicker.run() line:357
java.lang.Thread.run() line:619

multicast announcement timer
-------------------------------------------
java.lang.Object.wait() line:-2
net.jini.discovery.LookupDiscovery$AnnouncementTimerThread.run() line:572

multicast discovery response listener
-------------------------------------------
java.net.PlainSocketImpl.socketAccept() line:-2
java.net.PlainSocketImpl.accept() line:384
java.net.ServerSocket.implAccept() line:453
java.net.ServerSocket.accept() line:421
net.jini.discovery.LookupDiscovery$ResponseListener.run() line:419

multicast discovery response listener
-------------------------------------------
java.net.PlainSocketImpl.socketAccept() line:-2
java.net.PlainSocketImpl.accept() line:384
java.net.ServerSocket.implAccept() line:453
java.net.ServerSocket.accept() line:421
net.jini.discovery.LookupDiscovery$ResponseListener.run() line:419

multicast discovery request
-------------------------------------------
java.lang.Thread.sleep() line:-2
net.jini.discovery.LookupDiscovery$Requestor.run() line:520

CampaignOptionCache Update Thread (5 mins)
-------------------------------------------
java.lang.Thread.sleep() line:-2
com.touchclarity.util.thread.Cyclist.run() line:31

multicast discovery request
-------------------------------------------
java.lang.Thread.sleep() line:-2
net.jini.discovery.LookupDiscovery$Requestor.run() line:520

Configuration change event notifier
-------------------------------------------
java.lang.Object.wait() line:-2
java.lang.Object.wait() line:485
EDU.oswego.cs.dl.util.concurrent.LinkedQueue.take() line:122
com.touchclarity.cms.common.EventsManager$Notifier.run() line:221

Dispatcher-Thread-87
-------------------------------------------
java.lang.Object.wait() line:-2
java.lang.Object.wait() line:485
org.apache.log4j.Dispatcher.run() line:293

CampaignOptionCache Update Thread (5 mins)
-------------------------------------------
java.lang.Thread.sleep() line:-2
com.touchclarity.util.thread.Cyclist.run() line:31

multicast discovery request
-------------------------------------------
java.lang.Thread.sleep() line:-2
net.jini.discovery.LookupDiscovery$Requestor.run() line:520

Attach Listener
-------------------------------------------

multicast discovery announcement listener
-------------------------------------------
java.net.PlainDatagramSocketImpl.receive0() line:-2
java.net.PlainDatagramSocketImpl.receive() line:136
java.net.DatagramSocket.receive() line:712
net.jini.discovery.LookupDiscovery$AnnouncementListener.run() line:310

CampaignOptionCache Update Thread (5 mins)
-------------------------------------------
java.lang.Thread.sleep() line:-2
com.touchclarity.util.thread.Cyclist.run() line:31

CampaignOptionCache Update Thread (5 mins)
-------------------------------------------
java.lang.Thread.sleep() line:-2
com.touchclarity.util.thread.Cyclist.run() line:31

Dispatcher-Thread-55
-------------------------------------------
java.lang.Object.wait() line:-2
java.lang.Object.wait() line:485
org.apache.log4j.Dispatcher.run() line:293

Thread-88
-------------------------------------------
java.lang.Object.wait() line:-2
com.sun.jini.thread.WakeupManager$Kicker.run() line:357
java.lang.Thread.run() line:619

Thread-24
-------------------------------------------
java.lang.Object.wait() line:-2
com.sun.jini.thread.WakeupManager$Kicker.run() line:357
java.lang.Thread.run() line:619

Dispatcher-Thread-71
-------------------------------------------
java.lang.Object.wait() line:-2
java.lang.Object.wait() line:485
org.apache.log4j.Dispatcher.run() line:293

multicast discovery announcement listener
-------------------------------------------
java.net.PlainDatagramSocketImpl.receive0() line:-2
java.net.PlainDatagramSocketImpl.receive() line:136
java.net.DatagramSocket.receive() line:712
net.jini.discovery.LookupDiscovery$AnnouncementListener.run() line:310

multicast announcement timer
-------------------------------------------
java.lang.Object.wait() line:-2
net.jini.discovery.LookupDiscovery$AnnouncementTimerThread.run() line:572

CampaignOptionCache Update Thread (5 mins)
-------------------------------------------
java.lang.Thread.sleep() line:-2
com.touchclarity.util.thread.Cyclist.run() line:31

CampaignOptionCache Update Thread (5 mins)
-------------------------------------------
java.lang.Thread.sleep() line:-2
com.touchclarity.util.thread.Cyclist.run() line:31

Configuration change event notifier
-------------------------------------------
java.lang.Object.wait() line:-2
java.lang.Object.wait() line:485
EDU.oswego.cs.dl.util.concurrent.LinkedQueue.take() line:122
com.touchclarity.cms.common.EventsManager$Notifier.run() line:221

multicast discovery response listener
-------------------------------------------
java.net.PlainSocketImpl.socketAccept() line:-2
java.net.PlainSocketImpl.accept() line:384
java.net.ServerSocket.implAccept() line:453
java.net.ServerSocket.accept() line:421
net.jini.discovery.LookupDiscovery$ResponseListener.run() line:419

CampaignOptionCache Update Thread (300 mins)
-------------------------------------------
java.lang.Thread.sleep() line:-2
com.touchclarity.util.thread.Cyclist.run() line:31

Thread-64
-------------------------------------------
java.lang.Object.wait() line:-2
com.sun.jini.thread.WakeupManager$Kicker.run() line:357
java.lang.Thread.run() line:619

Thread-56
-------------------------------------------
java.lang.Object.wait() line:-2
com.sun.jini.thread.WakeupManager$Kicker.run() line:357
java.lang.Thread.run() line:619

main
-------------------------------------------
java.lang.Thread.dumpThreads() line:-2
java.lang.Thread.getAllStackTraces() line:1477
com.touchclarity.datalogger.controller.Server2Test.printFinishedThreads() line:64
com.touchclarity.datalogger.controller.Server2Test.tearDown() line:60
junit.framework.TestCase.runBare() line:130
junit.framework.TestResult$1.protect() line:106
junit.framework.TestResult.runProtected() line:124
junit.framework.TestResult.run() line:109
junit.framework.TestCase.run() line:118
junit.framework.TestSuite.runTest() line:208
junit.framework.TestSuite.run() line:203
org.apache.tools.ant.taskdefs.optional.junit.JUnitTestRunner.run() line:297
org.apache.tools.ant.taskdefs.optional.junit.JUnitTestRunner.launch() line:672
org.apache.tools.ant.taskdefs.optional.junit.JUnitTestRunner.main() line:567

Thread-32
-------------------------------------------
java.lang.Object.wait() line:-2
com.sun.jini.thread.WakeupManager$Kicker.run() line:357
java.lang.Thread.run() line:619

multicast announcement timer
-------------------------------------------
java.lang.Object.wait() line:-2
net.jini.discovery.LookupDiscovery$AnnouncementTimerThread.run() line:572

CampaignOptionCache Update Thread (300 mins)
-------------------------------------------
java.lang.Thread.sleep() line:-2
com.touchclarity.util.thread.Cyclist.run() line:31

multicast discovery response listener
-------------------------------------------
java.net.PlainSocketImpl.socketAccept() line:-2
java.net.PlainSocketImpl.accept() line:384
java.net.ServerSocket.implAccept() line:453
java.net.ServerSocket.accept() line:421
net.jini.discovery.LookupDiscovery$ResponseListener.run() line:419

Failsafe-130
-------------------------------------------
sun.misc.Unsafe.park() line:-2
java.util.concurrent.locks.LockSupport.parkNanos() line:198
java.util.concurrent.locks.AbstractQueuedSynchronizer$ConditionObject.awaitNanos() line:1963
java.util.concurrent.ArrayBlockingQueue.poll() line:342
java.util.concurrent.ThreadPoolExecutor.getTask() line:944
java.util.concurrent.ThreadPoolExecutor$Worker.run() line:906
java.lang.Thread.run() line:619

Thread-40
-------------------------------------------
java.lang.Object.wait() line:-2
com.sun.jini.thread.WakeupManager$Kicker.run() line:357
java.lang.Thread.run() line:619

multicast discovery request
-------------------------------------------
java.lang.Thread.sleep() line:-2
net.jini.discovery.LookupDiscovery$Requestor.run() line:520

multicast discovery request
-------------------------------------------
java.lang.Thread.sleep() line:-2
net.jini.discovery.LookupDiscovery$Requestor.run() line:520

multicast discovery announcement listener
-------------------------------------------
java.net.PlainDatagramSocketImpl.receive0() line:-2
java.net.PlainDatagramSocketImpl.receive() line:136
java.net.DatagramSocket.receive() line:712
net.jini.discovery.LookupDiscovery$AnnouncementListener.run() line:310

Dispatcher-Thread-23
-------------------------------------------
java.lang.Object.wait() line:-2
java.lang.Object.wait() line:485
org.apache.log4j.Dispatcher.run() line:293

multicast discovery request
-------------------------------------------
java.lang.Thread.sleep() line:-2
net.jini.discovery.LookupDiscovery$Requestor.run() line:520

multicast discovery announcement listener
-------------------------------------------
java.net.PlainDatagramSocketImpl.receive0() line:-2
java.net.PlainDatagramSocketImpl.receive() line:136
java.net.DatagramSocket.receive() line:712
net.jini.discovery.LookupDiscovery$AnnouncementListener.run() line:310

Thread-72
-------------------------------------------
java.lang.Object.wait() line:-2
com.sun.jini.thread.WakeupManager$Kicker.run() line:357
java.lang.Thread.run() line:619

Signal Dispatcher
-------------------------------------------

]]></system-out>
  <system-err><![CDATA[WARN - No pending response queue threshold set (Config id = 646) - using default 10000
WARN - No pending response queue threshold set (Config id = 646) - using default 10000
WARN - Unable to load IP_LOOKUP_CONFIG_MONITORING_INTERVAL, the cms returned a Null, does the ConfigurationItem exsist?
WARN - [DL] Status request port: 1725
WARN - No pending response queue threshold set (Config id = 646) - using default 10000
WARN - No pending response queue threshold set (Config id = 646) - using default 10000
WARN - Unable to load IP_LOOKUP_CONFIG_MONITORING_INTERVAL, the cms returned a Null, does the ConfigurationItem exsist?
WARN - [DL] Status request port: 1751
WARN - No pending response queue threshold set (Config id = 646) - using default 10000
WARN - No pending response queue threshold set (Config id = 646) - using default 10000
WARN - Unable to load IP_LOOKUP_CONFIG_MONITORING_INTERVAL, the cms returned a Null, does the ConfigurationItem exsist?
WARN - [DL] Status request port: 1768
WARN - No pending response queue threshold set (Config id = 646) - using default 10000
WARN - No pending response queue threshold set (Config id = 646) - using default 10000
WARN - Unable to load IP_LOOKUP_CONFIG_MONITORING_INTERVAL, the cms returned a Null, does the ConfigurationItem exsist?
WARN - [DL] Status request port: 1783
ERROR - [VPM] Client for the site sit.1 has not configured EmbeddedIDMappings, so cannot attach visitor IDs to any stream. Profile will be lost.
log4j:WARN No appenders could be found for logger (BadRequestLogger).
log4j:WARN Please initialize the log4j system properly.
Exception in thread "LogRequest-32" java.lang.NullPointerException
	at com.touchclarity.datalogger.controller.SystemControllerImpl.sendEvents(SystemControllerImpl.java:179)
	at com.touchclarity.datalogger.processor.RequestProcessor.sendEvents(RequestProcessor.java:139)
	at com.touchclarity.datalogger.processor.AbstractRequestDispatcher.dispatchRequest(AbstractRequestDispatcher.java:335)
	at com.touchclarity.datalogger.processor.NBProcessor.run(NBProcessor.java:121)
	at java.util.concurrent.ThreadPoolExecutor$Worker.runTask(ThreadPoolExecutor.java:885)
	at java.util.concurrent.ThreadPoolExecutor$Worker.run(ThreadPoolExecutor.java:907)
	at java.lang.Thread.run(Thread.java:619)
ERROR - [VPM] Client for the site sit.1 has not configured EmbeddedIDMappings, so cannot attach visitor IDs to any stream. Profile will be lost.
Exception in thread "LogRequest-40" java.lang.NullPointerException
	at com.touchclarity.datalogger.controller.SystemControllerImpl.sendEvents(SystemControllerImpl.java:179)
	at com.touchclarity.datalogger.processor.RequestProcessor.sendEvents(RequestProcessor.java:139)
	at com.touchclarity.datalogger.processor.AbstractRequestDispatcher.dispatchRequest(AbstractRequestDispatcher.java:335)
	at com.touchclarity.datalogger.processor.NBProcessor.run(NBProcessor.java:121)
	at java.util.concurrent.ThreadPoolExecutor$Worker.runTask(ThreadPoolExecutor.java:885)
	at java.util.concurrent.ThreadPoolExecutor$Worker.run(ThreadPoolExecutor.java:907)
	at java.lang.Thread.run(Thread.java:619)
ERROR - Could not get the databaseID for visitor 00079f7d-1215-1d16-a9d2-a3c3e1b3669a the profile will not be saved.
ERROR - Could not get the databaseID for visitor 00079f7d-1217-7b10-a9d4-a3c3e1b3669a the profile will not be saved.
WARN - No pending response queue threshold set (Config id = 646) - using default 10000
WARN - No pending response queue threshold set (Config id = 646) - using default 10000
WARN - Unable to load IP_LOOKUP_CONFIG_MONITORING_INTERVAL, the cms returned a Null, does the ConfigurationItem exsist?
WARN - [DL] Status request port: 1806
ERROR - [VPM] Client for the site sit.1 has not configured EmbeddedIDMappings, so cannot attach visitor IDs to any stream. Profile will be lost.
Exception in thread "LogRequest-42" java.lang.NullPointerException
	at com.touchclarity.datalogger.controller.SystemControllerImpl.sendEvents(SystemControllerImpl.java:179)
	at com.touchclarity.datalogger.processor.RequestProcessor.sendEvents(RequestProcessor.java:139)
	at com.touchclarity.datalogger.processor.AbstractRequestDispatcher.dispatchRequest(AbstractRequestDispatcher.java:335)
	at com.touchclarity.datalogger.processor.NBProcessor.run(NBProcessor.java:121)
	at java.util.concurrent.ThreadPoolExecutor$Worker.runTask(ThreadPoolExecutor.java:885)
	at java.util.concurrent.ThreadPoolExecutor$Worker.run(ThreadPoolExecutor.java:907)
	at java.lang.Thread.run(Thread.java:619)
ERROR - [VPM] Client for the site sit.1 has not configured EmbeddedIDMappings, so cannot attach visitor IDs to any stream. Profile will be lost.
Exception in thread "LogRequest-51" java.lang.NullPointerException
	at com.touchclarity.datalogger.controller.SystemControllerImpl.sendEvents(SystemControllerImpl.java:179)
	at com.touchclarity.datalogger.processor.RequestProcessor.sendEvents(RequestProcessor.java:139)
	at com.touchclarity.datalogger.processor.AbstractRequestDispatcher.dispatchRequest(AbstractRequestDispatcher.java:335)
	at com.touchclarity.datalogger.processor.NBProcessor.run(NBProcessor.java:121)
	at java.util.concurrent.ThreadPoolExecutor$Worker.runTask(ThreadPoolExecutor.java:885)
	at java.util.concurrent.ThreadPoolExecutor$Worker.run(ThreadPoolExecutor.java:907)
	at java.lang.Thread.run(Thread.java:619)
ERROR - Could not get the databaseID for visitor 00079f7d-1226-c610-a9d8-a3c3e1b3669a the profile will not be saved.
ERROR - Could not get the databaseID for visitor 00079f7d-1224-551a-a9d6-a3c3e1b3669a the profile will not be saved.
WARN - No pending response queue threshold set (Config id = 646) - using default 10000
WARN - No pending response queue threshold set (Config id = 646) - using default 10000
WARN - Unable to load IP_LOOKUP_CONFIG_MONITORING_INTERVAL, the cms returned a Null, does the ConfigurationItem exsist?
WARN - [DL] Status request port: 1823
WARN - No pending response queue threshold set (Config id = 646) - using default 10000
WARN - No pending response queue threshold set (Config id = 646) - using default 10000
WARN - Unable to load IP_LOOKUP_CONFIG_MONITORING_INTERVAL, the cms returned a Null, does the ConfigurationItem exsist?
WARN - [DL] Status request port: 1840
ERROR - [VPM] Client for the site sit.1 has not configured EmbeddedIDMappings, so cannot attach visitor IDs to any stream. Profile will be lost.
Exception in thread "LogRequest-63" java.lang.NullPointerException
	at com.touchclarity.datalogger.controller.SystemControllerImpl.sendEvents(SystemControllerImpl.java:179)
	at com.touchclarity.datalogger.processor.RequestProcessor.sendEvents(RequestProcessor.java:139)
	at com.touchclarity.datalogger.processor.AbstractRequestDispatcher.dispatchRequest(AbstractRequestDispatcher.java:335)
	at com.touchclarity.datalogger.processor.NBProcessor.run(NBProcessor.java:121)
	at java.util.concurrent.ThreadPoolExecutor$Worker.runTask(ThreadPoolExecutor.java:885)
	at java.util.concurrent.ThreadPoolExecutor$Worker.run(ThreadPoolExecutor.java:907)
	at java.lang.Thread.run(Thread.java:619)
ERROR - Could not get the databaseID for visitor 00079f7d-1245-2218-a9da-a3c3e1b3669a the profile will not be saved.
WARN - No pending response queue threshold set (Config id = 646) - using default 10000
WARN - No pending response queue threshold set (Config id = 646) - using default 10000
WARN - Unable to load IP_LOOKUP_CONFIG_MONITORING_INTERVAL, the cms returned a Null, does the ConfigurationItem exsist?
WARN - [DL] Status request port: 1858
WARN - No pending response queue threshold set (Config id = 646) - using default 10000
WARN - No pending response queue threshold set (Config id = 646) - using default 10000
WARN - Unable to load IP_LOOKUP_CONFIG_MONITORING_INTERVAL, the cms returned a Null, does the ConfigurationItem exsist?
WARN - [DL] Status request port: 1874
WARN - No pending response queue threshold set (Config id = 646) - using default 10000
WARN - No pending response queue threshold set (Config id = 646) - using default 10000
WARN - Unable to load IP_LOOKUP_CONFIG_MONITORING_INTERVAL, the cms returned a Null, does the ConfigurationItem exsist?
WARN - [DL] Status request port: 1891
Exception in thread "Failsafe-103" java.lang.NullPointerException
	at com.touchclarity.datalogger.processor.RequestProcessor.getClientAddress(RequestProcessor.java:313)
	at com.touchclarity.datalogger.processor.RequestProcessor.isMonitoring(RequestProcessor.java:332)
	at com.touchclarity.datalogger.processor.AbstractRequestDispatcher.dispatchRequest(AbstractRequestDispatcher.java:334)
	at com.touchclarity.datalogger.processor.NBProcessor.run(NBProcessor.java:121)
	at java.util.concurrent.ThreadPoolExecutor$Worker.runTask(ThreadPoolExecutor.java:885)
	at java.util.concurrent.ThreadPoolExecutor$Worker.run(ThreadPoolExecutor.java:907)
	at java.lang.Thread.run(Thread.java:619)
Exception in thread "LogRequest-94" java.lang.NullPointerException
	at com.touchclarity.datalogger.processor.RequestProcessor.getClientAddress(RequestProcessor.java:313)
	at com.touchclarity.datalogger.processor.RequestProcessor.isMonitoring(RequestProcessor.java:332)
	at com.touchclarity.datalogger.processor.AbstractRequestDispatcher.dispatchRequest(AbstractRequestDispatcher.java:334)
	at com.touchclarity.datalogger.processor.NBProcessor.run(NBProcessor.java:121)
	at java.util.concurrent.ThreadPoolExecutor$Worker.runTask(ThreadPoolExecutor.java:885)
	at java.util.concurrent.ThreadPoolExecutor$Worker.run(ThreadPoolExecutor.java:907)
	at java.lang.Thread.run(Thread.java:619)
Exception in thread "LogRequest-100" java.lang.NullPointerException
	at com.touchclarity.datalogger.processor.RequestProcessor.getClientAddress(RequestProcessor.java:313)
	at com.touchclarity.datalogger.processor.RequestProcessor.isMonitoring(RequestProcessor.java:332)
	at com.touchclarity.datalogger.processor.AbstractRequestDispatcher.dispatchRequest(AbstractRequestDispatcher.java:334)
	at com.touchclarity.datalogger.processor.NBProcessor.run(NBProcessor.java:121)
	at java.util.concurrent.ThreadPoolExecutor$Worker.runTask(ThreadPoolExecutor.java:885)
	at java.util.concurrent.ThreadPoolExecutor$Worker.run(ThreadPoolExecutor.java:907)
	at java.lang.Thread.run(Thread.java:619)
Exception in thread "LogRequest-99" java.lang.NullPointerException
	at com.touchclarity.datalogger.processor.RequestProcessor.getClientAddress(RequestProcessor.java:313)
	at com.touchclarity.datalogger.processor.RequestProcessor.isMonitoring(RequestProcessor.java:332)
	at com.touchclarity.datalogger.processor.AbstractRequestDispatcher.dispatchRequest(AbstractRequestDispatcher.java:334)
	at com.touchclarity.datalogger.processor.NBProcessor.run(NBProcessor.java:121)
	at java.util.concurrent.ThreadPoolExecutor$Worker.runTask(ThreadPoolExecutor.java:885)
	at java.util.concurrent.ThreadPoolExecutor$Worker.run(ThreadPoolExecutor.java:907)
	at java.lang.Thread.run(Thread.java:619)
Exception in thread "Failsafe-106" java.lang.NullPointerException
	at com.touchclarity.datalogger.processor.RequestProcessor.getClientAddress(RequestProcessor.java:313)
	at com.touchclarity.datalogger.processor.RequestProcessor.isMonitoring(RequestProcessor.java:332)
	at com.touchclarity.datalogger.processor.AbstractRequestDispatcher.dispatchRequest(AbstractRequestDispatcher.java:334)
	at com.touchclarity.datalogger.processor.NBProcessor.run(NBProcessor.java:121)
	at java.util.concurrent.ThreadPoolExecutor$Worker.runTask(ThreadPoolExecutor.java:885)
	at java.util.concurrent.ThreadPoolExecutor$Worker.run(ThreadPoolExecutor.java:907)
	at java.lang.Thread.run(Thread.java:619)
Exception in thread "Failsafe-113" java.lang.NullPointerException
	at com.touchclarity.datalogger.processor.RequestProcessor.getClientAddress(RequestProcessor.java:313)
	at com.touchclarity.datalogger.processor.RequestProcessor.isMonitoring(RequestProcessor.java:332)
	at com.touchclarity.datalogger.processor.AbstractRequestDispatcher.dispatchRequest(AbstractRequestDispatcher.java:334)
	at com.touchclarity.datalogger.processor.NBProcessor.run(NBProcessor.java:121)
	at java.util.concurrent.ThreadPoolExecutor$Worker.runTask(ThreadPoolExecutor.java:885)
	at java.util.concurrent.ThreadPoolExecutor$Worker.run(ThreadPoolExecutor.java:907)
	at java.lang.Thread.run(Thread.java:619)
Exception in thread "Failsafe-108" java.lang.NullPointerException
	at com.touchclarity.datalogger.processor.RequestProcessor.getClientAddress(RequestProcessor.java:313)
	at com.touchclarity.datalogger.processor.RequestProcessor.isMonitoring(RequestProcessor.java:332)
	at com.touchclarity.datalogger.processor.AbstractRequestDispatcher.dispatchRequest(AbstractRequestDispatcher.java:334)
	at com.touchclarity.datalogger.processor.NBProcessor.run(NBProcessor.java:121)
	at java.util.concurrent.ThreadPoolExecutor$Worker.runTask(ThreadPoolExecutor.java:885)
	at java.util.concurrent.ThreadPoolExecutor$Worker.run(ThreadPoolExecutor.java:907)
	at java.lang.Thread.run(Thread.java:619)
Exception in thread "LogRequest-98" java.lang.NullPointerException
	at com.touchclarity.datalogger.processor.RequestProcessor.getClientAddress(RequestProcessor.java:313)
	at com.touchclarity.datalogger.processor.RequestProcessor.isMonitoring(RequestProcessor.java:332)
	at com.touchclarity.datalogger.processor.AbstractRequestDispatcher.dispatchRequest(AbstractRequestDispatcher.java:334)
	at com.touchclarity.datalogger.processor.NBProcessor.run(NBProcessor.java:121)
	at java.util.concurrent.ThreadPoolExecutor$Worker.runTask(ThreadPoolExecutor.java:885)
	at java.util.concurrent.ThreadPoolExecutor$Worker.run(ThreadPoolExecutor.java:907)
	at java.lang.Thread.run(Thread.java:619)
Exception in thread "LogRequest-101" java.lang.NullPointerException
	at com.touchclarity.datalogger.processor.RequestProcessor.getClientAddress(RequestProcessor.java:313)
	at com.touchclarity.datalogger.processor.RequestProcessor.isMonitoring(RequestProcessor.java:332)
	at com.touchclarity.datalogger.processor.AbstractRequestDispatcher.dispatchRequest(AbstractRequestDispatcher.java:334)
	at com.touchclarity.datalogger.processor.NBProcessor.run(NBProcessor.java:121)
	at java.util.concurrent.ThreadPoolExecutor$Worker.runTask(ThreadPoolExecutor.java:885)
	at java.util.concurrent.ThreadPoolExecutor$Worker.run(ThreadPoolExecutor.java:907)
	at java.lang.Thread.run(Thread.java:619)
Exception in thread "LogRequest-93" java.lang.NullPointerException
	at com.touchclarity.datalogger.processor.RequestProcessor.getClientAddress(RequestProcessor.java:313)
	at com.touchclarity.datalogger.processor.RequestProcessor.isMonitoring(RequestProcessor.java:332)
	at com.touchclarity.datalogger.processor.AbstractRequestDispatcher.dispatchRequest(AbstractRequestDispatcher.java:334)
	at com.touchclarity.datalogger.processor.NBProcessor.run(NBProcessor.java:121)
	at java.util.concurrent.ThreadPoolExecutor$Worker.runTask(ThreadPoolExecutor.java:885)
	at java.util.concurrent.ThreadPoolExecutor$Worker.run(ThreadPoolExecutor.java:907)
	at java.lang.Thread.run(Thread.java:619)
Exception in thread "LogRequest-115" java.lang.NullPointerException
	at com.touchclarity.datalogger.processor.RequestProcessor.getClientAddress(RequestProcessor.java:313)
	at com.touchclarity.datalogger.processor.RequestProcessor.isMonitoring(RequestProcessor.java:332)
	at com.touchclarity.datalogger.processor.AbstractRequestDispatcher.dispatchRequest(AbstractRequestDispatcher.java:334)
	at com.touchclarity.datalogger.processor.NBProcessor.run(NBProcessor.java:121)
	at java.util.concurrent.ThreadPoolExecutor$Worker.runTask(ThreadPoolExecutor.java:885)
	at java.util.concurrent.ThreadPoolExecutor$Worker.run(ThreadPoolExecutor.java:907)
	at java.lang.Thread.run(Thread.java:619)
Exception in thread "LogRequest-97" java.lang.NullPointerException
	at com.touchclarity.datalogger.processor.RequestProcessor.getClientAddress(RequestProcessor.java:313)
	at com.touchclarity.datalogger.processor.RequestProcessor.isMonitoring(RequestProcessor.java:332)
	at com.touchclarity.datalogger.processor.AbstractRequestDispatcher.dispatchRequest(AbstractRequestDispatcher.java:334)
	at com.touchclarity.datalogger.processor.NBProcessor.run(NBProcessor.java:121)
	at java.util.concurrent.ThreadPoolExecutor$Worker.runTask(ThreadPoolExecutor.java:885)
	at java.util.concurrent.ThreadPoolExecutor$Worker.run(ThreadPoolExecutor.java:907)
	at java.lang.Thread.run(Thread.java:619)
Exception in thread "LogRequest-95" java.lang.NullPointerException
	at com.touchclarity.datalogger.processor.RequestProcessor.getClientAddress(RequestProcessor.java:313)
	at com.touchclarity.datalogger.processor.RequestProcessor.isMonitoring(RequestProcessor.java:332)
	at com.touchclarity.datalogger.processor.AbstractRequestDispatcher.dispatchRequest(AbstractRequestDispatcher.java:334)
	at com.touchclarity.datalogger.processor.NBProcessor.run(NBProcessor.java:121)
	at java.util.concurrent.ThreadPoolExecutor$Worker.runTask(ThreadPoolExecutor.java:885)
	at java.util.concurrent.ThreadPoolExecutor$Worker.run(ThreadPoolExecutor.java:907)
	at java.lang.Thread.run(Thread.java:619)
Exception in thread "Failsafe-102" java.lang.NullPointerException
	at com.touchclarity.datalogger.processor.RequestProcessor.getClientAddress(RequestProcessor.java:313)
	at com.touchclarity.datalogger.processor.RequestProcessor.isMonitoring(RequestProcessor.java:332)
	at com.touchclarity.datalogger.processor.AbstractRequestDispatcher.dispatchRequest(AbstractRequestDispatcher.java:334)
	at com.touchclarity.datalogger.processor.NBProcessor.run(NBProcessor.java:121)
	at java.util.concurrent.ThreadPoolExecutor$Worker.runTask(ThreadPoolExecutor.java:885)
	at java.util.concurrent.ThreadPoolExecutor$Worker.run(ThreadPoolExecutor.java:907)
	at java.lang.Thread.run(Thread.java:619)
Exception in thread "LogRequest-116" java.lang.NullPointerException
	at com.touchclarity.datalogger.processor.RequestProcessor.getClientAddress(RequestProcessor.java:313)
	at com.touchclarity.datalogger.processor.RequestProcessor.isMonitoring(RequestProcessor.java:332)
	at com.touchclarity.datalogger.processor.AbstractRequestDispatcher.dispatchRequest(AbstractRequestDispatcher.java:334)
	at com.touchclarity.datalogger.processor.NBProcessor.run(NBProcessor.java:121)
	at java.util.concurrent.ThreadPoolExecutor$Worker.runTask(ThreadPoolExecutor.java:885)
	at java.util.concurrent.ThreadPoolExecutor$Worker.run(ThreadPoolExecutor.java:907)
	at java.lang.Thread.run(Thread.java:619)
Exception in thread "Failsafe-105" java.lang.NullPointerException
	at com.touchclarity.datalogger.processor.RequestProcessor.getClientAddress(RequestProcessor.java:313)
	at com.touchclarity.datalogger.processor.RequestProcessor.isMonitoring(RequestProcessor.java:332)
	at com.touchclarity.datalogger.processor.AbstractRequestDispatcher.dispatchRequest(AbstractRequestDispatcher.java:334)
	at com.touchclarity.datalogger.processor.NBProcessor.run(NBProcessor.java:121)
	at java.util.concurrent.ThreadPoolExecutor$Worker.runTask(ThreadPoolExecutor.java:885)
	at java.util.concurrent.ThreadPoolExecutor$Worker.run(ThreadPoolExecutor.java:907)
	at java.lang.Thread.run(Thread.java:619)
Exception in thread "LogRequest-96" java.lang.NullPointerException
	at com.touchclarity.datalogger.processor.RequestProcessor.getClientAddress(RequestProcessor.java:313)
	at com.touchclarity.datalogger.processor.RequestProcessor.isMonitoring(RequestProcessor.java:332)
	at com.touchclarity.datalogger.processor.AbstractRequestDispatcher.dispatchRequest(AbstractRequestDispatcher.java:334)
	at com.touchclarity.datalogger.processor.NBProcessor.run(NBProcessor.java:121)
	at java.util.concurrent.ThreadPoolExecutor$Worker.runTask(ThreadPoolExecutor.java:885)
	at java.util.concurrent.ThreadPoolExecutor$Worker.run(ThreadPoolExecutor.java:907)
	at java.lang.Thread.run(Thread.java:619)
Exception in thread "Failsafe-104" java.lang.NullPointerException
	at com.touchclarity.datalogger.processor.RequestProcessor.getClientAddress(RequestProcessor.java:313)
	at com.touchclarity.datalogger.processor.RequestProcessor.isMonitoring(RequestProcessor.java:332)
	at com.touchclarity.datalogger.processor.AbstractRequestDispatcher.dispatchRequest(AbstractRequestDispatcher.java:334)
	at com.touchclarity.datalogger.processor.NBProcessor.run(NBProcessor.java:121)
	at java.util.concurrent.ThreadPoolExecutor$Worker.runTask(ThreadPoolExecutor.java:885)
	at java.util.concurrent.ThreadPoolExecutor$Worker.run(ThreadPoolExecutor.java:907)
	at java.lang.Thread.run(Thread.java:619)
Exception in thread "LogRequest-111" java.lang.NullPointerException
	at com.touchclarity.datalogger.processor.RequestProcessor.getClientAddress(RequestProcessor.java:313)
	at com.touchclarity.datalogger.processor.RequestProcessor.isMonitoring(RequestProcessor.java:332)
	at com.touchclarity.datalogger.processor.AbstractRequestDispatcher.dispatchRequest(AbstractRequestDispatcher.java:334)
	at com.touchclarity.datalogger.processor.NBProcessor.run(NBProcessor.java:121)
	at java.util.concurrent.ThreadPoolExecutor$Worker.runTask(ThreadPoolExecutor.java:885)
	at java.util.concurrent.ThreadPoolExecutor$Worker.run(ThreadPoolExecutor.java:907)
	at java.lang.Thread.run(Thread.java:619)
Exception in thread "LogRequest-117" java.lang.NullPointerException
	at com.touchclarity.datalogger.processor.RequestProcessor.getClientAddress(RequestProcessor.java:313)
	at com.touchclarity.datalogger.processor.RequestProcessor.isMonitoring(RequestProcessor.java:332)
	at com.touchclarity.datalogger.processor.AbstractRequestDispatcher.dispatchRequest(AbstractRequestDispatcher.java:334)
	at com.touchclarity.datalogger.processor.NBProcessor.run(NBProcessor.java:121)
	at java.util.concurrent.ThreadPoolExecutor$Worker.runTask(ThreadPoolExecutor.java:885)
	at java.util.concurrent.ThreadPoolExecutor$Worker.run(ThreadPoolExecutor.java:907)
	at java.lang.Thread.run(Thread.java:619)
Exception in thread "LogRequest-109" java.lang.NullPointerException
	at com.touchclarity.datalogger.processor.RequestProcessor.getClientAddress(RequestProcessor.java:313)
	at com.touchclarity.datalogger.processor.RequestProcessor.isMonitoring(RequestProcessor.java:332)
	at com.touchclarity.datalogger.processor.AbstractRequestDispatcher.dispatchRequest(AbstractRequestDispatcher.java:334)
	at com.touchclarity.datalogger.processor.NBProcessor.run(NBProcessor.java:121)
	at java.util.concurrent.ThreadPoolExecutor$Worker.runTask(ThreadPoolExecutor.java:885)
	at java.util.concurrent.ThreadPoolExecutor$Worker.run(ThreadPoolExecutor.java:907)
	at java.lang.Thread.run(Thread.java:619)
Exception in thread "Failsafe-107" java.lang.NullPointerException
	at com.touchclarity.datalogger.processor.RequestProcessor.getClientAddress(RequestProcessor.java:313)
	at com.touchclarity.datalogger.processor.RequestProcessor.isMonitoring(RequestProcessor.java:332)
	at com.touchclarity.datalogger.processor.AbstractRequestDispatcher.dispatchRequest(AbstractRequestDispatcher.java:334)
	at com.touchclarity.datalogger.processor.NBProcessor.run(NBProcessor.java:121)
	at java.util.concurrent.ThreadPoolExecutor$Worker.runTask(ThreadPoolExecutor.java:885)
	at java.util.concurrent.ThreadPoolExecutor$Worker.run(ThreadPoolExecutor.java:907)
	at java.lang.Thread.run(Thread.java:619)
Exception in thread "LogRequest-120" java.lang.NullPointerException
	at com.touchclarity.datalogger.processor.RequestProcessor.getClientAddress(RequestProcessor.java:313)
	at com.touchclarity.datalogger.processor.RequestProcessor.isMonitoring(RequestProcessor.java:332)
	at com.touchclarity.datalogger.processor.AbstractRequestDispatcher.dispatchRequest(AbstractRequestDispatcher.java:334)
	at com.touchclarity.datalogger.processor.NBProcessor.run(NBProcessor.java:121)
	at java.util.concurrent.ThreadPoolExecutor$Worker.runTask(ThreadPoolExecutor.java:885)
	at java.util.concurrent.ThreadPoolExecutor$Worker.run(ThreadPoolExecutor.java:907)
	at java.lang.Thread.run(Thread.java:619)
Exception in thread "LogRequest-121" java.lang.NullPointerException
	at com.touchclarity.datalogger.processor.RequestProcessor.getClientAddress(RequestProcessor.java:313)
	at com.touchclarity.datalogger.processor.RequestProcessor.isMonitoring(RequestProcessor.java:332)
	at com.touchclarity.datalogger.processor.AbstractRequestDispatcher.dispatchRequest(AbstractRequestDispatcher.java:334)
	at com.touchclarity.datalogger.processor.NBProcessor.run(NBProcessor.java:121)
	at java.util.concurrent.ThreadPoolExecutor$Worker.runTask(ThreadPoolExecutor.java:885)
	at java.util.concurrent.ThreadPoolExecutor$Worker.run(ThreadPoolExecutor.java:907)
	at java.lang.Thread.run(Thread.java:619)
Exception in thread "LogRequest-114" java.lang.NullPointerException
	at com.touchclarity.datalogger.processor.RequestProcessor.getClientAddress(RequestProcessor.java:313)
	at com.touchclarity.datalogger.processor.RequestProcessor.isMonitoring(RequestProcessor.java:332)
	at com.touchclarity.datalogger.processor.AbstractRequestDispatcher.dispatchRequest(AbstractRequestDispatcher.java:334)
	at com.touchclarity.datalogger.processor.NBProcessor.run(NBProcessor.java:121)
	at java.util.concurrent.ThreadPoolExecutor$Worker.runTask(ThreadPoolExecutor.java:885)
	at java.util.concurrent.ThreadPoolExecutor$Worker.run(ThreadPoolExecutor.java:907)
	at java.lang.Thread.run(Thread.java:619)
Exception in thread "LogRequest-118" java.lang.NullPointerException
	at com.touchclarity.datalogger.processor.RequestProcessor.getClientAddress(RequestProcessor.java:313)
	at com.touchclarity.datalogger.processor.RequestProcessor.isMonitoring(RequestProcessor.java:332)
	at com.touchclarity.datalogger.processor.AbstractRequestDispatcher.dispatchRequest(AbstractRequestDispatcher.java:334)
	at com.touchclarity.datalogger.processor.NBProcessor.run(NBProcessor.java:121)
	at java.util.concurrent.ThreadPoolExecutor$Worker.runTask(ThreadPoolExecutor.java:885)
	at java.util.concurrent.ThreadPoolExecutor$Worker.run(ThreadPoolExecutor.java:907)
	at java.lang.Thread.run(Thread.java:619)
Exception in thread "LogRequest-110" java.lang.NullPointerException
	at com.touchclarity.datalogger.processor.RequestProcessor.getClientAddress(RequestProcessor.java:313)
	at com.touchclarity.datalogger.processor.RequestProcessor.isMonitoring(RequestProcessor.java:332)
	at com.touchclarity.datalogger.processor.AbstractRequestDispatcher.dispatchRequest(AbstractRequestDispatcher.java:334)
	at com.touchclarity.datalogger.processor.NBProcessor.run(NBProcessor.java:121)
	at java.util.concurrent.ThreadPoolExecutor$Worker.runTask(ThreadPoolExecutor.java:885)
	at java.util.concurrent.ThreadPoolExecutor$Worker.run(ThreadPoolExecutor.java:907)
	at java.lang.Thread.run(Thread.java:619)
Exception in thread "LogRequest-119" java.lang.NullPointerException
	at com.touchclarity.datalogger.processor.RequestProcessor.getClientAddress(RequestProcessor.java:313)
	at com.touchclarity.datalogger.processor.RequestProcessor.isMonitoring(RequestProcessor.java:332)
	at com.touchclarity.datalogger.processor.AbstractRequestDispatcher.dispatchRequest(AbstractRequestDispatcher.java:334)
	at com.touchclarity.datalogger.processor.NBProcessor.run(NBProcessor.java:121)
	at java.util.concurrent.ThreadPoolExecutor$Worker.runTask(ThreadPoolExecutor.java:885)
	at java.util.concurrent.ThreadPoolExecutor$Worker.run(ThreadPoolExecutor.java:907)
	at java.lang.Thread.run(Thread.java:619)
Exception in thread "LogRequest-132" java.lang.NullPointerException
	at com.touchclarity.datalogger.processor.RequestProcessor.getClientAddress(RequestProcessor.java:313)
	at com.touchclarity.datalogger.processor.RequestProcessor.isMonitoring(RequestProcessor.java:332)
	at com.touchclarity.datalogger.processor.AbstractRequestDispatcher.dispatchRequest(AbstractRequestDispatcher.java:334)
	at com.touchclarity.datalogger.processor.NBProcessor.run(NBProcessor.java:121)
	at java.util.concurrent.ThreadPoolExecutor$Worker.runTask(ThreadPoolExecutor.java:885)
	at java.util.concurrent.ThreadPoolExecutor$Worker.run(ThreadPoolExecutor.java:907)
	at java.lang.Thread.run(Thread.java:619)
Exception in thread "Failsafe-131" java.lang.NullPointerException
	at com.touchclarity.datalogger.processor.RequestProcessor.getClientAddress(RequestProcessor.java:313)
	at com.touchclarity.datalogger.processor.RequestProcessor.isMonitoring(RequestProcessor.java:332)
	at com.touchclarity.datalogger.processor.AbstractRequestDispatcher.dispatchRequest(AbstractRequestDispatcher.java:334)
	at com.touchclarity.datalogger.processor.NBProcessor.run(NBProcessor.java:121)
	at java.util.concurrent.ThreadPoolExecutor$Worker.runTask(ThreadPoolExecutor.java:885)
	at java.util.concurrent.ThreadPoolExecutor$Worker.run(ThreadPoolExecutor.java:907)
	at java.lang.Thread.run(Thread.java:619)
Exception in thread "Failsafe-123" java.lang.NullPointerException
	at com.touchclarity.datalogger.processor.RequestProcessor.getClientAddress(RequestProcessor.java:313)
	at com.touchclarity.datalogger.processor.RequestProcessor.isMonitoring(RequestProcessor.java:332)
	at com.touchclarity.datalogger.processor.AbstractRequestDispatcher.dispatchRequest(AbstractRequestDispatcher.java:334)
	at com.touchclarity.datalogger.processor.NBProcessor.run(NBProcessor.java:121)
	at java.util.concurrent.ThreadPoolExecutor$Worker.runTask(ThreadPoolExecutor.java:885)
	at java.util.concurrent.ThreadPoolExecutor$Worker.run(ThreadPoolExecutor.java:907)
	at java.lang.Thread.run(Thread.java:619)
Exception in thread "LogRequest-125" java.lang.NullPointerException
	at com.touchclarity.datalogger.processor.RequestProcessor.getClientAddress(RequestProcessor.java:313)
	at com.touchclarity.datalogger.processor.RequestProcessor.isMonitoring(RequestProcessor.java:332)
	at com.touchclarity.datalogger.processor.AbstractRequestDispatcher.dispatchRequest(AbstractRequestDispatcher.java:334)
	at com.touchclarity.datalogger.processor.NBProcessor.run(NBProcessor.java:121)
	at java.util.concurrent.ThreadPoolExecutor$Worker.runTask(ThreadPoolExecutor.java:885)
	at java.util.concurrent.ThreadPoolExecutor$Worker.run(ThreadPoolExecutor.java:907)
	at java.lang.Thread.run(Thread.java:619)
Exception in thread "LogRequest-124" java.lang.NullPointerException
	at com.touchclarity.datalogger.processor.RequestProcessor.getClientAddress(RequestProcessor.java:313)
	at com.touchclarity.datalogger.processor.RequestProcessor.isMonitoring(RequestProcessor.java:332)
	at com.touchclarity.datalogger.processor.AbstractRequestDispatcher.dispatchRequest(AbstractRequestDispatcher.java:334)
	at com.touchclarity.datalogger.processor.NBProcessor.run(NBProcessor.java:121)
	at java.util.concurrent.ThreadPoolExecutor$Worker.runTask(ThreadPoolExecutor.java:885)
	at java.util.concurrent.ThreadPoolExecutor$Worker.run(ThreadPoolExecutor.java:907)
	at java.lang.Thread.run(Thread.java:619)
Exception in thread "Failsafe-129" java.lang.NullPointerException
	at com.touchclarity.datalogger.processor.RequestProcessor.getClientAddress(RequestProcessor.java:313)
	at com.touchclarity.datalogger.processor.RequestProcessor.isMonitoring(RequestProcessor.java:332)
	at com.touchclarity.datalogger.processor.AbstractRequestDispatcher.dispatchRequest(AbstractRequestDispatcher.java:334)
	at com.touchclarity.datalogger.processor.NBProcessor.run(NBProcessor.java:121)
	at java.util.concurrent.ThreadPoolExecutor$Worker.runTask(ThreadPoolExecutor.java:885)
	at java.util.concurrent.ThreadPoolExecutor$Worker.run(ThreadPoolExecutor.java:907)
	at java.lang.Thread.run(Thread.java:619)
Exception in thread "Failsafe-128" java.lang.NullPointerException
	at com.touchclarity.datalogger.processor.RequestProcessor.getClientAddress(RequestProcessor.java:313)
	at com.touchclarity.datalogger.processor.RequestProcessor.isMonitoring(RequestProcessor.java:332)
	at com.touchclarity.datalogger.processor.AbstractRequestDispatcher.dispatchRequest(AbstractRequestDispatcher.java:334)
	at com.touchclarity.datalogger.processor.NBProcessor.run(NBProcessor.java:121)
	at java.util.concurrent.ThreadPoolExecutor$Worker.runTask(ThreadPoolExecutor.java:885)
	at java.util.concurrent.ThreadPoolExecutor$Worker.run(ThreadPoolExecutor.java:907)
	at java.lang.Thread.run(Thread.java:619)
Exception in thread "LogRequest-127" java.lang.NullPointerException
	at com.touchclarity.datalogger.processor.RequestProcessor.getClientAddress(RequestProcessor.java:313)
	at com.touchclarity.datalogger.processor.RequestProcessor.isMonitoring(RequestProcessor.java:332)
	at com.touchclarity.datalogger.processor.AbstractRequestDispatcher.dispatchRequest(AbstractRequestDispatcher.java:334)
	at com.touchclarity.datalogger.processor.NBProcessor.run(NBProcessor.java:121)
	at java.util.concurrent.ThreadPoolExecutor$Worker.runTask(ThreadPoolExecutor.java:885)
	at java.util.concurrent.ThreadPoolExecutor$Worker.run(ThreadPoolExecutor.java:907)
	at java.lang.Thread.run(Thread.java:619)
Exception in thread "LogRequest-143" java.lang.NullPointerException
	at com.touchclarity.datalogger.processor.RequestProcessor.getClientAddress(RequestProcessor.java:313)
	at com.touchclarity.datalogger.processor.RequestProcessor.isMonitoring(RequestProcessor.java:332)
	at com.touchclarity.datalogger.processor.AbstractRequestDispatcher.dispatchRequest(AbstractRequestDispatcher.java:334)
	at com.touchclarity.datalogger.processor.NBProcessor.run(NBProcessor.java:121)
	at java.util.concurrent.ThreadPoolExecutor$Worker.runTask(ThreadPoolExecutor.java:885)
	at java.util.concurrent.ThreadPoolExecutor$Worker.run(ThreadPoolExecutor.java:907)
	at java.lang.Thread.run(Thread.java:619)
Exception in thread "LogRequest-134" java.lang.NullPointerException
	at com.touchclarity.datalogger.processor.RequestProcessor.getClientAddress(RequestProcessor.java:313)
	at com.touchclarity.datalogger.processor.RequestProcessor.isMonitoring(RequestProcessor.java:332)
	at com.touchclarity.datalogger.processor.AbstractRequestDispatcher.dispatchRequest(AbstractRequestDispatcher.java:334)
	at com.touchclarity.datalogger.processor.NBProcessor.run(NBProcessor.java:121)
	at java.util.concurrent.ThreadPoolExecutor$Worker.runTask(ThreadPoolExecutor.java:885)
	at java.util.concurrent.ThreadPoolExecutor$Worker.run(ThreadPoolExecutor.java:907)
	at java.lang.Thread.run(Thread.java:619)
Exception in thread "Failsafe-142" java.lang.NullPointerException
	at com.touchclarity.datalogger.processor.RequestProcessor.getClientAddress(RequestProcessor.java:313)
	at com.touchclarity.datalogger.processor.RequestProcessor.isMonitoring(RequestProcessor.java:332)
	at com.touchclarity.datalogger.processor.AbstractRequestDispatcher.dispatchRequest(AbstractRequestDispatcher.java:334)
	at com.touchclarity.datalogger.processor.NBProcessor.run(NBProcessor.java:121)
	at java.util.concurrent.ThreadPoolExecutor$Worker.runTask(ThreadPoolExecutor.java:885)
	at java.util.concurrent.ThreadPoolExecutor$Worker.run(ThreadPoolExecutor.java:907)
	at java.lang.Thread.run(Thread.java:619)
Exception in thread "Failsafe-138" java.lang.NullPointerException
	at com.touchclarity.datalogger.processor.RequestProcessor.getClientAddress(RequestProcessor.java:313)
	at com.touchclarity.datalogger.processor.RequestProcessor.isMonitoring(RequestProcessor.java:332)
	at com.touchclarity.datalogger.processor.AbstractRequestDispatcher.dispatchRequest(AbstractRequestDispatcher.java:334)
	at com.touchclarity.datalogger.processor.NBProcessor.run(NBProcessor.java:121)
	at java.util.concurrent.ThreadPoolExecutor$Worker.runTask(ThreadPoolExecutor.java:885)
	at java.util.concurrent.ThreadPoolExecutor$Worker.run(ThreadPoolExecutor.java:907)
	at java.lang.Thread.run(Thread.java:619)
Exception in thread "Failsafe-140" java.lang.NullPointerException
	at com.touchclarity.datalogger.processor.RequestProcessor.getClientAddress(RequestProcessor.java:313)
	at com.touchclarity.datalogger.processor.RequestProcessor.isMonitoring(RequestProcessor.java:332)
	at com.touchclarity.datalogger.processor.AbstractRequestDispatcher.dispatchRequest(AbstractRequestDispatcher.java:334)
	at com.touchclarity.datalogger.processor.NBProcessor.run(NBProcessor.java:121)
	at java.util.concurrent.ThreadPoolExecutor$Worker.runTask(ThreadPoolExecutor.java:885)
	at java.util.concurrent.ThreadPoolExecutor$Worker.run(ThreadPoolExecutor.java:907)
	at java.lang.Thread.run(Thread.java:619)
Exception in thread "LogRequest-145" Exception in thread "Failsafe-139" java.lang.NullPointerException
	at com.touchclarity.datalogger.processor.RequestProcessor.getClientAddress(RequestProcessor.java:313)
	at com.touchclarity.datalogger.processor.RequestProcessor.isMonitoring(RequestProcessor.java:332)
	at com.touchclarity.datalogger.processor.AbstractRequestDispatcher.dispatchRequest(AbstractRequestDispatcher.java:334)
	at com.touchclarity.datalogger.processor.NBProcessor.run(NBProcessor.java:121)
	at java.util.concurrent.ThreadPoolExecutor$Worker.runTask(ThreadPoolExecutor.java:885)
	at java.util.concurrent.ThreadPoolExecutor$Worker.run(ThreadPoolExecutor.java:907)
	at java.lang.Thread.run(Thread.java:619)
java.lang.NullPointerException
	at com.touchclarity.datalogger.processor.RequestProcessor.getClientAddress(RequestProcessor.java:313)
	at com.touchclarity.datalogger.processor.RequestProcessor.isMonitoring(RequestProcessor.java:332)
	at com.touchclarity.datalogger.processor.AbstractRequestDispatcher.dispatchRequest(AbstractRequestDispatcher.java:334)
	at com.touchclarity.datalogger.processor.NBProcessor.run(NBProcessor.java:121)
	at java.util.concurrent.ThreadPoolExecutor$Worker.runTask(ThreadPoolExecutor.java:885)
	at java.util.concurrent.ThreadPoolExecutor$Worker.run(ThreadPoolExecutor.java:907)
	at java.lang.Thread.run(Thread.java:619)
Exception in thread "LogRequest-92" java.lang.NullPointerException
	at com.touchclarity.datalogger.processor.RequestProcessor.getClientAddress(RequestProcessor.java:313)
	at com.touchclarity.datalogger.processor.RequestProcessor.isMonitoring(RequestProcessor.java:332)
	at com.touchclarity.datalogger.processor.AbstractRequestDispatcher.dispatchRequest(AbstractRequestDispatcher.java:334)
	at com.touchclarity.datalogger.processor.NBProcessor.run(NBProcessor.java:121)
	at java.util.concurrent.ThreadPoolExecutor$Worker.runTask(ThreadPoolExecutor.java:885)
	at java.util.concurrent.ThreadPoolExecutor$Worker.run(ThreadPoolExecutor.java:907)
	at java.lang.Thread.run(Thread.java:619)
]]></system-err>
</testsuite>
